Compiling query plan for /home/aadityanaik/relational-representation/python_codeql/python-edb-queries/edb-queries/py_expr_contexts.ql.
[1/40] Compiled /home/aadityanaik/relational-representation/python_codeql/python-edb-queries/edb-queries/py_expr_contexts.ql (597ms).
Compiling query plan for /home/aadityanaik/relational-representation/python_codeql/python-edb-queries/edb-queries/py_Classes.ql.
Compiling query plan for /home/aadityanaik/relational-representation/python_codeql/python-edb-queries/edb-queries/py_cmpops.ql.
[2/40] Compiled /home/aadityanaik/relational-representation/python_codeql/python-edb-queries/edb-queries/py_Classes.ql (254ms).
[3/40] Compiled /home/aadityanaik/relational-representation/python_codeql/python-edb-queries/edb-queries/py_cmpops.ql (255ms).
Compiling query plan for /home/aadityanaik/relational-representation/python_codeql/python-edb-queries/edb-queries/py_ssa_defn.ql.
Compiling query plan for /home/aadityanaik/relational-representation/python_codeql/python-edb-queries/edb-queries/py_stmt_lists.ql.
Compiling query plan for /home/aadityanaik/relational-representation/python_codeql/python-edb-queries/edb-queries/py_true_successors.ql.
Compiling query plan for /home/aadityanaik/relational-representation/python_codeql/python-edb-queries/edb-queries/py_comprehensions.ql.
[4/40] Compiled /home/aadityanaik/relational-representation/python_codeql/python-edb-queries/edb-queries/py_stmt_lists.ql (218ms).
[5/40] Compiled /home/aadityanaik/relational-representation/python_codeql/python-edb-queries/edb-queries/py_comprehensions.ql (208ms).
Compiling query plan for /home/aadityanaik/relational-representation/python_codeql/python-edb-queries/edb-queries/locations_ast.ql.
Compiling query plan for /home/aadityanaik/relational-representation/python_codeql/python-edb-queries/edb-queries/py_false_successors.ql.
Compiling query plan for /home/aadityanaik/relational-representation/python_codeql/python-edb-queries/edb-queries/py_idoms.ql.
Compiling query plan for /home/aadityanaik/relational-representation/python_codeql/python-edb-queries/edb-queries/py_locations.ql.
[6/40] Compiled /home/aadityanaik/relational-representation/python_codeql/python-edb-queries/edb-queries/py_ssa_defn.ql (293ms).
Compiling query plan for /home/aadityanaik/relational-representation/python_codeql/python-edb-queries/edb-queries/py_expr_lists.ql.
Compiling query plan for /home/aadityanaik/relational-representation/python_codeql/python-edb-queries/edb-queries/py_parameter_lists.ql.
[7/40] Compiled /home/aadityanaik/relational-representation/python_codeql/python-edb-queries/edb-queries/py_true_successors.ql (342ms).
Compiling query plan for /home/aadityanaik/relational-representation/python_codeql/python-edb-queries/edb-queries/py_boolops.ql.
Compiling query plan for /home/aadityanaik/relational-representation/python_codeql/python-edb-queries/edb-queries/py_scopes.ql.
[8/40] Compiled /home/aadityanaik/relational-representation/python_codeql/python-edb-queries/edb-queries/locations_ast.ql (238ms).
Compiling query plan for /home/aadityanaik/relational-representation/python_codeql/python-edb-queries/edb-queries/py_ssa_use.ql.
[9/40] Compiled /home/aadityanaik/relational-representation/python_codeql/python-edb-queries/edb-queries/py_expr_lists.ql (209ms).
Compiling query plan for /home/aadityanaik/relational-representation/python_codeql/python-edb-queries/edb-queries/py_scope_flow.ql.
[10/40] Compiled /home/aadityanaik/relational-representation/python_codeql/python-edb-queries/edb-queries/py_false_successors.ql (301ms).
[11/40] Compiled /home/aadityanaik/relational-representation/python_codeql/python-edb-queries/edb-queries/py_idoms.ql (316ms).
[12/40] Compiled /home/aadityanaik/relational-representation/python_codeql/python-edb-queries/edb-queries/py_locations.ql (333ms).
Compiling query plan for /home/aadityanaik/relational-representation/python_codeql/python-edb-queries/edb-queries/variable.ql.
Compiling query plan for /home/aadityanaik/relational-representation/python_codeql/python-edb-queries/edb-queries/py_exception_successors.ql.
Compiling query plan for /home/aadityanaik/relational-representation/python_codeql/python-edb-queries/edb-queries/py_numbers.ql.
[13/40] Compiled /home/aadityanaik/relational-representation/python_codeql/python-edb-queries/edb-queries/py_parameter_lists.ql (275ms).
Compiling query plan for /home/aadityanaik/relational-representation/python_codeql/python-edb-queries/edb-queries/py_Functions.ql.
[14/40] Compiled /home/aadityanaik/relational-representation/python_codeql/python-edb-queries/edb-queries/py_boolops.ql (224ms).
[15/40] Compiled /home/aadityanaik/relational-representation/python_codeql/python-edb-queries/edb-queries/py_scopes.ql (235ms).
Compiling query plan for /home/aadityanaik/relational-representation/python_codeql/python-edb-queries/edb-queries/py_successors.ql.
Compiling query plan for /home/aadityanaik/relational-representation/python_codeql/python-edb-queries/edb-queries/py_ssa_phi.ql.
[16/40] Compiled /home/aadityanaik/relational-representation/python_codeql/python-edb-queries/edb-queries/py_ssa_use.ql (215ms).
Compiling query plan for /home/aadityanaik/relational-representation/python_codeql/python-edb-queries/edb-queries/py_unaryops.ql.
[17/40] Compiled /home/aadityanaik/relational-representation/python_codeql/python-edb-queries/edb-queries/variable.ql (206ms).
[18/40] Compiled /home/aadityanaik/relational-representation/python_codeql/python-edb-queries/edb-queries/py_scope_flow.ql (252ms).
[19/40] Compiled /home/aadityanaik/relational-representation/python_codeql/python-edb-queries/edb-queries/py_numbers.ql (223ms).
Compiling query plan for /home/aadityanaik/relational-representation/python_codeql/python-edb-queries/edb-queries/py_stmts.ql.
Compiling query plan for /home/aadityanaik/relational-representation/python_codeql/python-edb-queries/edb-queries/py_ints.ql.
Compiling query plan for /home/aadityanaik/relational-representation/python_codeql/python-edb-queries/edb-queries/py_dict_items.ql.
[20/40] Compiled /home/aadityanaik/relational-representation/python_codeql/python-edb-queries/edb-queries/py_Functions.ql (249ms).
[21/40] Compiled /home/aadityanaik/relational-representation/python_codeql/python-edb-queries/edb-queries/py_exception_successors.ql (341ms).
Compiling query plan for /home/aadityanaik/relational-representation/python_codeql/python-edb-queries/edb-queries/py_ssa_var.ql.
Compiling query plan for /home/aadityanaik/relational-representation/python_codeql/python-edb-queries/edb-queries/py_dict_item_lists.ql.
[22/40] Compiled /home/aadityanaik/relational-representation/python_codeql/python-edb-queries/edb-queries/py_successors.ql (319ms).
Compiling query plan for /home/aadityanaik/relational-representation/python_codeql/python-edb-queries/edb-queries/py_exprs.ql.
[23/40] Compiled /home/aadityanaik/relational-representation/python_codeql/python-edb-queries/edb-queries/py_ssa_phi.ql (359ms).
Compiling query plan for /home/aadityanaik/relational-representation/python_codeql/python-edb-queries/edb-queries/py_cmpop_lists.ql.
[24/40] Compiled /home/aadityanaik/relational-representation/python_codeql/python-edb-queries/edb-queries/py_unaryops.ql (465ms).
Compiling query plan for /home/aadityanaik/relational-representation/python_codeql/python-edb-queries/edb-queries/py_operators.ql.
[25/40] Compiled /home/aadityanaik/relational-representation/python_codeql/python-edb-queries/edb-queries/py_ints.ql (455ms).
Compiling query plan for /home/aadityanaik/relational-representation/python_codeql/python-edb-queries/edb-queries/py_Modules.ql.
[26/40] Compiled /home/aadityanaik/relational-representation/python_codeql/python-edb-queries/edb-queries/py_stmts.ql (487ms).
[27/40] Compiled /home/aadityanaik/relational-representation/python_codeql/python-edb-queries/edb-queries/py_dict_items.ql (539ms).
Compiling query plan for /home/aadityanaik/relational-representation/python_codeql/python-edb-queries/edb-queries/py_str_lists.ql.
Compiling query plan for /home/aadityanaik/relational-representation/python_codeql/python-edb-queries/edb-queries/py_bytes.ql.
[28/40] Compiled /home/aadityanaik/relational-representation/python_codeql/python-edb-queries/edb-queries/py_ssa_var.ql (454ms).
Compiling query plan for /home/aadityanaik/relational-representation/python_codeql/python-edb-queries/edb-queries/py_comprehension_lists.ql.
[29/40] Compiled /home/aadityanaik/relational-representation/python_codeql/python-edb-queries/edb-queries/py_dict_item_lists.ql (537ms).
[30/40] Compiled /home/aadityanaik/relational-representation/python_codeql/python-edb-queries/edb-queries/py_exprs.ql (510ms).
Compiling query plan for /home/aadityanaik/relational-representation/python_codeql/python-edb-queries/edb-queries/py_variables.ql.
[31/40] Compiled /home/aadityanaik/relational-representation/python_codeql/python-edb-queries/edb-queries/py_cmpop_lists.ql (504ms).
Compiling query plan for /home/aadityanaik/relational-representation/python_codeql/python-edb-queries/edb-queries/py_flow_bb_node.ql.
Compiling query plan for /home/aadityanaik/relational-representation/python_codeql/python-edb-queries/edb-queries/py_strs.ql.
[32/40] Compiled /home/aadityanaik/relational-representation/python_codeql/python-edb-queries/edb-queries/py_operators.ql (509ms).
Compiling query plan for /home/aadityanaik/relational-representation/python_codeql/python-edb-queries/edb-queries/py_scope_location.ql.
[33/40] Compiled /home/aadityanaik/relational-representation/python_codeql/python-edb-queries/edb-queries/py_Modules.ql (474ms).
[34/40] Compiled /home/aadityanaik/relational-representation/python_codeql/python-edb-queries/edb-queries/py_bytes.ql (681ms).
[35/40] Compiled /home/aadityanaik/relational-representation/python_codeql/python-edb-queries/edb-queries/py_str_lists.ql (696ms).
[36/40] Compiled /home/aadityanaik/relational-representation/python_codeql/python-edb-queries/edb-queries/py_comprehension_lists.ql (700ms).
[37/40] Compiled /home/aadityanaik/relational-representation/python_codeql/python-edb-queries/edb-queries/py_variables.ql (607ms).
[38/40] Compiled /home/aadityanaik/relational-representation/python_codeql/python-edb-queries/edb-queries/py_strs.ql (528ms).
[39/40] Compiled /home/aadityanaik/relational-representation/python_codeql/python-edb-queries/edb-queries/py_scope_location.ql (435ms).
[40/40] Compiled /home/aadityanaik/relational-representation/python_codeql/python-edb-queries/edb-queries/py_flow_bb_node.ql (628ms).
Starting evaluation of python-edb-queries/py_expr_contexts.ql.
Starting evaluation of python-edb-queries/py_cmpops.ql.
Starting evaluation of python-edb-queries/py_Classes.ql.
Starting evaluation of python-edb-queries/py_true_successors.ql.
Starting evaluation of python-edb-queries/locations_ast.ql.
Starting evaluation of python-edb-queries/py_ssa_defn.ql.
Starting evaluation of python-edb-queries/py_stmt_lists.ql.
Starting evaluation of python-edb-queries/py_comprehensions.ql.
[1/40] Evaluation done (1.3s); writing results to python-edb-queries/py_stmt_lists.bqrs.
[2/40] Evaluation done (1.5s); writing results to python-edb-queries/py_cmpops.bqrs.
[3/40] Evaluation done (1.6s); writing results to python-edb-queries/py_expr_contexts.bqrs.
[4/40] Evaluation done (1.6s); writing results to python-edb-queries/py_comprehensions.bqrs.
Starting evaluation of python-edb-queries/py_expr_lists.ql.
Starting evaluation of python-edb-queries/py_false_successors.ql.
Starting evaluation of python-edb-queries/py_idoms.ql.
[5/40] Evaluation done (1.6s); writing results to python-edb-queries/py_Classes.bqrs.
Starting evaluation of python-edb-queries/py_locations.ql.
Starting evaluation of python-edb-queries/py_parameter_lists.ql.
[6/40] Evaluation done (219ms); writing results to python-edb-queries/py_expr_lists.bqrs.
Starting evaluation of python-edb-queries/py_boolops.ql.
[7/40] Evaluation done (322ms); writing results to python-edb-queries/py_locations.bqrs.
[8/40] Evaluation done (1.9s); writing results to python-edb-queries/locations_ast.bqrs.
Starting evaluation of python-edb-queries/py_scopes.ql.
Starting evaluation of python-edb-queries/py_ssa_use.ql.
[9/40] Evaluation done (277ms); writing results to python-edb-queries/py_boolops.bqrs.
Starting evaluation of python-edb-queries/variable.ql.
[10/40] Evaluation done (437ms); writing results to python-edb-queries/py_parameter_lists.bqrs.
Starting evaluation of python-edb-queries/py_scope_flow.ql.
[11/40] Evaluation done (561ms); writing results to python-edb-queries/py_scopes.bqrs.
Starting evaluation of python-edb-queries/py_numbers.ql.
[12/40] Evaluation done (499ms); writing results to python-edb-queries/variable.bqrs.
Starting evaluation of python-edb-queries/py_Functions.ql.
[13/40] Evaluation done (179ms); writing results to python-edb-queries/py_Functions.bqrs.
Starting evaluation of python-edb-queries/py_exception_successors.ql.
[14/40] Evaluation done (378ms); writing results to python-edb-queries/py_numbers.bqrs.
Starting evaluation of python-edb-queries/py_successors.ql.
Starting evaluation of python-edb-queries/py_stmts.ql.
Starting evaluation of python-edb-queries/py_ints.ql.
Starting evaluation of python-edb-queries/py_ssa_phi.ql.
Starting evaluation of python-edb-queries/py_unaryops.ql.
Starting evaluation of python-edb-queries/py_dict_items.ql.
[15/40] Evaluation done (69ms); writing results to python-edb-queries/py_ints.bqrs.
Starting evaluation of python-edb-queries/py_ssa_var.ql.
Starting evaluation of python-edb-queries/py_dict_item_lists.ql.
[16/40] Evaluation done (183ms); writing results to python-edb-queries/py_dict_items.bqrs.
[17/40] Evaluation done (231ms); writing results to python-edb-queries/py_unaryops.bqrs.
[18/40] Evaluation done (247ms); writing results to python-edb-queries/py_stmts.bqrs.
Starting evaluation of python-edb-queries/py_exprs.ql.
Starting evaluation of python-edb-queries/py_cmpop_lists.ql.
[19/40] Evaluation done (102ms); writing results to python-edb-queries/py_dict_item_lists.bqrs.
Starting evaluation of python-edb-queries/py_operators.ql.
[20/40] Evaluation done (185ms); writing results to python-edb-queries/py_ssa_var.bqrs.
[21/40] Evaluation done (363ms); writing results to python-edb-queries/py_ssa_phi.bqrs.
Starting evaluation of python-edb-queries/py_Modules.ql.
[22/40] Evaluation done (178ms); writing results to python-edb-queries/py_operators.bqrs.
[23/40] Evaluation done (193ms); writing results to python-edb-queries/py_cmpop_lists.bqrs.
Starting evaluation of python-edb-queries/py_bytes.ql.
Starting evaluation of python-edb-queries/py_str_lists.ql.
Starting evaluation of python-edb-queries/py_comprehension_lists.ql.
Starting evaluation of python-edb-queries/py_variables.ql.
Starting evaluation of python-edb-queries/py_strs.ql.
[24/40] Evaluation done (25ms); writing results to python-edb-queries/py_bytes.bqrs.
Starting evaluation of python-edb-queries/py_scope_location.ql.
[25/40] Evaluation done (63ms); writing results to python-edb-queries/py_comprehension_lists.bqrs.
[26/40] Evaluation done (71ms); writing results to python-edb-queries/py_variables.bqrs.
[27/40] Evaluation done (129ms); writing results to python-edb-queries/py_Modules.bqrs.
Starting evaluation of python-edb-queries/py_flow_bb_node.ql.
[28/40] Evaluation done (92ms); writing results to python-edb-queries/py_str_lists.bqrs.
[29/40] Evaluation done (97ms); writing results to python-edb-queries/py_strs.bqrs.
[30/40] Evaluation done (114ms); writing results to python-edb-queries/py_scope_location.bqrs.
[31/40] Evaluation done (354ms); writing results to python-edb-queries/py_exprs.bqrs.
[32/40] Evaluation done (4.3s); writing results to python-edb-queries/py_exception_successors.bqrs.
[33/40] Evaluation done (7.1s); writing results to python-edb-queries/py_ssa_defn.bqrs.
[34/40] Evaluation done (5.5s); writing results to python-edb-queries/py_false_successors.bqrs.
[35/40] Evaluation done (7.1s); writing results to python-edb-queries/py_true_successors.bqrs.
[36/40] Evaluation done (4.7s); writing results to python-edb-queries/py_scope_flow.bqrs.
[37/40] Evaluation done (5.1s); writing results to python-edb-queries/py_ssa_use.bqrs.
[38/40] Evaluation done (5.6s); writing results to python-edb-queries/py_idoms.bqrs.
[39/40] Evaluation done (4.4s); writing results to python-edb-queries/py_successors.bqrs.
[40/40] Evaluation done (1.7s); writing results to python-edb-queries/py_flow_bb_node.bqrs.
Shutting down query evaluator.
