[2020-12-26 15:20:06] This is codeql database create py_files/train/correct/file_243386/codeqldb --language=python --source-root=py_files/train/correct/file_243386
[2020-12-26 15:20:06] Log file was started late.
[2020-12-26 15:20:06] Using autobuild script /home/aadityanaik/codeql/codeql/python/tools/autobuild.sh.
[2020-12-26 15:20:06] [DETAILS] database create> Detected autobuild command: /home/aadityanaik/codeql/codeql/python/tools/autobuild.sh.
[2020-12-26 15:20:06] [PROGRESS] database create> Running command [/home/aadityanaik/codeql/codeql/python/tools/autobuild.sh] in /home/aadityanaik/relational-representation/datasets/cubert/py_files/train/correct/file_243386.
[2020-12-26 15:20:06] Running plumbing command: codeql database trace-command --working-dir=/home/aadityanaik/relational-representation/datasets/cubert/py_files/train/correct/file_243386 -- /home/aadityanaik/relational-representation/datasets/cubert/py_files/train/correct/file_243386/codeqldb /home/aadityanaik/codeql/codeql/python/tools/autobuild.sh
[2020-12-26 15:20:06] [PROGRESS] database trace-command> /home/aadityanaik/relational-representation/datasets/cubert/py_files/train/correct/file_243386/codeqldb: Running in /home/aadityanaik/relational-representation/datasets/cubert/py_files/train/correct/file_243386: [/home/aadityanaik/codeql/codeql/python/tools/autobuild.sh]
[2020-12-26 15:20:06] [build] Calling python3 /home/aadityanaik/codeql/codeql/python/tools/get_venv_lib.py
[2020-12-26 15:20:06] [build] Calling python3 -S /home/aadityanaik/codeql/codeql/python/tools/python_tracer.py -v -z all -c /home/aadityanaik/relational-representation/datasets/cubert/py_files/train/correct/file_243386/codeqldb/working/trap_cache -p /home/aadityanaik/anaconda3/lib/python3.7/site-packages -R /home/aadityanaik/relational-representation/datasets/cubert/py_files/train/correct/file_243386
[2020-12-26 15:20:06] [build] [INFO] Python version 3.7.4
[2020-12-26 15:20:06] [build] [INFO] Python extractor version 5.11
[2020-12-26 15:20:10] [build] [INFO] [1] Extracted file /home/aadityanaik/relational-representation/datasets/cubert/py_files/train/correct/file_243386/source.py in 1061ms
[2020-12-26 15:20:11] [build] [INFO] Processed 1 modules in 2.38s
[2020-12-26 15:20:11] Plumbing command codeql database trace-command completed.
[2020-12-26 15:20:11] [PROGRESS] database create> Finalizing database at /home/aadityanaik/relational-representation/datasets/cubert/py_files/train/correct/file_243386/codeqldb.
[2020-12-26 15:20:12] Running plumbing command: codeql database finalize --mode=normal -- /home/aadityanaik/relational-representation/datasets/cubert/py_files/train/correct/file_243386/codeqldb
[2020-12-26 15:20:12] [PROGRESS] database finalize> Running TRAP import for CodeQL database at /home/aadityanaik/relational-representation/datasets/cubert/py_files/train/correct/file_243386/codeqldb...
[2020-12-26 15:20:12] Running plumbing command: codeql dataset import --dbscheme=/home/aadityanaik/codeql/codeql/python/semmlecode.python.dbscheme -- /home/aadityanaik/relational-representation/datasets/cubert/py_files/train/correct/file_243386/codeqldb/db-python /home/aadityanaik/relational-representation/datasets/cubert/py_files/train/correct/file_243386/codeqldb/trap/python
[2020-12-26 15:20:12] Clearing disk cache since the version file /home/aadityanaik/relational-representation/datasets/cubert/py_files/train/correct/file_243386/codeqldb/db-python/default/cache/version does not exist
[2020-12-26 15:20:12] Tuple pool not found. Clearing relations with cached strings
[2020-12-26 15:20:12] Trimming disk cache at /home/aadityanaik/relational-representation/datasets/cubert/py_files/train/correct/file_243386/codeqldb/db-python/default/cache in mode brutal.
[2020-12-26 15:20:12] Sequence stamp origin is -6643223431676589751
[2020-12-26 15:20:12] Stopped the world to hard-clear memory at sequence stamp o+0
[2020-12-26 15:20:12] Starting the world again
[2020-12-26 15:20:12] Stopped the world to quickly trim disk at sequence stamp o+1
[2020-12-26 15:20:12] Starting the world again
[2020-12-26 15:20:12] Stopped the world to zealously trim disk at sequence stamp o+2
[2020-12-26 15:20:12] Starting the world again
[2020-12-26 15:20:12] Trimming completed (21ms): Purged everything.
[2020-12-26 15:20:12] Scanning for files in /home/aadityanaik/relational-representation/datasets/cubert/py_files/train/correct/file_243386/codeqldb/trap/python
[2020-12-26 15:20:12] Importing $files.1ij3Ea3r9A8_PXSnYHgARr7djAA=.trap.gz (1 of 5)
[2020-12-26 15:20:12] Importing $interpreter3.f0rQSfvuGBvicu5_W5TyslPB6V8=.trap.gz (2 of 5)
[2020-12-26 15:20:13] Importing $stdlib_33.lDRalPbyxF3Wpj3ujKsPcjLZz4g=.trap (3 of 5)
[2020-12-26 15:20:13] Importing source.py.x8w2zp5GyvcLg7lt9Jb3EClgTxM=.trap.gz (4 of 5)
[2020-12-26 15:20:13] Importing sourceLocationPrefix.trap.gz (5 of 5)
[2020-12-26 15:20:13] Merging 1 fragments for files.
[2020-12-26 15:20:13] Merging 1 fragments for folders.
[2020-12-26 15:20:13] Merging 1 fragments for containerparent.
[2020-12-26 15:20:13] Merging 1 fragments for py_flags_versioned.
[2020-12-26 15:20:13] Merging 1 fragments for py_cobjects.
[2020-12-26 15:20:13] Merging 1 fragments for py_cobjecttypes.
[2020-12-26 15:20:13] Merging 1 fragments for py_cobject_sources.
[2020-12-26 15:20:13] Merging 1 fragments for py_cobjectnames.
[2020-12-26 15:20:13] Merging 1 fragments for py_cmembers_versioned.
[2020-12-26 15:20:13] Merging 1 fragments for py_special_objects.
[2020-12-26 15:20:13] Merging 1 fragments for py_citems.
[2020-12-26 15:20:13] Merging 1 fragments for ext_rettype.
[2020-12-26 15:20:13] Merging 1 fragments for ext_argtype.
[2020-12-26 15:20:13] Merging 1 fragments for ext_argreturn.
[2020-12-26 15:20:13] Merging 1 fragments for ext_proptype.
[2020-12-26 15:20:13] Merging 1 fragments for py_Modules.
[2020-12-26 15:20:13] Merging 1 fragments for py_module_path.
[2020-12-26 15:20:13] Merging 1 fragments for variable.
[2020-12-26 15:20:13] Merging 1 fragments for py_extracted_version.
[2020-12-26 15:20:13] Merging 1 fragments for py_stmt_lists.
[2020-12-26 15:20:13] Merging 1 fragments for py_stmts.
[2020-12-26 15:20:13] Merging 1 fragments for py_scopes.
[2020-12-26 15:20:13] Merging 1 fragments for py_exprs.
[2020-12-26 15:20:13] Merging 1 fragments for py_strs.
[2020-12-26 15:20:13] Merging 1 fragments for py_arguments.
[2020-12-26 15:20:13] Merging 1 fragments for py_expr_lists.
[2020-12-26 15:20:13] Merging 1 fragments for py_Functions.
[2020-12-26 15:20:13] Merging 1 fragments for py_parameter_lists.
[2020-12-26 15:20:13] Merging 1 fragments for py_variables.
[2020-12-26 15:20:13] Merging 1 fragments for py_expr_contexts.
[2020-12-26 15:20:13] Merging 1 fragments for py_numbers.
[2020-12-26 15:20:13] Merging 1 fragments for py_dict_item_lists.
[2020-12-26 15:20:13] Merging 1 fragments for py_dict_items.
[2020-12-26 15:20:13] Merging 1 fragments for py_bools.
[2020-12-26 15:20:13] Merging 1 fragments for py_operators.
[2020-12-26 15:20:13] Merging 1 fragments for py_exports.
[2020-12-26 15:20:13] Merging 1 fragments for py_flow_bb_node.
[2020-12-26 15:20:13] Merging 1 fragments for py_scope_flow.
[2020-12-26 15:20:13] Merging 1 fragments for py_successors.
[2020-12-26 15:20:13] Merging 1 fragments for py_idoms.
[2020-12-26 15:20:13] Merging 1 fragments for py_ssa_var.
[2020-12-26 15:20:13] Merging 1 fragments for py_ssa_defn.
[2020-12-26 15:20:13] Merging 1 fragments for py_ssa_use.
[2020-12-26 15:20:13] Merging 1 fragments for locations_ast.
[2020-12-26 15:20:13] Merging 1 fragments for py_scope_location.
[2020-12-26 15:20:13] Merging 1 fragments for py_codelines.
[2020-12-26 15:20:13] Merging 1 fragments for py_commentlines.
[2020-12-26 15:20:13] Merging 1 fragments for py_docstringlines.
[2020-12-26 15:20:13] Merging 1 fragments for py_alllines.
[2020-12-26 15:20:13] Merging 1 fragments for numlines.
[2020-12-26 15:20:13] Merging 1 fragments for py_locations.
[2020-12-26 15:20:13] Merging 1 fragments for sourceLocationPrefix.
[2020-12-26 15:20:13] Saving string and id pools to disk.
[2020-12-26 15:20:13] Finished importing trap files.
[2020-12-26 15:20:13] Stopped the world to close the cache at sequence stamp o+3
[2020-12-26 15:20:13] The disk cache is freshly trimmed; leave it be.
[2020-12-26 15:20:13] Starting the world again
[2020-12-26 15:20:13] Plumbing command codeql dataset import completed.
[2020-12-26 15:20:13] [PROGRESS] database finalize> TRAP import complete (1.6s).
[2020-12-26 15:20:13] Running plumbing command: codeql database cleanup --mode=normal -- /home/aadityanaik/relational-representation/datasets/cubert/py_files/train/correct/file_243386/codeqldb
[2020-12-26 15:20:13] [PROGRESS] database cleanup> Cleaning up existing TRAP files after import...
[2020-12-26 15:20:13] [PROGRESS] database cleanup> TRAP files cleaned up (0ms).
[2020-12-26 15:20:13] Running plumbing command: codeql dataset cleanup --mode=normal -- /home/aadityanaik/relational-representation/datasets/cubert/py_files/train/correct/file_243386/codeqldb/db-python
[2020-12-26 15:20:13] [PROGRESS] dataset cleanup> Cleaning up dataset in /home/aadityanaik/relational-representation/datasets/cubert/py_files/train/correct/file_243386/codeqldb/db-python.
[2020-12-26 15:20:13] Trimming disk cache at /home/aadityanaik/relational-representation/datasets/cubert/py_files/train/correct/file_243386/codeqldb/db-python/default/cache in mode normal.
[2020-12-26 15:20:13] Sequence stamp origin is -6643223426386847900
[2020-12-26 15:20:13] Stopped the world to zealously trim disk at sequence stamp o+0
[2020-12-26 15:20:13] Starting the world again
[2020-12-26 15:20:13] Trimming completed (1ms): Trimmed disposable data from cache.
[2020-12-26 15:20:13] Stopped the world to close the cache at sequence stamp o+1
[2020-12-26 15:20:13] The disk cache is freshly trimmed; leave it be.
[2020-12-26 15:20:13] Starting the world again
[2020-12-26 15:20:13] [PROGRESS] dataset cleanup> Trimmed disposable data from cache.
[2020-12-26 15:20:13] Plumbing command codeql dataset cleanup completed.
[2020-12-26 15:20:13] Plumbing command codeql database cleanup completed with status 0.
[2020-12-26 15:20:13] Plumbing command codeql database finalize completed with status 0.
[2020-12-26 15:20:13] [PROGRESS] database create> Successfully created database at /home/aadityanaik/relational-representation/datasets/cubert/py_files/train/correct/file_243386/codeqldb.
[2020-12-26 15:20:13] Terminating normally.
