[2021-01-02 06:46:55] This is codeql execute queries -J-Xmx15344M --off-heap-ram=15344 --verbosity=progress --logdir=/home/aadityanaik/relational-representation/datasets/cubert/py_files/train/correct/file_243386/codeqldb/log --ml-model-path= --native-library-path= --warnings=show --output=/home/aadityanaik/relational-representation/datasets/cubert/py_files/train/correct/file_243386/codeqldb/unused_local_vars.bqrs -- /home/aadityanaik/relational-representation/datasets/cubert/py_files/train/correct/file_243386/codeqldb/db-python /home/aadityanaik/relational-representation/datasets/cubert/unusedlocalvar.ql
[2021-01-02 06:46:55] Creating executor with 1 threads.
[2021-01-02 06:46:56] Calling plumbing command: codeql resolve library-path --query=/home/aadityanaik/relational-representation/datasets/cubert/unusedlocalvar.ql --format=json
[2021-01-02 06:46:56] [DETAILS] resolve library-path> Resolving query at normalized path /home/aadityanaik/relational-representation/datasets/cubert/unusedlocalvar.ql.
[2021-01-02 06:46:57] [DETAILS] resolve library-path> Found enclosing pack 'python-edb-queries' at /home/aadityanaik/relational-representation/datasets/cubert.
[2021-01-02 06:46:57] [DETAILS] resolve library-path> Adding compilation cache at /home/aadityanaik/relational-representation/datasets/cubert/.cache.
[2021-01-02 06:46:57] [DETAILS] resolve library-path> Resolving library dependencies from /home/aadityanaik/relational-representation/datasets/cubert/qlpack.yml.
[2021-01-02 06:46:57] [SPAMMIER] resolve library-path> Recursing into /home/aadityanaik/codeql.
[2021-01-02 06:46:57] [SPAMMIER] resolve library-path> Recursing into /home/aadityanaik/codeql/codeql-repo.
[2021-01-02 06:46:57] [SPAMMIER] resolve library-path> Recursing into /home/aadityanaik/codeql/codeql-repo/misc/legacy-support.
[2021-01-02 06:46:57] [DETAILS] resolve library-path> QL pack dependencies for /home/aadityanaik/relational-representation/datasets/cubert resolved OK.
[2021-01-02 06:46:57] [DETAILS] resolve library-path> Found dbscheme through QL packs: /home/aadityanaik/codeql/codeql-repo/python/ql/src/semmlecode.python.dbscheme.
[2021-01-02 06:46:57] Plumbing command codeql resolve library-path completed:
                      {
                        "libraryPath" : [
                          "/home/aadityanaik/relational-representation/datasets/cubert",
                          "/home/aadityanaik/codeql/codeql-repo/python/ql/src"
                        ],
                        "dbscheme" : "/home/aadityanaik/codeql/codeql-repo/python/ql/src/semmlecode.python.dbscheme",
                        "compilationCache" : [
                          "/home/aadityanaik/relational-representation/datasets/cubert/.cache"
                        ],
                        "relativeName" : "python-edb-queries/unusedlocalvar.ql"
                      }
[2021-01-02 06:46:57] [PROGRESS] execute queries> Compiling query plan for /home/aadityanaik/relational-representation/datasets/cubert/unusedlocalvar.ql.
[2021-01-02 06:46:57] [DETAILS] execute queries> Resolving imports for /home/aadityanaik/relational-representation/datasets/cubert/unusedlocalvar.ql.
[2021-01-02 06:46:58] Resolved file set for /home/aadityanaik/relational-representation/datasets/cubert/unusedlocalvar.ql hashes to 17334abad9c215681c4cea11421e405f40abec81.
[2021-01-02 06:46:58] [DETAILS] execute queries> Compilation cache hit for /home/aadityanaik/relational-representation/datasets/cubert/unusedlocalvar.ql.
[2021-01-02 06:46:58] [PROGRESS] execute queries> [1/1] Compiled /home/aadityanaik/relational-representation/datasets/cubert/unusedlocalvar.ql (1s).
[2021-01-02 06:46:58] Of 324 predicates, 0 are used in more than one query.
[2021-01-02 06:46:58] [PROGRESS] execute queries> Starting evaluation of python-edb-queries/unusedlocalvar.ql.
[2021-01-02 06:46:58] Starting evaluation of /home/aadityanaik/relational-representation/datasets/cubert/unusedlocalvar.ql
[2021-01-02 06:46:58] (0s) Start query execution
[2021-01-02 06:46:58] CSV_IMB_QUERIES: Query type,Query predicate,Query name,Stage,Success,Time,Number of results,Cumulative time in query
[2021-01-02 06:46:58] CSV_IMB_QUERIES: Stage,Flow::BasicBlock::getImmediateDominator_dispred#ff,unusedlocalvar.ql,1,NotRun,0.061,0,219
[2021-01-02 06:46:58] CSV_CACHE_DIFF: Operation,Overall time,NONE,LOAD_EXTENSIONAL,PAGE_RELATION,SORT_RELATION,NODUPS_RELATION,GLOBAL_DISK_SYNC,GLOBAL_TRIM_DISK,GLOBAL_TRIM_STRINGS,GLOBAL_EVICTOR,SCAN_DISK,IO_TRIMMING,IO_WRITING
[2021-01-02 06:46:58] CSV_CACHE_DIFF: NotRun-Flow::BasicBlock::getImmediateDominator_dispred#ff (unusedlocalvar.ql),0.061,0,0,0,0,0,0,0,0,0,0,0,0
[2021-01-02 06:46:58] (0s) Prepared IMB program for execution: took 0ms
[2021-01-02 06:46:58] (0s) Beginning execution of program...
[2021-01-02 06:46:59] (0s)  >>> Wrote relation variable with 16 rows and 3 columns.
[2021-01-02 06:46:59] (0s) Starting to evaluate predicate Variables::Variable::getScope_dispred#ff/2@67d73f
[2021-01-02 06:46:59] (0s)  >>> Wrote relation Variables::Variable::getScope_dispred#ff with 15 rows and 2 columns.
[2021-01-02 06:46:59] (0s) Starting to evaluate predicate Variables::Variable::getScope_dispred#ff_10#join_rhs/2@1048bd
[2021-01-02 06:46:59] (0s)  >>> Wrote relation Variables::Variable::getScope_dispred#ff_10#join_rhs with 15 rows and 2 columns.
[2021-01-02 06:46:59] (1s)  >>> Wrote relation py_scope_location with 2 rows and 2 columns.
[2021-01-02 06:46:59] (1s) Starting to evaluate predicate py_scope_location_1#antijoin_rhs/1@927232
[2021-01-02 06:46:59] (1s)  >>> Wrote relation py_scope_location_1#antijoin_rhs with 2 rows and 1 columns.
[2021-01-02 06:46:59] (1s)  >>> Wrote relation locations_ast with 74 rows and 6 columns.
[2021-01-02 06:46:59] (1s) Starting to evaluate predicate locations_ast_234501#join_rhs/6@510f55
[2021-01-02 06:46:59] (1s)  >>> Wrote relation locations_ast_234501#join_rhs with 74 rows and 6 columns.
[2021-01-02 06:46:59] (1s)  >>> Wrote relation py_Modules with 1 rows and 1 columns.
[2021-01-02 06:47:00] (1s)  >>> Wrote relation py_Functions with 1 rows and 2 columns.
[2021-01-02 06:47:00] (1s) Starting to evaluate predicate py_scope_location_10#join_rhs/2@53dc18
[2021-01-02 06:47:00] (1s)  >>> Wrote relation py_scope_location_10#join_rhs with 2 rows and 2 columns.
[2021-01-02 06:47:00] (1s)  >>> Wrote relation py_Classes with 0 rows and 2 columns.
[2021-01-02 06:47:00] (1s) Starting to evaluate predicate Scope::Scope::getLocation_dispred#ff/2@a4b741
[2021-01-02 06:47:00] (1s)  >>> Wrote relation Scope::Scope::getLocation_dispred#ff with 2 rows and 2 columns.
[2021-01-02 06:47:00] (1s) Starting to evaluate predicate Variables::Variable::getId_dispred#ff/2@33c7e3
[2021-01-02 06:47:00] (1s)  >>> Wrote relation Variables::Variable::getId_dispred#ff with 15 rows and 2 columns.
[2021-01-02 06:47:00] (1s) Starting to evaluate predicate #select#fffff#shared/4@bcce32
[2021-01-02 06:47:00] (1s)  >>> Wrote relation #select#fffff#shared with 15 rows and 4 columns.
[2021-01-02 06:47:00] (1s)  >>> Wrote relation py_exprs with 59 rows and 4 columns.
[2021-01-02 06:47:00] (1s)  >>> Wrote relation py_flow_bb_node with 70 rows and 4 columns.
[2021-01-02 06:47:00] (1s) Starting to evaluate predicate Variables::LocalVariable#class#f/1@d86dbc
[2021-01-02 06:47:00] (1s)  >>> Wrote relation Variables::LocalVariable#class#f with 5 rows and 1 columns.
[2021-01-02 06:47:00] (1s) Starting to evaluate predicate py_flow_bb_node_10#join_rhs/2@0888d5
[2021-01-02 06:47:00] (1s)  >>> Wrote relation py_flow_bb_node_10#join_rhs with 70 rows and 2 columns.
[2021-01-02 06:47:00] (1s)  >>> Wrote relation py_variables with 23 rows and 2 columns.
[2021-01-02 06:47:00] (1s) Starting to evaluate predicate AstGenerated::Name_::getVariable_dispred#ff/2@a665dd
[2021-01-02 06:47:00] (1s)  >>> Wrote relation AstGenerated::Name_::getVariable_dispred#ff with 23 rows and 2 columns.
[2021-01-02 06:47:01] (2s)  >>> Wrote relation py_stmts with 8 rows and 4 columns.
[2021-01-02 06:47:01] (2s) Starting to evaluate predicate py_stmts_10#join_rhs/2@a78a1e
[2021-01-02 06:47:01] (2s)  >>> Wrote relation py_stmts_10#join_rhs with 8 rows and 2 columns.
[2021-01-02 06:47:01] (2s) Starting to evaluate predicate py_exprs_1230#join_rhs/4@91b91e
[2021-01-02 06:47:01] (2s)  >>> Wrote relation py_exprs_1230#join_rhs with 59 rows and 4 columns.
[2021-01-02 06:47:01] (2s) Starting to evaluate predicate AstGenerated::AugAssign_::getOperation_dispred#ff/2@ad6e1f
[2021-01-02 06:47:01] (2s)  >>> Wrote relation AstGenerated::AugAssign_::getOperation_dispred#ff with 0 rows and 2 columns.
[2021-01-02 06:47:01] (2s) Inferred that non-rec relation Stmts::AugAssign::getTarget_dispred#ff/2 is empty
[2021-01-02 06:47:01] (2s)  >>> Wrote relation Stmts::AugAssign::getTarget_dispred#ff with 0 rows and 2 columns.
[2021-01-02 06:47:01] (2s)  >>> Wrote relation py_expr_contexts with 37 rows and 3 columns.
[2021-01-02 06:47:01] (2s) Starting to evaluate predicate py_expr_contexts_12#join_rhs/2@2dc77a
[2021-01-02 06:47:01] (2s)  >>> Wrote relation py_expr_contexts_12#join_rhs with 37 rows and 2 columns.
[2021-01-02 06:47:01] (2s) Starting to evaluate predicate py_exprs_10#join_rhs/2@74cf2a
[2021-01-02 06:47:01] (2s)  >>> Wrote relation py_exprs_10#join_rhs with 59 rows and 2 columns.
[2021-01-02 06:47:01] (2s) Starting to evaluate predicate Exprs::Name::isDefinition_dispred#f/1@86ecca
[2021-01-02 06:47:01] (2s)  >>> Wrote relation Exprs::Name::isDefinition_dispred#f with 6 rows and 1 columns.
[2021-01-02 06:47:01] (2s) Starting to evaluate predicate Exprs::Name::defines_dispred#ff/2@e7134c
[2021-01-02 06:47:01] (2s)  >>> Wrote relation Exprs::Name::defines_dispred#ff with 6 rows and 2 columns.
[2021-01-02 06:47:01] (2s) Starting to evaluate predicate Flow::NameNode::defines_dispred#ff#shared/2@298aea
[2021-01-02 06:47:01] (2s)  >>> Wrote relation Flow::NameNode::defines_dispred#ff#shared with 6 rows and 2 columns.
[2021-01-02 06:47:01] (2s) Starting to evaluate predicate AstExtended::AstNode_not_Attribute_Call_IfExp_ImportMember_Name_NameConstant_PlaceHolder_Subscript#f#antijoin_rhs#6/1@4e7488
[2021-01-02 06:47:01] (2s)  >>> Wrote relation AstExtended::AstNode_not_Attribute_Call_IfExp_ImportMember_Name_NameConstant_PlaceHolder_Subscript#f#antijoin_rhs#6 with 0 rows and 1 columns.
[2021-01-02 06:47:01] (2s) Starting to evaluate predicate AstExtended::AstNode_not_Attribute_Call_IfExp_ImportMember_Name_NameConstant_PlaceHolder_Subscript#f#antijoin_rhs/1@aea0ce
[2021-01-02 06:47:01] (2s)  >>> Wrote relation AstExtended::AstNode_not_Attribute_Call_IfExp_ImportMember_Name_NameConstant_PlaceHolder_Subscript#f#antijoin_rhs with 23 rows and 1 columns.
[2021-01-02 06:47:01] (2s) Starting to evaluate predicate Flow::NameNode#f/1@064eb7
[2021-01-02 06:47:01] (2s)  >>> Wrote relation Flow::NameNode#f with 23 rows and 1 columns.
[2021-01-02 06:47:01] (2s) Starting to evaluate predicate Variables::Variable::getId_dispred#ff_10#join_rhs/2@bf225a
[2021-01-02 06:47:01] (2s)  >>> Wrote relation Variables::Variable::getId_dispred#ff_10#join_rhs with 15 rows and 2 columns.
[2021-01-02 06:47:01] (2s) Starting to evaluate predicate Exprs::name_consts#ff/2@e55f6f
[2021-01-02 06:47:01] (2s)  >>> Wrote relation Exprs::name_consts#ff with 0 rows and 2 columns.
[2021-01-02 06:47:01] (2s) Inferred that non-rec relation Exprs::name_consts#ff_10#join_rhs/2 is empty
[2021-01-02 06:47:01] (2s)  >>> Wrote relation Exprs::name_consts#ff_10#join_rhs with 0 rows and 2 columns.
[2021-01-02 06:47:01] (2s) Inferred that non-rec relation Exprs::NameConstant#class#f/1 is empty
[2021-01-02 06:47:01] (2s)  >>> Wrote relation Exprs::NameConstant#class#f with 0 rows and 1 columns.
[2021-01-02 06:47:01] (2s) Inferred that non-rec relation Flow::NameConstantNode#class#f/1 is empty
[2021-01-02 06:47:01] (2s)  >>> Wrote relation Flow::NameConstantNode#class#f with 0 rows and 1 columns.
[2021-01-02 06:47:01] (2s) Inferred that non-rec relation Flow::augstore#ff/2 is empty
[2021-01-02 06:47:01] (2s)  >>> Wrote relation Flow::augstore#ff with 0 rows and 2 columns.
[2021-01-02 06:47:01] (2s) Inferred that non-rec relation Flow::augstore#ff_1#antijoin_rhs/1 is empty
[2021-01-02 06:47:01] (2s)  >>> Wrote relation Flow::augstore#ff_1#antijoin_rhs with 0 rows and 1 columns.
[2021-01-02 06:47:01] (2s) Starting to evaluate predicate Flow::ControlFlowNode::isLoad_dispred#f/1@7d817e
[2021-01-02 06:47:01] (2s)  >>> Wrote relation Flow::ControlFlowNode::isLoad_dispred#f with 31 rows and 1 columns.
[2021-01-02 06:47:01] (2s) Starting to evaluate predicate Flow::NameNode::defines_dispred#ff#antijoin_rhs/2@28cae4
[2021-01-02 06:47:01] (2s)  >>> Wrote relation Flow::NameNode::defines_dispred#ff#antijoin_rhs with 0 rows and 2 columns.
[2021-01-02 06:47:01] (2s) Starting to evaluate predicate Flow::NameNode::defines_dispred#ff/2@35fff9
[2021-01-02 06:47:01] (2s)  >>> Wrote relation Flow::NameNode::defines_dispred#ff with 6 rows and 2 columns.
[2021-01-02 06:47:01] (2s) Starting to evaluate predicate py_exprs_230#join_rhs/3@bf6d49
[2021-01-02 06:47:01] (2s)  >>> Wrote relation py_exprs_230#join_rhs with 59 rows and 3 columns.
[2021-01-02 06:47:01] (2s) Starting to evaluate predicate AstGenerated::For_::getTarget_dispred#ff/2@bfc483
[2021-01-02 06:47:01] (2s)  >>> Wrote relation AstGenerated::For_::getTarget_dispred#ff with 2 rows and 2 columns.
[2021-01-02 06:47:01] (2s) Starting to evaluate predicate AstGenerated::For_::getTarget_dispred#ff_1#join_rhs/1@b27178
[2021-01-02 06:47:01] (2s)  >>> Wrote relation AstGenerated::For_::getTarget_dispred#ff_1#join_rhs with 2 rows and 1 columns.
[2021-01-02 06:47:01] (3s)  >>> Wrote relation py_expr_lists with 12 rows and 3 columns.
[2021-01-02 06:47:01] (3s) Starting to evaluate predicate py_expr_lists_120#join_rhs/3@ffe87e
[2021-01-02 06:47:01] (3s)  >>> Wrote relation py_expr_lists_120#join_rhs with 12 rows and 3 columns.
[2021-01-02 06:47:01] (3s) Starting to evaluate predicate py_exprs_20#join_rhs/2@2be581
[2021-01-02 06:47:01] (3s)  >>> Wrote relation py_exprs_20#join_rhs with 59 rows and 2 columns.
[2021-01-02 06:47:01] (3s) Starting to evaluate predicate AstGenerated::ExprList_::getAnItem_dispred#ff/2@d2e7be
[2021-01-02 06:47:01] (3s)  >>> Wrote relation AstGenerated::ExprList_::getAnItem_dispred#ff with 15 rows and 2 columns.
[2021-01-02 06:47:01] (3s) Starting to evaluate predicate AstGenerated::List_::getAnElt_dispred#ff/2@695d52
[2021-01-02 06:47:01] (3s)  >>> Wrote relation AstGenerated::List_::getAnElt_dispred#ff with 3 rows and 2 columns.
[2021-01-02 06:47:01] (3s) Starting to evaluate predicate AstGenerated::List_::getAnElt_dispred#ff_10#join_rhs/2@0f6cec
[2021-01-02 06:47:01] (3s)  >>> Wrote relation AstGenerated::List_::getAnElt_dispred#ff_10#join_rhs with 3 rows and 2 columns.
[2021-01-02 06:47:01] (3s) Starting to evaluate predicate AstGenerated::Tuple_::getAnElt_dispred#ff/2@3444d2
[2021-01-02 06:47:01] (3s)  >>> Wrote relation AstGenerated::Tuple_::getAnElt_dispred#ff with 0 rows and 2 columns.
[2021-01-02 06:47:01] (3s) Inferred that non-rec relation AstGenerated::Tuple_::getAnElt_dispred#ff_10#join_rhs/2 is empty
[2021-01-02 06:47:01] (3s)  >>> Wrote relation AstGenerated::Tuple_::getAnElt_dispred#ff_10#join_rhs with 0 rows and 2 columns.
[2021-01-02 06:47:01] (3s) Starting to evaluate predicate Flow::list_or_tuple_nested_element#ff#cur_delta/2[1]@2efdc2 (iteration 1)
[2021-01-02 06:47:01] (3s) 			 - Flow::list_or_tuple_nested_element#ff_delta has 3 rows (order for disjuncts: delta=<standard>).
[2021-01-02 06:47:01] (3s) Starting to evaluate predicate Flow::list_or_tuple_nested_element#ff#cur_delta/2[2]@e06a09 (iteration 2)
[2021-01-02 06:47:01] (3s) Empty delta for Flow::list_or_tuple_nested_element#ff_delta (order for disjuncts: delta=100).
[2021-01-02 06:47:01] (3s) Accumulating deltas
[2021-01-02 06:47:01] (3s)  >>> Wrote relation Flow::list_or_tuple_nested_element#ff with 3 rows and 2 columns.
[2021-01-02 06:47:01] (3s) Starting to evaluate predicate Flow::list_or_tuple_nested_element#ff_10#join_rhs/2@519954
[2021-01-02 06:47:01] (3s)  >>> Wrote relation Flow::list_or_tuple_nested_element#ff_10#join_rhs with 3 rows and 2 columns.
[2021-01-02 06:47:01] (3s)  >>> Wrote relation py_aliases with 0 rows and 3 columns.
[2021-01-02 06:47:01] (3s) Inferred that non-rec relation AstGenerated::Alias_::getAsname_dispred#ff/2 is empty
[2021-01-02 06:47:01] (3s)  >>> Wrote relation AstGenerated::Alias_::getAsname_dispred#ff with 0 rows and 2 columns.
[2021-01-02 06:47:01] (3s) Inferred that non-rec relation AstGenerated::Alias_::getAsname_dispred#ff_1#join_rhs/1 is empty
[2021-01-02 06:47:01] (3s)  >>> Wrote relation AstGenerated::Alias_::getAsname_dispred#ff_1#join_rhs with 0 rows and 1 columns.
[2021-01-02 06:47:01] (3s) Starting to evaluate predicate AstGenerated::Assign_::getATarget_dispred#ff/2@5899a7
[2021-01-02 06:47:01] (3s)  >>> Wrote relation AstGenerated::Assign_::getATarget_dispred#ff with 3 rows and 2 columns.
[2021-01-02 06:47:01] (3s) Starting to evaluate predicate AstGenerated::Assign_::getATarget_dispred#ff_1#join_rhs/1@099f1b
[2021-01-02 06:47:01] (3s)  >>> Wrote relation AstGenerated::Assign_::getATarget_dispred#ff_1#join_rhs with 3 rows and 1 columns.
[2021-01-02 06:47:02] (3s) Starting to evaluate predicate Exprs::Name_not_NameConstant#f/1@4c2011
[2021-01-02 06:47:02] (3s)  >>> Wrote relation Exprs::Name_not_NameConstant#f with 23 rows and 1 columns.
[2021-01-02 06:47:02] (3s) Starting to evaluate predicate py_flow_bb_node_1023#join_rhs/4@66f1c6
[2021-01-02 06:47:02] (3s)  >>> Wrote relation py_flow_bb_node_1023#join_rhs with 70 rows and 4 columns.
[2021-01-02 06:47:02] (3s)  >>> Wrote relation py_dict_items with 5 rows and 4 columns.
[2021-01-02 06:47:02] (3s)  >>> Wrote relation py_comprehensions with 0 rows and 3 columns.
[2021-01-02 06:47:02] (3s)  >>> Wrote relation py_StringParts with 0 rows and 3 columns.
[2021-01-02 06:47:02] (3s) Starting to evaluate predicate @py_scope#f/1@ea5aec
[2021-01-02 06:47:02] (3s)  >>> Wrote relation @py_scope#f with 2 rows and 1 columns.
[2021-01-02 06:47:02] (3s) Starting to evaluate predicate AstExtended::AstNode#class#f/1@27d142
[2021-01-02 06:47:02] (3s)  >>> Wrote relation AstExtended::AstNode#class#f with 74 rows and 1 columns.
[2021-01-02 06:47:02] (3s) Starting to evaluate predicate AstExtended::AstNode_not_Attribute_Call_IfExp_ImportMember_Name_NameConstant_PlaceHolder_Subscript#f#antijoin_rhs#5/1@f21c71
[2021-01-02 06:47:02] (3s)  >>> Wrote relation AstExtended::AstNode_not_Attribute_Call_IfExp_ImportMember_Name_NameConstant_PlaceHolder_Subscript#f#antijoin_rhs#5 with 0 rows and 1 columns.
[2021-01-02 06:47:02] (3s) Starting to evaluate predicate AstExtended::AstNode_not_Attribute_Call_IfExp_ImportMember_Name_NameConstant_PlaceHolder_Subscript#f#antijoin_rhs#4/1@39ed87
[2021-01-02 06:47:02] (3s)  >>> Wrote relation AstExtended::AstNode_not_Attribute_Call_IfExp_ImportMember_Name_NameConstant_PlaceHolder_Subscript#f#antijoin_rhs#4 with 0 rows and 1 columns.
[2021-01-02 06:47:02] (3s) Starting to evaluate predicate AstExtended::AstNode_not_Attribute_Call_IfExp_ImportMember_Name_NameConstant_PlaceHolder_Subscript#f#antijoin_rhs#3/1@9b84e8
[2021-01-02 06:47:02] (3s)  >>> Wrote relation AstExtended::AstNode_not_Attribute_Call_IfExp_ImportMember_Name_NameConstant_PlaceHolder_Subscript#f#antijoin_rhs#3 with 2 rows and 1 columns.
[2021-01-02 06:47:02] (4s) Starting to evaluate predicate AstExtended::AstNode_not_Attribute_Call_IfExp_ImportMember_Name_NameConstant_PlaceHolder_Subscript#f#antijoin_rhs#2/1@f41ea6
[2021-01-02 06:47:02] (4s)  >>> Wrote relation AstExtended::AstNode_not_Attribute_Call_IfExp_ImportMember_Name_NameConstant_PlaceHolder_Subscript#f#antijoin_rhs#2 with 8 rows and 1 columns.
[2021-01-02 06:47:02] (4s) Starting to evaluate predicate AstExtended::AstNode_not_Attribute_Call_IfExp_ImportMember_Name_NameConstant_PlaceHolder_Subscript#f#antijoin_rhs#1/1@22d15c
[2021-01-02 06:47:02] (4s)  >>> Wrote relation AstExtended::AstNode_not_Attribute_Call_IfExp_ImportMember_Name_NameConstant_PlaceHolder_Subscript#f#antijoin_rhs#1 with 11 rows and 1 columns.
[2021-01-02 06:47:02] (4s) Starting to evaluate predicate AstExtended::AstNode_not_Attribute_Call_IfExp_ImportMember_Name_NameConstant_PlaceHolder_Subscript#f/1@416915
[2021-01-02 06:47:02] (4s)  >>> Wrote relation AstExtended::AstNode_not_Attribute_Call_IfExp_ImportMember_Name_NameConstant_PlaceHolder_Subscript#f with 30 rows and 1 columns.
[2021-01-02 06:47:02] (4s) Starting to evaluate predicate AstExtended::AstNode::getAFlowNode_dispred#ff/2@59fe3e
[2021-01-02 06:47:02] (4s)  >>> Wrote relation AstExtended::AstNode::getAFlowNode_dispred#ff with 70 rows and 2 columns.
[2021-01-02 06:47:02] (4s) Starting to evaluate predicate Definition::Definition#class#f/1@fd0887
[2021-01-02 06:47:02] (4s)  >>> Wrote relation Definition::Definition#class#f with 5 rows and 1 columns.
[2021-01-02 06:47:02] (4s) Starting to evaluate predicate Definition::Definition::getVariable_dispred#ff/2@8bf915
[2021-01-02 06:47:02] (4s)  >>> Wrote relation Definition::Definition::getVariable_dispred#ff with 5 rows and 2 columns.
[2021-01-02 06:47:02] (4s) Starting to evaluate predicate Definition::Definition::getVariable_dispred#ff_10#join_rhs/2@69f837
[2021-01-02 06:47:02] (4s)  >>> Wrote relation Definition::Definition::getVariable_dispred#ff_10#join_rhs with 5 rows and 2 columns.
[2021-01-02 06:47:02] (4s) Starting to evaluate predicate m#Flow::ControlFlowNode::getScope_dispred#bf/1@694748
[2021-01-02 06:47:02] (4s)  >>> Wrote relation m#Flow::ControlFlowNode::getScope_dispred#bf with 5 rows and 1 columns.
[2021-01-02 06:47:02] (4s) Inferred that non-rec relation Module::Module::hasFromFuture_dispred#fb#cpe#1/1 is empty
[2021-01-02 06:47:02] (4s)  >>> Wrote relation Module::Module::hasFromFuture_dispred#fb#cpe#1 with 0 rows and 1 columns.
[2021-01-02 06:47:02] (4s) Starting to evaluate predicate py_Functions_10#join_rhs/2@7d53e2
[2021-01-02 06:47:02] (4s)  >>> Wrote relation py_Functions_10#join_rhs with 1 rows and 2 columns.
[2021-01-02 06:47:03] (4s)  >>> Wrote relation py_scopes with 67 rows and 2 columns.
[2021-01-02 06:47:03] (4s) Starting to evaluate predicate Exprs::Expr::getScope_dispred#ff/2@ea27d5
[2021-01-02 06:47:03] (4s)  >>> Wrote relation Exprs::Expr::getScope_dispred#ff with 59 rows and 2 columns.
[2021-01-02 06:47:03] (4s) Starting to evaluate predicate Function::Function::getEnclosingScope_dispred#ff/2@064e45
[2021-01-02 06:47:03] (4s)  >>> Wrote relation Function::Function::getEnclosingScope_dispred#ff with 1 rows and 2 columns.
[2021-01-02 06:47:03] (4s) Inferred that non-rec relation Scope::Scope::getEnclosingScope_dispred#bf#shared/2 is empty
[2021-01-02 06:47:03] (4s)  >>> Wrote relation Scope::Scope::getEnclosingScope_dispred#bf#shared with 0 rows and 2 columns.
[2021-01-02 06:47:03] (4s) Starting to evaluate predicate Scope::Scope::getEnclosingScope_dispred#bf/2@1bf6bd
[2021-01-02 06:47:03] (4s)  >>> Wrote relation Scope::Scope::getEnclosingScope_dispred#bf with 1 rows and 2 columns.
[2021-01-02 06:47:03] (4s) Starting to evaluate predicate Scope::Scope::getEnclosingScope_dispred#bf_10#join_rhs/2@dcf3bd
[2021-01-02 06:47:03] (4s)  >>> Wrote relation Scope::Scope::getEnclosingScope_dispred#bf_10#join_rhs with 1 rows and 2 columns.
[2021-01-02 06:47:03] (4s)  >>> Wrote relation py_StringPart_lists with 0 rows and 2 columns.
[2021-01-02 06:47:03] (4s) Inferred that non-rec relation AstGenerated::Str_::getAnImplicitlyConcatenatedPart_dispred#ff/2 is empty
[2021-01-02 06:47:03] (4s)  >>> Wrote relation AstGenerated::Str_::getAnImplicitlyConcatenatedPart_dispred#ff with 0 rows and 2 columns.
[2021-01-02 06:47:03] (4s) Inferred that non-rec relation project#AstGenerated::Str_::getAnImplicitlyConcatenatedPart_dispred#ff/1 is empty
[2021-01-02 06:47:03] (4s)  >>> Wrote relation project#AstGenerated::Str_::getAnImplicitlyConcatenatedPart_dispred#ff with 0 rows and 1 columns.
[2021-01-02 06:47:03] (4s) Inferred that non-rec relation m#Scope::Scope::getEnclosingModule_dispred#bf#shared/1 is empty
[2021-01-02 06:47:03] (4s)  >>> Wrote relation m#Scope::Scope::getEnclosingModule_dispred#bf#shared with 0 rows and 1 columns.
[2021-01-02 06:47:03] (4s) Starting to evaluate predicate Stmts::Stmt::getScope_dispred#ff/2@5fead4
[2021-01-02 06:47:03] (4s)  >>> Wrote relation Stmts::Stmt::getScope_dispred#ff with 8 rows and 2 columns.
[2021-01-02 06:47:03] (4s) Inferred that non-rec relation m#Stmts::Stmt::getEnclosingModule_dispred#bf/1 is empty
[2021-01-02 06:47:03] (4s)  >>> Wrote relation m#Stmts::Stmt::getEnclosingModule_dispred#bf with 0 rows and 1 columns.
[2021-01-02 06:47:03] (4s) Starting to evaluate predicate m#Scope::Scope::getEnclosingModule_dispred#bf#cur_delta/1[1]@f03344 (iteration 1)
[2021-01-02 06:47:03] (4s) Empty delta for m#Scope::Scope::getEnclosingModule_dispred#bf_delta (order for disjuncts: delta=<standard>).
[2021-01-02 06:47:03] (4s) Accumulating deltas
[2021-01-02 06:47:03] (4s)  >>> Wrote relation m#Scope::Scope::getEnclosingModule_dispred#bf with 0 rows and 1 columns.
[2021-01-02 06:47:03] (4s) Inferred that non-rec relation Scope::Scope::getEnclosingModule_dispred#bf#join_rhs/2 is empty
[2021-01-02 06:47:03] (4s)  >>> Wrote relation Scope::Scope::getEnclosingModule_dispred#bf#join_rhs with 0 rows and 2 columns.
[2021-01-02 06:47:03] (4s) Starting to evaluate predicate Scope::Scope::getEnclosingModule_dispred#bf#cur_delta/2[1]@e6794b (iteration 1)
[2021-01-02 06:47:03] (4s) Empty delta for Scope::Scope::getEnclosingModule_dispred#bf_delta (order for disjuncts: delta=<standard>).
[2021-01-02 06:47:03] (4s) Accumulating deltas
[2021-01-02 06:47:03] (4s)  >>> Wrote relation Scope::Scope::getEnclosingModule_dispred#bf with 0 rows and 2 columns.
[2021-01-02 06:47:03] (4s)  >>> Wrote relation py_flags_versioned with 70 rows and 3 columns.
[2021-01-02 06:47:03] (4s) Starting to evaluate predicate Constants::major_version#f#antijoin_rhs/0@9379cc
[2021-01-02 06:47:03] (4s)  >>> Wrote relation Constants::major_version#f#antijoin_rhs with 0 rows and 0 columns.
[2021-01-02 06:47:03] (4s) Starting to evaluate predicate Constants::explicit_major_version#f/1@bb6c14
[2021-01-02 06:47:03] (4s)  >>> Wrote relation Constants::explicit_major_version#f with 0 rows and 1 columns.
[2021-01-02 06:47:03] (4s) Inferred that non-rec relation Constants::explicit_major_version#f#nonempty/0 is empty
[2021-01-02 06:47:03] (4s)  >>> Wrote relation Constants::explicit_major_version#f#nonempty with 0 rows and 0 columns.
[2021-01-02 06:47:03] (4s) Starting to evaluate predicate Constants::major_version#f/1@346577
[2021-01-02 06:47:03] (4s)  >>> Wrote relation Constants::major_version#f with 1 rows and 1 columns.
[2021-01-02 06:47:03] (4s) Inferred that non-rec relation AstGenerated::Str_::getPrefix_dispred#bf/2 is empty
[2021-01-02 06:47:03] (4s)  >>> Wrote relation AstGenerated::Str_::getPrefix_dispred#bf with 0 rows and 2 columns.
[2021-01-02 06:47:03] (4s) Starting to evaluate predicate Exprs::StrConst::isUnicode_dispred#b/1@6b2c74
[2021-01-02 06:47:03] (4s)  >>> Wrote relation Exprs::StrConst::isUnicode_dispred#b with 0 rows and 1 columns.
[2021-01-02 06:47:03] (4s) Starting to evaluate predicate py_dict_items_10#join_rhs/2@e1d592
[2021-01-02 06:47:03] (4s)  >>> Wrote relation py_dict_items_10#join_rhs with 5 rows and 2 columns.
[2021-01-02 06:47:03] (4s) Starting to evaluate predicate Keywords::Keyword::getValue_dispred#ff/2@711992
[2021-01-02 06:47:03] (4s)  >>> Wrote relation Keywords::Keyword::getValue_dispred#ff with 4 rows and 2 columns.
[2021-01-02 06:47:03] (4s) Starting to evaluate predicate Keywords::KeyValuePair::getValue_dispred#ff/2@5f5081
[2021-01-02 06:47:03] (4s)  >>> Wrote relation Keywords::KeyValuePair::getValue_dispred#ff with 1 rows and 2 columns.
[2021-01-02 06:47:03] (4s) Starting to evaluate predicate Keywords::DictUnpacking::getValue_dispred#ff/2@38542c
[2021-01-02 06:47:03] (4s)  >>> Wrote relation Keywords::DictUnpacking::getValue_dispred#ff with 0 rows and 2 columns.
[2021-01-02 06:47:03] (4s) Inferred that non-rec relation AstGenerated::ListComp_::getAGenerator_dispred#ff/2 is empty
[2021-01-02 06:47:03] (4s)  >>> Wrote relation AstGenerated::ListComp_::getAGenerator_dispred#ff with 0 rows and 2 columns.
[2021-01-02 06:47:03] (4s) Starting to evaluate predicate AstExtended::AstNode::getScope_dispred#ff/2@18f3e6
[2021-01-02 06:47:03] (4s)  >>> Wrote relation AstExtended::AstNode::getScope_dispred#ff with 73 rows and 2 columns.
[2021-01-02 06:47:03] (4s) Starting to evaluate predicate Flow::ControlFlowNode::getScope_dispred#bf#antijoin_rhs/1@e5d76b
[2021-01-02 06:47:03] (4s)  >>> Wrote relation Flow::ControlFlowNode::getScope_dispred#bf#antijoin_rhs with 0 rows and 1 columns.
[2021-01-02 06:47:03] (4s) Starting to evaluate predicate Flow::ControlFlowNode::getScope_dispred#bf/2@fb4a30
[2021-01-02 06:47:03] (4s)  >>> Wrote relation Flow::ControlFlowNode::getScope_dispred#bf with 5 rows and 2 columns.
[2021-01-02 06:47:03] (4s) Starting to evaluate predicate Definition::Definition::isUnused_dispred#f#shared/1@2d4b81
[2021-01-02 06:47:03] (4s)  >>> Wrote relation Definition::Definition::isUnused_dispred#f#shared with 5 rows and 1 columns.
[2021-01-02 06:47:03] (4s)  >>> Wrote relation py_ssa_defn with 6 rows and 2 columns.
[2021-01-02 06:47:03] (4s) Starting to evaluate predicate py_ssa_defn_1#join_rhs/1@12e2e4
[2021-01-02 06:47:03] (4s)  >>> Wrote relation py_ssa_defn_1#join_rhs with 6 rows and 1 columns.
[2021-01-02 06:47:03] (4s) Starting to evaluate predicate Definition::Definition::isUnused_dispred#f#antijoin_rhs/1@435829
[2021-01-02 06:47:03] (4s)  >>> Wrote relation Definition::Definition::isUnused_dispred#f#antijoin_rhs with 5 rows and 1 columns.
[2021-01-02 06:47:03] (4s) Starting to evaluate predicate Definition::Definition::isUnused_dispred#f#shared#1/1@c5baaa
[2021-01-02 06:47:03] (4s)  >>> Wrote relation Definition::Definition::isUnused_dispred#f#shared#1 with 0 rows and 1 columns.
[2021-01-02 06:47:03] (4s) Inferred that non-rec relation Definition::Definition::isUnused_dispred#f#shared#2/1 is empty
[2021-01-02 06:47:03] (4s)  >>> Wrote relation Definition::Definition::isUnused_dispred#f#shared#2 with 0 rows and 1 columns.
[2021-01-02 06:47:03] (4s) Inferred that non-rec relation Definition::Definition::isUnused_dispred#f/1 is empty
[2021-01-02 06:47:03] (4s)  >>> Wrote relation Definition::Definition::isUnused_dispred#f with 0 rows and 1 columns.
[2021-01-02 06:47:03] (4s) Inferred that non-rec relation unusedlocalvar::unused_local#ff#shared/2 is empty
[2021-01-02 06:47:03] (4s)  >>> Wrote relation unusedlocalvar::unused_local#ff#shared with 0 rows and 2 columns.
[2021-01-02 06:47:03] (4s) Inferred that non-rec relation unusedlocalvar::unused_local#ff#shared#1/2 is empty
[2021-01-02 06:47:03] (4s)  >>> Wrote relation unusedlocalvar::unused_local#ff#shared#1 with 0 rows and 2 columns.
[2021-01-02 06:47:03] (4s) Inferred that non-rec relation unusedlocalvar::unused_local#ff#shared#2/3 is empty
[2021-01-02 06:47:03] (4s)  >>> Wrote relation unusedlocalvar::unused_local#ff#shared#2 with 0 rows and 3 columns.
[2021-01-02 06:47:03] (4s) Inferred that non-rec relation unusedlocalvar::unused_local#ff/2 is empty
[2021-01-02 06:47:03] (4s)  >>> Wrote relation unusedlocalvar::unused_local#ff with 0 rows and 2 columns.
[2021-01-02 06:47:03] (4s) Inferred that non-rec relation unusedlocalvar::unused_local#ff_10#join_rhs/2 is empty
[2021-01-02 06:47:03] (4s)  >>> Wrote relation unusedlocalvar::unused_local#ff_10#join_rhs with 0 rows and 2 columns.
[2021-01-02 06:47:03] (4s) Inferred that non-rec relation #select#fffff/5 is empty
[2021-01-02 06:47:03] (4s)  >>> Wrote relation #select#fffff with 0 rows and 5 columns.
[2021-01-02 06:47:03] (4s) Inferred that non-rec relation project##select#fffff#2/1 is empty
[2021-01-02 06:47:03] (4s)  >>> Wrote relation project##select#fffff#2 with 0 rows and 1 columns.
[2021-01-02 06:47:03] (4s) Inferred that non-rec relation Files::Location::toString_dispred#bf/2 is empty
[2021-01-02 06:47:03] (4s)  >>> Wrote relation Files::Location::toString_dispred#bf with 0 rows and 2 columns.
[2021-01-02 06:47:03] (4s) Inferred that non-rec relation project#Files::Location::toString_dispred#bf/1 is empty
[2021-01-02 06:47:03] (4s)  >>> Wrote relation project#Files::Location::toString_dispred#bf with 0 rows and 1 columns.
[2021-01-02 06:47:03] (4s) Inferred that non-rec relation #select#query#ffffffffffffffffff#shared/12 is empty
[2021-01-02 06:47:03] (4s)  >>> Wrote relation #select#query#ffffffffffffffffff#shared with 0 rows and 12 columns.
[2021-01-02 06:47:03] (4s) Inferred that non-rec relation #select#query#ffffffffffffffffff#shared#1/13 is empty
[2021-01-02 06:47:03] (4s)  >>> Wrote relation #select#query#ffffffffffffffffff#shared#1 with 0 rows and 13 columns.
[2021-01-02 06:47:03] (4s) Inferred that non-rec relation #select#query#ffffffffffffffffff#antijoin_rhs/12 is empty
[2021-01-02 06:47:03] (4s)  >>> Wrote relation #select#query#ffffffffffffffffff#antijoin_rhs with 0 rows and 12 columns.
[2021-01-02 06:47:03] (4s)  >>> Wrote relation folders with 10 rows and 3 columns.
[2021-01-02 06:47:03] (4s)  >>> Wrote relation files with 1 rows and 5 columns.
[2021-01-02 06:47:03] (4s) Starting to evaluate predicate Files::Container::getAbsolutePath_dispred#ff/2@689a5d
[2021-01-02 06:47:03] (4s)  >>> Wrote relation Files::Container::getAbsolutePath_dispred#ff with 11 rows and 2 columns.
[2021-01-02 06:47:03] (4s) Inferred that non-rec relation project##select#fffff/1 is empty
[2021-01-02 06:47:03] (4s)  >>> Wrote relation project##select#fffff with 0 rows and 1 columns.
[2021-01-02 06:47:03] (4s) Inferred that non-rec relation Exprs::Expr::getLocation_dispred#bf/2 is empty
[2021-01-02 06:47:03] (4s)  >>> Wrote relation Exprs::Expr::getLocation_dispred#bf with 0 rows and 2 columns.
[2021-01-02 06:47:03] (4s) Starting to evaluate predicate m#Files::Location::hasLocationInfo_dispred#bfffff/1@2df45a
[2021-01-02 06:47:03] (4s)  >>> Wrote relation m#Files::Location::hasLocationInfo_dispred#bfffff with 0 rows and 1 columns.
[2021-01-02 06:47:03] (4s) Inferred that non-rec relation Files::Location::hasLocationInfo_dispred#bfffff/6 is empty
[2021-01-02 06:47:03] (4s)  >>> Wrote relation Files::Location::hasLocationInfo_dispred#bfffff with 0 rows and 6 columns.
[2021-01-02 06:47:03] (4s) Starting to evaluate predicate #select#query#ffffffffffffffffff/18@affd40
[2021-01-02 06:47:03] (4s)  >>> Wrote relation #select#query#ffffffffffffffffff with 0 rows and 18 columns.
[2021-01-02 06:47:03] (4s) Query done
[2021-01-02 06:47:03] CSV_CACHE_DIFF: #select#query#ffffffffffffffffff (unusedlocalvar.ql),4.764,2.484,2.046,0.041,0.003,0.001,0,0,0,0,0,0,0
[2021-01-02 06:47:03] (4s) Sequence stamp origin is -6640758104497189742
[2021-01-02 06:47:03] (4s) Stopped the world to sync to disk at sequence stamp o+0
[2021-01-02 06:47:03] (4s) Starting the world again
[2021-01-02 06:47:03] CSV_IMB_QUERIES: Query,#select#query#ffffffffffffffffff,unusedlocalvar.ql,2,Success,4.764,0,4997
[2021-01-02 06:47:03] Evaluation of /home/aadityanaik/relational-representation/datasets/cubert/unusedlocalvar.ql produced BQRS results
[2021-01-02 06:47:03] [PROGRESS] execute queries> [1/1] Evaluation done (5.4s); writing results to /home/aadityanaik/relational-representation/datasets/cubert/py_files/train/correct/file_243386/codeqldb/unused_local_vars.bqrs.
[2021-01-02 06:47:03] [PROGRESS] execute queries> Shutting down query evaluator.
[2021-01-02 06:47:03] Stopped the world to close the cache at sequence stamp o+1
[2021-01-02 06:47:03] The disk cache is freshly trimmed; leave it be.
[2021-01-02 06:47:03] Starting the world again
[2021-01-02 06:47:04] Terminating normally.
