[2020-12-26 15:56:06] This is codeql database create py_files/train/correct/file_248218/codeqldb --language=python --source-root=py_files/train/correct/file_248218
[2020-12-26 15:56:06] Log file was started late.
[2020-12-26 15:56:06] Using autobuild script /home/aadityanaik/codeql/codeql/python/tools/autobuild.sh.
[2020-12-26 15:56:06] [DETAILS] database create> Detected autobuild command: /home/aadityanaik/codeql/codeql/python/tools/autobuild.sh.
[2020-12-26 15:56:06] [PROGRESS] database create> Running command [/home/aadityanaik/codeql/codeql/python/tools/autobuild.sh] in /home/aadityanaik/relational-representation/datasets/cubert/py_files/train/correct/file_248218.
[2020-12-26 15:56:06] Running plumbing command: codeql database trace-command --working-dir=/home/aadityanaik/relational-representation/datasets/cubert/py_files/train/correct/file_248218 -- /home/aadityanaik/relational-representation/datasets/cubert/py_files/train/correct/file_248218/codeqldb /home/aadityanaik/codeql/codeql/python/tools/autobuild.sh
[2020-12-26 15:56:06] [PROGRESS] database trace-command> /home/aadityanaik/relational-representation/datasets/cubert/py_files/train/correct/file_248218/codeqldb: Running in /home/aadityanaik/relational-representation/datasets/cubert/py_files/train/correct/file_248218: [/home/aadityanaik/codeql/codeql/python/tools/autobuild.sh]
[2020-12-26 15:56:07] [build] Calling python3 /home/aadityanaik/codeql/codeql/python/tools/get_venv_lib.py
[2020-12-26 15:56:07] [build] Calling python3 -S /home/aadityanaik/codeql/codeql/python/tools/python_tracer.py -v -z all -c /home/aadityanaik/relational-representation/datasets/cubert/py_files/train/correct/file_248218/codeqldb/working/trap_cache -p /home/aadityanaik/anaconda3/lib/python3.7/site-packages -R /home/aadityanaik/relational-representation/datasets/cubert/py_files/train/correct/file_248218
[2020-12-26 15:56:07] [build] [INFO] Python version 3.7.4
[2020-12-26 15:56:07] [build] [INFO] Python extractor version 5.11
[2020-12-26 15:56:11] [build] [INFO] [7] Extracted file /home/aadityanaik/relational-representation/datasets/cubert/py_files/train/correct/file_248218/source.py in 833ms
[2020-12-26 15:56:12] [build] [INFO] Processed 1 modules in 2.54s
[2020-12-26 15:56:12] Plumbing command codeql database trace-command completed.
[2020-12-26 15:56:12] [PROGRESS] database create> Finalizing database at /home/aadityanaik/relational-representation/datasets/cubert/py_files/train/correct/file_248218/codeqldb.
[2020-12-26 15:56:12] Running plumbing command: codeql database finalize --mode=normal -- /home/aadityanaik/relational-representation/datasets/cubert/py_files/train/correct/file_248218/codeqldb
[2020-12-26 15:56:12] [PROGRESS] database finalize> Running TRAP import for CodeQL database at /home/aadityanaik/relational-representation/datasets/cubert/py_files/train/correct/file_248218/codeqldb...
[2020-12-26 15:56:12] Running plumbing command: codeql dataset import --dbscheme=/home/aadityanaik/codeql/codeql/python/semmlecode.python.dbscheme -- /home/aadityanaik/relational-representation/datasets/cubert/py_files/train/correct/file_248218/codeqldb/db-python /home/aadityanaik/relational-representation/datasets/cubert/py_files/train/correct/file_248218/codeqldb/trap/python
[2020-12-26 15:56:12] Clearing disk cache since the version file /home/aadityanaik/relational-representation/datasets/cubert/py_files/train/correct/file_248218/codeqldb/db-python/default/cache/version does not exist
[2020-12-26 15:56:12] Tuple pool not found. Clearing relations with cached strings
[2020-12-26 15:56:12] Trimming disk cache at /home/aadityanaik/relational-representation/datasets/cubert/py_files/train/correct/file_248218/codeqldb/db-python/default/cache in mode brutal.
[2020-12-26 15:56:12] Sequence stamp origin is -6643214153098379009
[2020-12-26 15:56:12] Stopped the world to hard-clear memory at sequence stamp o+0
[2020-12-26 15:56:12] Starting the world again
[2020-12-26 15:56:12] Stopped the world to quickly trim disk at sequence stamp o+1
[2020-12-26 15:56:12] Starting the world again
[2020-12-26 15:56:12] Stopped the world to zealously trim disk at sequence stamp o+2
[2020-12-26 15:56:12] Starting the world again
[2020-12-26 15:56:12] Trimming completed (16ms): Purged everything.
[2020-12-26 15:56:13] Scanning for files in /home/aadityanaik/relational-representation/datasets/cubert/py_files/train/correct/file_248218/codeqldb/trap/python
[2020-12-26 15:56:13] Importing $files.JS5MxKbduKXu0PE0eJhamhITa_s=.trap.gz (1 of 5)
[2020-12-26 15:56:13] Importing $interpreter3.yLKgC01Ih-SBODObXcGvIWHxXHQ=.trap.gz (2 of 5)
[2020-12-26 15:56:13] Importing $stdlib_33.7cr9nn59D9cUTky1BprIr_nFt4I=.trap (3 of 5)
[2020-12-26 15:56:13] Importing source.py.FITGei2Pm82cLt5tnFj_Umrae3g=.trap.gz (4 of 5)
[2020-12-26 15:56:13] Importing sourceLocationPrefix.trap.gz (5 of 5)
[2020-12-26 15:56:13] Merging 1 fragments for files.
[2020-12-26 15:56:13] Merging 1 fragments for folders.
[2020-12-26 15:56:13] Merging 1 fragments for containerparent.
[2020-12-26 15:56:13] Merging 1 fragments for py_flags_versioned.
[2020-12-26 15:56:13] Merging 1 fragments for py_cobjects.
[2020-12-26 15:56:14] Merging 1 fragments for py_cobjecttypes.
[2020-12-26 15:56:14] Merging 1 fragments for py_cobject_sources.
[2020-12-26 15:56:14] Merging 1 fragments for py_cobjectnames.
[2020-12-26 15:56:14] Merging 1 fragments for py_cmembers_versioned.
[2020-12-26 15:56:14] Merging 1 fragments for py_special_objects.
[2020-12-26 15:56:14] Merging 1 fragments for py_citems.
[2020-12-26 15:56:14] Merging 1 fragments for ext_rettype.
[2020-12-26 15:56:14] Merging 1 fragments for ext_argtype.
[2020-12-26 15:56:14] Merging 1 fragments for ext_argreturn.
[2020-12-26 15:56:14] Merging 1 fragments for ext_proptype.
[2020-12-26 15:56:14] Merging 1 fragments for py_Modules.
[2020-12-26 15:56:14] Merging 1 fragments for py_module_path.
[2020-12-26 15:56:14] Merging 1 fragments for variable.
[2020-12-26 15:56:14] Merging 1 fragments for py_extracted_version.
[2020-12-26 15:56:14] Merging 1 fragments for py_stmt_lists.
[2020-12-26 15:56:14] Merging 1 fragments for py_stmts.
[2020-12-26 15:56:14] Merging 1 fragments for py_scopes.
[2020-12-26 15:56:14] Merging 1 fragments for py_exprs.
[2020-12-26 15:56:14] Merging 1 fragments for py_strs.
[2020-12-26 15:56:14] Merging 1 fragments for py_arguments.
[2020-12-26 15:56:14] Merging 1 fragments for py_expr_lists.
[2020-12-26 15:56:14] Merging 1 fragments for py_Functions.
[2020-12-26 15:56:14] Merging 1 fragments for py_parameter_lists.
[2020-12-26 15:56:14] Merging 1 fragments for py_variables.
[2020-12-26 15:56:14] Merging 1 fragments for py_expr_contexts.
[2020-12-26 15:56:14] Merging 1 fragments for py_numbers.
[2020-12-26 15:56:14] Merging 1 fragments for py_exports.
[2020-12-26 15:56:14] Merging 1 fragments for py_flow_bb_node.
[2020-12-26 15:56:14] Merging 1 fragments for py_scope_flow.
[2020-12-26 15:56:14] Merging 1 fragments for py_successors.
[2020-12-26 15:56:14] Merging 1 fragments for py_idoms.
[2020-12-26 15:56:14] Merging 1 fragments for py_ssa_var.
[2020-12-26 15:56:14] Merging 1 fragments for py_ssa_defn.
[2020-12-26 15:56:14] Merging 1 fragments for py_ssa_use.
[2020-12-26 15:56:14] Merging 1 fragments for locations_ast.
[2020-12-26 15:56:14] Merging 1 fragments for py_scope_location.
[2020-12-26 15:56:14] Merging 1 fragments for py_codelines.
[2020-12-26 15:56:14] Merging 1 fragments for py_commentlines.
[2020-12-26 15:56:14] Merging 1 fragments for py_docstringlines.
[2020-12-26 15:56:14] Merging 1 fragments for py_alllines.
[2020-12-26 15:56:14] Merging 1 fragments for numlines.
[2020-12-26 15:56:14] Merging 1 fragments for py_locations.
[2020-12-26 15:56:14] Merging 1 fragments for sourceLocationPrefix.
[2020-12-26 15:56:14] Saving string and id pools to disk.
[2020-12-26 15:56:14] Finished importing trap files.
[2020-12-26 15:56:14] Stopped the world to close the cache at sequence stamp o+3
[2020-12-26 15:56:14] The disk cache is freshly trimmed; leave it be.
[2020-12-26 15:56:14] Starting the world again
[2020-12-26 15:56:14] Plumbing command codeql dataset import completed.
[2020-12-26 15:56:14] [PROGRESS] database finalize> TRAP import complete (1.7s).
[2020-12-26 15:56:14] Running plumbing command: codeql database cleanup --mode=normal -- /home/aadityanaik/relational-representation/datasets/cubert/py_files/train/correct/file_248218/codeqldb
[2020-12-26 15:56:14] [PROGRESS] database cleanup> Cleaning up existing TRAP files after import...
[2020-12-26 15:56:14] [PROGRESS] database cleanup> TRAP files cleaned up (1ms).
[2020-12-26 15:56:14] Running plumbing command: codeql dataset cleanup --mode=normal -- /home/aadityanaik/relational-representation/datasets/cubert/py_files/train/correct/file_248218/codeqldb/db-python
[2020-12-26 15:56:14] [PROGRESS] dataset cleanup> Cleaning up dataset in /home/aadityanaik/relational-representation/datasets/cubert/py_files/train/correct/file_248218/codeqldb/db-python.
[2020-12-26 15:56:14] Trimming disk cache at /home/aadityanaik/relational-representation/datasets/cubert/py_files/train/correct/file_248218/codeqldb/db-python/default/cache in mode normal.
[2020-12-26 15:56:14] Sequence stamp origin is -6643214146898336019
[2020-12-26 15:56:14] Stopped the world to zealously trim disk at sequence stamp o+0
[2020-12-26 15:56:14] Starting the world again
[2020-12-26 15:56:14] Trimming completed (2ms): Trimmed disposable data from cache.
[2020-12-26 15:56:14] Stopped the world to close the cache at sequence stamp o+1
[2020-12-26 15:56:14] The disk cache is freshly trimmed; leave it be.
[2020-12-26 15:56:14] Starting the world again
[2020-12-26 15:56:14] [PROGRESS] dataset cleanup> Trimmed disposable data from cache.
[2020-12-26 15:56:14] Plumbing command codeql dataset cleanup completed.
[2020-12-26 15:56:14] Plumbing command codeql database cleanup completed with status 0.
[2020-12-26 15:56:14] Plumbing command codeql database finalize completed with status 0.
[2020-12-26 15:56:14] [PROGRESS] database create> Successfully created database at /home/aadityanaik/relational-representation/datasets/cubert/py_files/train/correct/file_248218/codeqldb.
[2020-12-26 15:56:14] Terminating normally.
