[2020-12-26 14:58:23] This is codeql database create py_files/train/correct/file_234474/codeqldb --language=python --source-root=py_files/train/correct/file_234474
[2020-12-26 14:58:23] Log file was started late.
[2020-12-26 14:58:23] Using autobuild script /home/aadityanaik/codeql/codeql/python/tools/autobuild.sh.
[2020-12-26 14:58:23] [DETAILS] database create> Detected autobuild command: /home/aadityanaik/codeql/codeql/python/tools/autobuild.sh.
[2020-12-26 14:58:23] [PROGRESS] database create> Running command [/home/aadityanaik/codeql/codeql/python/tools/autobuild.sh] in /home/aadityanaik/relational-representation/datasets/cubert/py_files/train/correct/file_234474.
[2020-12-26 14:58:23] Running plumbing command: codeql database trace-command --working-dir=/home/aadityanaik/relational-representation/datasets/cubert/py_files/train/correct/file_234474 -- /home/aadityanaik/relational-representation/datasets/cubert/py_files/train/correct/file_234474/codeqldb /home/aadityanaik/codeql/codeql/python/tools/autobuild.sh
[2020-12-26 14:58:23] [PROGRESS] database trace-command> /home/aadityanaik/relational-representation/datasets/cubert/py_files/train/correct/file_234474/codeqldb: Running in /home/aadityanaik/relational-representation/datasets/cubert/py_files/train/correct/file_234474: [/home/aadityanaik/codeql/codeql/python/tools/autobuild.sh]
[2020-12-26 14:58:23] [build] Calling python3 /home/aadityanaik/codeql/codeql/python/tools/get_venv_lib.py
[2020-12-26 14:58:23] [build] Calling python3 -S /home/aadityanaik/codeql/codeql/python/tools/python_tracer.py -v -z all -c /home/aadityanaik/relational-representation/datasets/cubert/py_files/train/correct/file_234474/codeqldb/working/trap_cache -p /home/aadityanaik/anaconda3/lib/python3.7/site-packages -R /home/aadityanaik/relational-representation/datasets/cubert/py_files/train/correct/file_234474
[2020-12-26 14:58:24] [build] [INFO] Python version 3.7.4
[2020-12-26 14:58:24] [build] [INFO] Python extractor version 5.11
[2020-12-26 14:58:28] [build] [INFO] [8] Extracted file /home/aadityanaik/relational-representation/datasets/cubert/py_files/train/correct/file_234474/source.py in 1302ms
[2020-12-26 14:58:29] [build] [INFO] Processed 1 modules in 3.39s
[2020-12-26 14:58:29] Plumbing command codeql database trace-command completed.
[2020-12-26 14:58:29] [PROGRESS] database create> Finalizing database at /home/aadityanaik/relational-representation/datasets/cubert/py_files/train/correct/file_234474/codeqldb.
[2020-12-26 14:58:29] Running plumbing command: codeql database finalize --mode=normal -- /home/aadityanaik/relational-representation/datasets/cubert/py_files/train/correct/file_234474/codeqldb
[2020-12-26 14:58:29] [PROGRESS] database finalize> Running TRAP import for CodeQL database at /home/aadityanaik/relational-representation/datasets/cubert/py_files/train/correct/file_234474/codeqldb...
[2020-12-26 14:58:29] Running plumbing command: codeql dataset import --dbscheme=/home/aadityanaik/codeql/codeql/python/semmlecode.python.dbscheme -- /home/aadityanaik/relational-representation/datasets/cubert/py_files/train/correct/file_234474/codeqldb/db-python /home/aadityanaik/relational-representation/datasets/cubert/py_files/train/correct/file_234474/codeqldb/trap/python
[2020-12-26 14:58:29] Clearing disk cache since the version file /home/aadityanaik/relational-representation/datasets/cubert/py_files/train/correct/file_234474/codeqldb/db-python/default/cache/version does not exist
[2020-12-26 14:58:29] Tuple pool not found. Clearing relations with cached strings
[2020-12-26 14:58:29] Trimming disk cache at /home/aadityanaik/relational-representation/datasets/cubert/py_files/train/correct/file_234474/codeqldb/db-python/default/cache in mode brutal.
[2020-12-26 14:58:29] Sequence stamp origin is -6643229026026614125
[2020-12-26 14:58:29] Stopped the world to hard-clear memory at sequence stamp o+0
[2020-12-26 14:58:29] Starting the world again
[2020-12-26 14:58:29] Stopped the world to quickly trim disk at sequence stamp o+1
[2020-12-26 14:58:29] Starting the world again
[2020-12-26 14:58:29] Stopped the world to zealously trim disk at sequence stamp o+2
[2020-12-26 14:58:29] Starting the world again
[2020-12-26 14:58:29] Trimming completed (18ms): Purged everything.
[2020-12-26 14:58:30] Scanning for files in /home/aadityanaik/relational-representation/datasets/cubert/py_files/train/correct/file_234474/codeqldb/trap/python
[2020-12-26 14:58:30] Importing $files.r3LStYRI2bDdzWrA8uaG5pYHKhg=.trap.gz (1 of 5)
[2020-12-26 14:58:30] Importing $interpreter3.rfK7xgSk3G1uW24IVDU2pdU1KHM=.trap.gz (2 of 5)
[2020-12-26 14:58:30] Importing $stdlib_33.oyc3R3VY_PRulGiFdBYbCm0BByA=.trap (3 of 5)
[2020-12-26 14:58:30] Importing source.py.RsebkCFkuJPO_0qSt9IqigZSV-c=.trap.gz (4 of 5)
[2020-12-26 14:58:30] Importing sourceLocationPrefix.trap.gz (5 of 5)
[2020-12-26 14:58:30] Merging 1 fragments for files.
[2020-12-26 14:58:30] Merging 1 fragments for folders.
[2020-12-26 14:58:30] Merging 1 fragments for containerparent.
[2020-12-26 14:58:30] Merging 1 fragments for py_flags_versioned.
[2020-12-26 14:58:30] Merging 1 fragments for py_cobjects.
[2020-12-26 14:58:30] Merging 1 fragments for py_cobjecttypes.
[2020-12-26 14:58:30] Merging 1 fragments for py_cobject_sources.
[2020-12-26 14:58:30] Merging 1 fragments for py_cobjectnames.
[2020-12-26 14:58:30] Merging 1 fragments for py_cmembers_versioned.
[2020-12-26 14:58:30] Merging 1 fragments for py_special_objects.
[2020-12-26 14:58:30] Merging 1 fragments for py_citems.
[2020-12-26 14:58:30] Merging 1 fragments for ext_rettype.
[2020-12-26 14:58:30] Merging 1 fragments for ext_argtype.
[2020-12-26 14:58:30] Merging 1 fragments for ext_argreturn.
[2020-12-26 14:58:30] Merging 1 fragments for ext_proptype.
[2020-12-26 14:58:30] Merging 1 fragments for py_Modules.
[2020-12-26 14:58:30] Merging 1 fragments for py_module_path.
[2020-12-26 14:58:30] Merging 1 fragments for variable.
[2020-12-26 14:58:30] Merging 1 fragments for py_extracted_version.
[2020-12-26 14:58:30] Merging 1 fragments for py_stmt_lists.
[2020-12-26 14:58:30] Merging 1 fragments for py_stmts.
[2020-12-26 14:58:30] Merging 1 fragments for py_scopes.
[2020-12-26 14:58:30] Merging 1 fragments for py_exprs.
[2020-12-26 14:58:30] Merging 1 fragments for py_strs.
[2020-12-26 14:58:30] Merging 1 fragments for py_arguments.
[2020-12-26 14:58:30] Merging 1 fragments for py_expr_lists.
[2020-12-26 14:58:30] Merging 1 fragments for py_Functions.
[2020-12-26 14:58:30] Merging 1 fragments for py_parameter_lists.
[2020-12-26 14:58:30] Merging 1 fragments for py_variables.
[2020-12-26 14:58:30] Merging 1 fragments for py_expr_contexts.
[2020-12-26 14:58:30] Merging 1 fragments for py_numbers.
[2020-12-26 14:58:30] Merging 1 fragments for py_dict_item_lists.
[2020-12-26 14:58:30] Merging 1 fragments for py_dict_items.
[2020-12-26 14:58:30] Merging 1 fragments for py_exports.
[2020-12-26 14:58:30] Merging 1 fragments for py_flow_bb_node.
[2020-12-26 14:58:30] Merging 1 fragments for py_scope_flow.
[2020-12-26 14:58:30] Merging 1 fragments for py_successors.
[2020-12-26 14:58:30] Merging 1 fragments for py_exception_successors.
[2020-12-26 14:58:30] Merging 1 fragments for py_true_successors.
[2020-12-26 14:58:30] Merging 1 fragments for py_false_successors.
[2020-12-26 14:58:30] Merging 1 fragments for py_idoms.
[2020-12-26 14:58:30] Merging 1 fragments for py_ssa_var.
[2020-12-26 14:58:31] Merging 1 fragments for py_ssa_defn.
[2020-12-26 14:58:31] Merging 1 fragments for py_ssa_use.
[2020-12-26 14:58:31] Merging 1 fragments for py_ssa_phi.
[2020-12-26 14:58:31] Merging 1 fragments for locations_ast.
[2020-12-26 14:58:31] Merging 1 fragments for py_scope_location.
[2020-12-26 14:58:31] Merging 1 fragments for py_codelines.
[2020-12-26 14:58:31] Merging 1 fragments for py_commentlines.
[2020-12-26 14:58:31] Merging 1 fragments for py_docstringlines.
[2020-12-26 14:58:31] Merging 1 fragments for py_alllines.
[2020-12-26 14:58:31] Merging 1 fragments for numlines.
[2020-12-26 14:58:31] Merging 1 fragments for py_locations.
[2020-12-26 14:58:31] Merging 1 fragments for sourceLocationPrefix.
[2020-12-26 14:58:31] Saving string and id pools to disk.
[2020-12-26 14:58:31] Finished importing trap files.
[2020-12-26 14:58:31] Stopped the world to close the cache at sequence stamp o+3
[2020-12-26 14:58:31] The disk cache is freshly trimmed; leave it be.
[2020-12-26 14:58:31] Starting the world again
[2020-12-26 14:58:31] Plumbing command codeql dataset import completed.
[2020-12-26 14:58:31] [PROGRESS] database finalize> TRAP import complete (1.5s).
[2020-12-26 14:58:31] Running plumbing command: codeql database cleanup --mode=normal -- /home/aadityanaik/relational-representation/datasets/cubert/py_files/train/correct/file_234474/codeqldb
[2020-12-26 14:58:31] [PROGRESS] database cleanup> Cleaning up existing TRAP files after import...
[2020-12-26 14:58:31] [PROGRESS] database cleanup> TRAP files cleaned up (1ms).
[2020-12-26 14:58:31] Running plumbing command: codeql dataset cleanup --mode=normal -- /home/aadityanaik/relational-representation/datasets/cubert/py_files/train/correct/file_234474/codeqldb/db-python
[2020-12-26 14:58:31] [PROGRESS] dataset cleanup> Cleaning up dataset in /home/aadityanaik/relational-representation/datasets/cubert/py_files/train/correct/file_234474/codeqldb/db-python.
[2020-12-26 14:58:31] Trimming disk cache at /home/aadityanaik/relational-representation/datasets/cubert/py_files/train/correct/file_234474/codeqldb/db-python/default/cache in mode normal.
[2020-12-26 14:58:31] Sequence stamp origin is -6643229020633367857
[2020-12-26 14:58:31] Stopped the world to zealously trim disk at sequence stamp o+0
[2020-12-26 14:58:31] Starting the world again
[2020-12-26 14:58:31] Trimming completed (2ms): Trimmed disposable data from cache.
[2020-12-26 14:58:31] Stopped the world to close the cache at sequence stamp o+1
[2020-12-26 14:58:31] The disk cache is freshly trimmed; leave it be.
[2020-12-26 14:58:31] Starting the world again
[2020-12-26 14:58:31] [PROGRESS] dataset cleanup> Trimmed disposable data from cache.
[2020-12-26 14:58:31] Plumbing command codeql dataset cleanup completed.
[2020-12-26 14:58:31] Plumbing command codeql database cleanup completed with status 0.
[2020-12-26 14:58:31] Plumbing command codeql database finalize completed with status 0.
[2020-12-26 14:58:31] [PROGRESS] database create> Successfully created database at /home/aadityanaik/relational-representation/datasets/cubert/py_files/train/correct/file_234474/codeqldb.
[2020-12-26 14:58:31] Terminating normally.
