Compiling query plan for /home/aadityanaik/relational-representation/python_codeql/python-edb-queries/edb-queries/py_expr_contexts.ql.
[1/40] Compiled /home/aadityanaik/relational-representation/python_codeql/python-edb-queries/edb-queries/py_expr_contexts.ql (744ms).
Compiling query plan for /home/aadityanaik/relational-representation/python_codeql/python-edb-queries/edb-queries/py_Classes.ql.
Compiling query plan for /home/aadityanaik/relational-representation/python_codeql/python-edb-queries/edb-queries/py_cmpops.ql.
[2/40] Compiled /home/aadityanaik/relational-representation/python_codeql/python-edb-queries/edb-queries/py_cmpops.ql (568ms).
Compiling query plan for /home/aadityanaik/relational-representation/python_codeql/python-edb-queries/edb-queries/py_ssa_defn.ql.
Compiling query plan for /home/aadityanaik/relational-representation/python_codeql/python-edb-queries/edb-queries/py_stmt_lists.ql.
[3/40] Compiled /home/aadityanaik/relational-representation/python_codeql/python-edb-queries/edb-queries/py_Classes.ql (665ms).
Compiling query plan for /home/aadityanaik/relational-representation/python_codeql/python-edb-queries/edb-queries/py_true_successors.ql.
Compiling query plan for /home/aadityanaik/relational-representation/python_codeql/python-edb-queries/edb-queries/py_comprehensions.ql.
[4/40] Compiled /home/aadityanaik/relational-representation/python_codeql/python-edb-queries/edb-queries/py_stmt_lists.ql (451ms).
Compiling query plan for /home/aadityanaik/relational-representation/python_codeql/python-edb-queries/edb-queries/py_false_successors.ql.
Compiling query plan for /home/aadityanaik/relational-representation/python_codeql/python-edb-queries/edb-queries/locations_ast.ql.
[5/40] Compiled /home/aadityanaik/relational-representation/python_codeql/python-edb-queries/edb-queries/py_ssa_defn.ql (669ms).
Compiling query plan for /home/aadityanaik/relational-representation/python_codeql/python-edb-queries/edb-queries/py_locations.ql.
Compiling query plan for /home/aadityanaik/relational-representation/python_codeql/python-edb-queries/edb-queries/py_idoms.ql.
[6/40] Compiled /home/aadityanaik/relational-representation/python_codeql/python-edb-queries/edb-queries/py_true_successors.ql (589ms).
[7/40] Compiled /home/aadityanaik/relational-representation/python_codeql/python-edb-queries/edb-queries/py_comprehensions.ql (636ms).
Compiling query plan for /home/aadityanaik/relational-representation/python_codeql/python-edb-queries/edb-queries/py_boolops.ql.
Compiling query plan for /home/aadityanaik/relational-representation/python_codeql/python-edb-queries/edb-queries/py_expr_lists.ql.
Compiling query plan for /home/aadityanaik/relational-representation/python_codeql/python-edb-queries/edb-queries/py_scopes.ql.
Compiling query plan for /home/aadityanaik/relational-representation/python_codeql/python-edb-queries/edb-queries/py_parameter_lists.ql.
[8/40] Compiled /home/aadityanaik/relational-representation/python_codeql/python-edb-queries/edb-queries/py_false_successors.ql (737ms).
[9/40] Compiled /home/aadityanaik/relational-representation/python_codeql/python-edb-queries/edb-queries/locations_ast.ql (766ms).
Compiling query plan for /home/aadityanaik/relational-representation/python_codeql/python-edb-queries/edb-queries/py_ssa_use.ql.
Compiling query plan for /home/aadityanaik/relational-representation/python_codeql/python-edb-queries/edb-queries/py_scope_flow.ql.
[10/40] Compiled /home/aadityanaik/relational-representation/python_codeql/python-edb-queries/edb-queries/py_idoms.ql (779ms).
Compiling query plan for /home/aadityanaik/relational-representation/python_codeql/python-edb-queries/edb-queries/variable.ql.
[11/40] Compiled /home/aadityanaik/relational-representation/python_codeql/python-edb-queries/edb-queries/py_boolops.ql (702ms).
Compiling query plan for /home/aadityanaik/relational-representation/python_codeql/python-edb-queries/edb-queries/py_exception_successors.ql.
[12/40] Compiled /home/aadityanaik/relational-representation/python_codeql/python-edb-queries/edb-queries/py_locations.ql (879ms).
[13/40] Compiled /home/aadityanaik/relational-representation/python_codeql/python-edb-queries/edb-queries/py_parameter_lists.ql (608ms).
[14/40] Compiled /home/aadityanaik/relational-representation/python_codeql/python-edb-queries/edb-queries/py_scopes.ql (773ms).
[15/40] Compiled /home/aadityanaik/relational-representation/python_codeql/python-edb-queries/edb-queries/py_expr_lists.ql (780ms).
Compiling query plan for /home/aadityanaik/relational-representation/python_codeql/python-edb-queries/edb-queries/py_numbers.ql.
Compiling query plan for /home/aadityanaik/relational-representation/python_codeql/python-edb-queries/edb-queries/py_Functions.ql.
Compiling query plan for /home/aadityanaik/relational-representation/python_codeql/python-edb-queries/edb-queries/py_successors.ql.
Compiling query plan for /home/aadityanaik/relational-representation/python_codeql/python-edb-queries/edb-queries/py_ssa_phi.ql.
[16/40] Compiled /home/aadityanaik/relational-representation/python_codeql/python-edb-queries/edb-queries/py_ssa_phi.ql (616ms).
Compiling query plan for /home/aadityanaik/relational-representation/python_codeql/python-edb-queries/edb-queries/py_unaryops.ql.
[17/40] Compiled /home/aadityanaik/relational-representation/python_codeql/python-edb-queries/edb-queries/py_scope_flow.ql (1s).
Compiling query plan for /home/aadityanaik/relational-representation/python_codeql/python-edb-queries/edb-queries/py_stmts.ql.
[18/40] Compiled /home/aadityanaik/relational-representation/python_codeql/python-edb-queries/edb-queries/py_exception_successors.ql (1.1s).
Compiling query plan for /home/aadityanaik/relational-representation/python_codeql/python-edb-queries/edb-queries/py_dict_items.ql.
[19/40] Compiled /home/aadityanaik/relational-representation/python_codeql/python-edb-queries/edb-queries/py_numbers.ql (1s).
Compiling query plan for /home/aadityanaik/relational-representation/python_codeql/python-edb-queries/edb-queries/py_ints.ql.
[20/40] Compiled /home/aadityanaik/relational-representation/python_codeql/python-edb-queries/edb-queries/variable.ql (1.4s).
Compiling query plan for /home/aadityanaik/relational-representation/python_codeql/python-edb-queries/edb-queries/py_ssa_var.ql.
[21/40] Compiled /home/aadityanaik/relational-representation/python_codeql/python-edb-queries/edb-queries/py_successors.ql (1.2s).
[22/40] Compiled /home/aadityanaik/relational-representation/python_codeql/python-edb-queries/edb-queries/py_ssa_use.ql (1.6s).
Compiling query plan for /home/aadityanaik/relational-representation/python_codeql/python-edb-queries/edb-queries/py_dict_item_lists.ql.
Compiling query plan for /home/aadityanaik/relational-representation/python_codeql/python-edb-queries/edb-queries/py_exprs.ql.
[23/40] Compiled /home/aadityanaik/relational-representation/python_codeql/python-edb-queries/edb-queries/py_unaryops.ql (690ms).
[24/40] Compiled /home/aadityanaik/relational-representation/python_codeql/python-edb-queries/edb-queries/py_stmts.ql (642ms).
[25/40] Compiled /home/aadityanaik/relational-representation/python_codeql/python-edb-queries/edb-queries/py_Functions.ql (1.4s).
Compiling query plan for /home/aadityanaik/relational-representation/python_codeql/python-edb-queries/edb-queries/py_cmpop_lists.ql.
Compiling query plan for /home/aadityanaik/relational-representation/python_codeql/python-edb-queries/edb-queries/py_operators.ql.
Compiling query plan for /home/aadityanaik/relational-representation/python_codeql/python-edb-queries/edb-queries/py_Modules.ql.
[26/40] Compiled /home/aadityanaik/relational-representation/python_codeql/python-edb-queries/edb-queries/py_ints.ql (672ms).
Compiling query plan for /home/aadityanaik/relational-representation/python_codeql/python-edb-queries/edb-queries/py_str_lists.ql.
[27/40] Compiled /home/aadityanaik/relational-representation/python_codeql/python-edb-queries/edb-queries/py_cmpop_lists.ql (410ms).
Compiling query plan for /home/aadityanaik/relational-representation/python_codeql/python-edb-queries/edb-queries/py_bytes.ql.
[28/40] Compiled /home/aadityanaik/relational-representation/python_codeql/python-edb-queries/edb-queries/py_operators.ql (518ms).
[29/40] Compiled /home/aadityanaik/relational-representation/python_codeql/python-edb-queries/edb-queries/py_dict_item_lists.ql (605ms).
Compiling query plan for /home/aadityanaik/relational-representation/python_codeql/python-edb-queries/edb-queries/py_variables.ql.
Compiling query plan for /home/aadityanaik/relational-representation/python_codeql/python-edb-queries/edb-queries/py_comprehension_lists.ql.
[30/40] Compiled /home/aadityanaik/relational-representation/python_codeql/python-edb-queries/edb-queries/py_exprs.ql (705ms).
Compiling query plan for /home/aadityanaik/relational-representation/python_codeql/python-edb-queries/edb-queries/py_flow_bb_node.ql.
[31/40] Compiled /home/aadityanaik/relational-representation/python_codeql/python-edb-queries/edb-queries/py_ssa_var.ql (904ms).
Compiling query plan for /home/aadityanaik/relational-representation/python_codeql/python-edb-queries/edb-queries/py_strs.ql.
[32/40] Compiled /home/aadityanaik/relational-representation/python_codeql/python-edb-queries/edb-queries/py_dict_items.ql (1.1s).
[33/40] Compiled /home/aadityanaik/relational-representation/python_codeql/python-edb-queries/edb-queries/py_bytes.ql (387ms).
Compiling query plan for /home/aadityanaik/relational-representation/python_codeql/python-edb-queries/edb-queries/py_scope_location.ql.
[34/40] Compiled /home/aadityanaik/relational-representation/python_codeql/python-edb-queries/edb-queries/py_str_lists.ql (462ms).
[35/40] Compiled /home/aadityanaik/relational-representation/python_codeql/python-edb-queries/edb-queries/py_Modules.ql (883ms).
[36/40] Compiled /home/aadityanaik/relational-representation/python_codeql/python-edb-queries/edb-queries/py_variables.ql (568ms).
[37/40] Compiled /home/aadityanaik/relational-representation/python_codeql/python-edb-queries/edb-queries/py_comprehension_lists.ql (574ms).
[38/40] Compiled /home/aadityanaik/relational-representation/python_codeql/python-edb-queries/edb-queries/py_flow_bb_node.ql (536ms).
[39/40] Compiled /home/aadityanaik/relational-representation/python_codeql/python-edb-queries/edb-queries/py_scope_location.ql (489ms).
[40/40] Compiled /home/aadityanaik/relational-representation/python_codeql/python-edb-queries/edb-queries/py_strs.ql (543ms).
Starting evaluation of python-edb-queries/py_expr_contexts.ql.
Starting evaluation of python-edb-queries/py_cmpops.ql.
Starting evaluation of python-edb-queries/py_Classes.ql.
Starting evaluation of python-edb-queries/py_stmt_lists.ql.
Starting evaluation of python-edb-queries/py_ssa_defn.ql.
Starting evaluation of python-edb-queries/py_true_successors.ql.
Starting evaluation of python-edb-queries/py_comprehensions.ql.
Starting evaluation of python-edb-queries/py_false_successors.ql.
[1/40] Evaluation done (1s); writing results to python-edb-queries/py_cmpops.bqrs.
Starting evaluation of python-edb-queries/locations_ast.ql.
[2/40] Evaluation done (1.4s); writing results to python-edb-queries/py_expr_contexts.bqrs.
Starting evaluation of python-edb-queries/py_idoms.ql.
[3/40] Evaluation done (1.4s); writing results to python-edb-queries/py_comprehensions.bqrs.
[4/40] Evaluation done (1.4s); writing results to python-edb-queries/py_Classes.bqrs.
Starting evaluation of python-edb-queries/py_boolops.ql.
Starting evaluation of python-edb-queries/py_locations.ql.
[5/40] Evaluation done (1.6s); writing results to python-edb-queries/py_stmt_lists.bqrs.
Starting evaluation of python-edb-queries/py_parameter_lists.ql.
[6/40] Evaluation done (657ms); writing results to python-edb-queries/py_boolops.bqrs.
Starting evaluation of python-edb-queries/py_scopes.ql.
[7/40] Evaluation done (219ms); writing results to python-edb-queries/py_parameter_lists.bqrs.
Starting evaluation of python-edb-queries/py_expr_lists.ql.
[8/40] Evaluation done (893ms); writing results to python-edb-queries/locations_ast.bqrs.
Starting evaluation of python-edb-queries/py_ssa_phi.ql.
[9/40] Evaluation done (849ms); writing results to python-edb-queries/py_locations.bqrs.
Starting evaluation of python-edb-queries/py_scope_flow.ql.
[10/40] Evaluation done (125ms); writing results to python-edb-queries/py_expr_lists.bqrs.
Starting evaluation of python-edb-queries/py_exception_successors.ql.
[11/40] Evaluation done (217ms); writing results to python-edb-queries/py_ssa_phi.bqrs.
Starting evaluation of python-edb-queries/py_numbers.ql.
[12/40] Evaluation done (629ms); writing results to python-edb-queries/py_scopes.bqrs.
Starting evaluation of python-edb-queries/variable.ql.
[13/40] Evaluation done (571ms); writing results to python-edb-queries/py_numbers.bqrs.
Starting evaluation of python-edb-queries/py_successors.ql.
[14/40] Evaluation done (639ms); writing results to python-edb-queries/variable.bqrs.
Starting evaluation of python-edb-queries/py_ssa_use.ql.
[15/40] Evaluation done (6.3s); writing results to python-edb-queries/py_false_successors.bqrs.
Starting evaluation of python-edb-queries/py_unaryops.ql.
[16/40] Evaluation done (6.3s); writing results to python-edb-queries/py_true_successors.bqrs.
Starting evaluation of python-edb-queries/py_stmts.ql.
[17/40] Evaluation done (409ms); writing results to python-edb-queries/py_stmts.bqrs.
[18/40] Evaluation done (4.8s); writing results to python-edb-queries/py_exception_successors.bqrs.
Starting evaluation of python-edb-queries/py_Functions.ql.
Starting evaluation of python-edb-queries/py_ints.ql.
Starting evaluation of python-edb-queries/py_cmpop_lists.ql.
[19/40] Evaluation done (1.1s); writing results to python-edb-queries/py_unaryops.bqrs.
Starting evaluation of python-edb-queries/py_operators.ql.
Starting evaluation of python-edb-queries/py_dict_item_lists.ql.
Starting evaluation of python-edb-queries/py_ssa_var.ql.
[20/40] Evaluation done (74ms); writing results to python-edb-queries/py_cmpop_lists.bqrs.
[21/40] Evaluation done (104ms); writing results to python-edb-queries/py_ints.bqrs.
[22/40] Evaluation done (129ms); writing results to python-edb-queries/py_Functions.bqrs.
Starting evaluation of python-edb-queries/py_dict_items.ql.
Starting evaluation of python-edb-queries/py_exprs.ql.
Starting evaluation of python-edb-queries/py_bytes.ql.
Starting evaluation of python-edb-queries/py_str_lists.ql.
[23/40] Evaluation done (14ms); writing results to python-edb-queries/py_bytes.bqrs.
Starting evaluation of python-edb-queries/py_Modules.ql.
[24/40] Evaluation done (83ms); writing results to python-edb-queries/py_str_lists.bqrs.
Starting evaluation of python-edb-queries/py_variables.ql.
[25/40] Evaluation done (107ms); writing results to python-edb-queries/py_Modules.bqrs.
[26/40] Evaluation done (151ms); writing results to python-edb-queries/py_dict_item_lists.bqrs.
[27/40] Evaluation done (157ms); writing results to python-edb-queries/py_dict_items.bqrs.
[28/40] Evaluation done (168ms); writing results to python-edb-queries/py_ssa_var.bqrs.
Starting evaluation of python-edb-queries/py_comprehension_lists.ql.
[29/40] Evaluation done (203ms); writing results to python-edb-queries/py_operators.bqrs.
Starting evaluation of python-edb-queries/py_flow_bb_node.ql.
Starting evaluation of python-edb-queries/py_scope_location.ql.
[30/40] Evaluation done (49ms); writing results to python-edb-queries/py_variables.bqrs.
Starting evaluation of python-edb-queries/py_strs.ql.
[31/40] Evaluation done (212ms); writing results to python-edb-queries/py_exprs.bqrs.
[32/40] Evaluation done (55ms); writing results to python-edb-queries/py_strs.bqrs.
[33/40] Evaluation done (64ms); writing results to python-edb-queries/py_comprehension_lists.bqrs.
[34/40] Evaluation done (5.5s); writing results to python-edb-queries/py_scope_flow.bqrs.
[35/40] Evaluation done (7.8s); writing results to python-edb-queries/py_ssa_defn.bqrs.
[36/40] Evaluation done (4.4s); writing results to python-edb-queries/py_ssa_use.bqrs.
[37/40] Evaluation done (100ms); writing results to python-edb-queries/py_scope_location.bqrs.
[38/40] Evaluation done (4.6s); writing results to python-edb-queries/py_successors.bqrs.
[39/40] Evaluation done (6.4s); writing results to python-edb-queries/py_idoms.bqrs.
[40/40] Evaluation done (841ms); writing results to python-edb-queries/py_flow_bb_node.bqrs.
Shutting down query evaluator.
