Compiling query plan for /home/aadityanaik/relational-representation/python_codeql/python-edb-queries/whitelist-queries/py_expr_contexts.ql.
[1/41] Compiled /home/aadityanaik/relational-representation/python_codeql/python-edb-queries/whitelist-queries/py_expr_contexts.ql (897ms).
Compiling query plan for /home/aadityanaik/relational-representation/python_codeql/python-edb-queries/whitelist-queries/py_Classes.ql.
Compiling query plan for /home/aadityanaik/relational-representation/python_codeql/python-edb-queries/whitelist-queries/local_variable.ql.
[2/41] Compiled /home/aadityanaik/relational-representation/python_codeql/python-edb-queries/whitelist-queries/local_variable.ql (414ms).
Compiling query plan for /home/aadityanaik/relational-representation/python_codeql/python-edb-queries/whitelist-queries/py_cmpops.ql.
Compiling query plan for /home/aadityanaik/relational-representation/python_codeql/python-edb-queries/whitelist-queries/py_stmt_lists.ql.
[3/41] Compiled /home/aadityanaik/relational-representation/python_codeql/python-edb-queries/whitelist-queries/py_Classes.ql (530ms).
Compiling query plan for /home/aadityanaik/relational-representation/python_codeql/python-edb-queries/whitelist-queries/py_ssa_defn.ql.
Compiling query plan for /home/aadityanaik/relational-representation/python_codeql/python-edb-queries/whitelist-queries/py_comprehensions.ql.
[4/41] Compiled /home/aadityanaik/relational-representation/python_codeql/python-edb-queries/whitelist-queries/py_cmpops.ql (318ms).
Compiling query plan for /home/aadityanaik/relational-representation/python_codeql/python-edb-queries/whitelist-queries/py_false_successors.ql.
Compiling query plan for /home/aadityanaik/relational-representation/python_codeql/python-edb-queries/whitelist-queries/py_true_successors.ql.
[5/41] Compiled /home/aadityanaik/relational-representation/python_codeql/python-edb-queries/whitelist-queries/py_ssa_defn.ql (326ms).
[6/41] Compiled /home/aadityanaik/relational-representation/python_codeql/python-edb-queries/whitelist-queries/py_stmt_lists.ql (444ms).
Compiling query plan for /home/aadityanaik/relational-representation/python_codeql/python-edb-queries/whitelist-queries/locations_ast.ql.
[7/41] Compiled /home/aadityanaik/relational-representation/python_codeql/python-edb-queries/whitelist-queries/py_comprehensions.ql (383ms).
Compiling query plan for /home/aadityanaik/relational-representation/python_codeql/python-edb-queries/whitelist-queries/py_expr_lists.ql.
Compiling query plan for /home/aadityanaik/relational-representation/python_codeql/python-edb-queries/whitelist-queries/py_parameter_lists.ql.
Compiling query plan for /home/aadityanaik/relational-representation/python_codeql/python-edb-queries/whitelist-queries/py_boolops.ql.
Compiling query plan for /home/aadityanaik/relational-representation/python_codeql/python-edb-queries/whitelist-queries/py_locations.ql.
Compiling query plan for /home/aadityanaik/relational-representation/python_codeql/python-edb-queries/whitelist-queries/py_idoms.ql.
[8/41] Compiled /home/aadityanaik/relational-representation/python_codeql/python-edb-queries/whitelist-queries/py_true_successors.ql (735ms).
[9/41] Compiled /home/aadityanaik/relational-representation/python_codeql/python-edb-queries/whitelist-queries/locations_ast.ql (645ms).
Compiling query plan for /home/aadityanaik/relational-representation/python_codeql/python-edb-queries/whitelist-queries/py_ssa_use.ql.
Compiling query plan for /home/aadityanaik/relational-representation/python_codeql/python-edb-queries/whitelist-queries/py_scopes.ql.
[10/41] Compiled /home/aadityanaik/relational-representation/python_codeql/python-edb-queries/whitelist-queries/py_idoms.ql (706ms).
[11/41] Compiled /home/aadityanaik/relational-representation/python_codeql/python-edb-queries/whitelist-queries/py_boolops.ql (833ms).
Compiling query plan for /home/aadityanaik/relational-representation/python_codeql/python-edb-queries/whitelist-queries/py_scope_flow.ql.
Compiling query plan for /home/aadityanaik/relational-representation/python_codeql/python-edb-queries/whitelist-queries/variable.ql.
[12/41] Compiled /home/aadityanaik/relational-representation/python_codeql/python-edb-queries/whitelist-queries/py_false_successors.ql (1s).
[13/41] Compiled /home/aadityanaik/relational-representation/python_codeql/python-edb-queries/whitelist-queries/py_locations.ql (885ms).
Compiling query plan for /home/aadityanaik/relational-representation/python_codeql/python-edb-queries/whitelist-queries/py_exception_successors.ql.
[14/41] Compiled /home/aadityanaik/relational-representation/python_codeql/python-edb-queries/whitelist-queries/py_parameter_lists.ql (906ms).
[15/41] Compiled /home/aadityanaik/relational-representation/python_codeql/python-edb-queries/whitelist-queries/py_expr_lists.ql (915ms).
Compiling query plan for /home/aadityanaik/relational-representation/python_codeql/python-edb-queries/whitelist-queries/py_Functions.ql.
Compiling query plan for /home/aadityanaik/relational-representation/python_codeql/python-edb-queries/whitelist-queries/py_ssa_phi.ql.
Compiling query plan for /home/aadityanaik/relational-representation/python_codeql/python-edb-queries/whitelist-queries/py_numbers.ql.
[16/41] Compiled /home/aadityanaik/relational-representation/python_codeql/python-edb-queries/whitelist-queries/py_scopes.ql (628ms).
[17/41] Compiled /home/aadityanaik/relational-representation/python_codeql/python-edb-queries/whitelist-queries/py_ssa_use.ql (666ms).
Compiling query plan for /home/aadityanaik/relational-representation/python_codeql/python-edb-queries/whitelist-queries/py_successors.ql.
[18/41] Compiled /home/aadityanaik/relational-representation/python_codeql/python-edb-queries/whitelist-queries/variable.ql (445ms).
[19/41] Compiled /home/aadityanaik/relational-representation/python_codeql/python-edb-queries/whitelist-queries/py_scope_flow.ql (547ms).
Compiling query plan for /home/aadityanaik/relational-representation/python_codeql/python-edb-queries/whitelist-queries/py_unaryops.ql.
Compiling query plan for /home/aadityanaik/relational-representation/python_codeql/python-edb-queries/whitelist-queries/py_stmts.ql.
Compiling query plan for /home/aadityanaik/relational-representation/python_codeql/python-edb-queries/whitelist-queries/py_dict_items.ql.
[20/41] Compiled /home/aadityanaik/relational-representation/python_codeql/python-edb-queries/whitelist-queries/py_numbers.ql (534ms).
Compiling query plan for /home/aadityanaik/relational-representation/python_codeql/python-edb-queries/whitelist-queries/py_ints.ql.
[21/41] Compiled /home/aadityanaik/relational-representation/python_codeql/python-edb-queries/whitelist-queries/py_exception_successors.ql (636ms).
[22/41] Compiled /home/aadityanaik/relational-representation/python_codeql/python-edb-queries/whitelist-queries/py_Functions.ql (616ms).
[23/41] Compiled /home/aadityanaik/relational-representation/python_codeql/python-edb-queries/whitelist-queries/py_ssa_phi.ql (636ms).
Compiling query plan for /home/aadityanaik/relational-representation/python_codeql/python-edb-queries/whitelist-queries/py_ssa_var.ql.
Compiling query plan for /home/aadityanaik/relational-representation/python_codeql/python-edb-queries/whitelist-queries/py_dict_item_lists.ql.
Compiling query plan for /home/aadityanaik/relational-representation/python_codeql/python-edb-queries/whitelist-queries/py_exprs.ql.
[24/41] Compiled /home/aadityanaik/relational-representation/python_codeql/python-edb-queries/whitelist-queries/py_stmts.ql (377ms).
Compiling query plan for /home/aadityanaik/relational-representation/python_codeql/python-edb-queries/whitelist-queries/py_cmpop_lists.ql.
[25/41] Compiled /home/aadityanaik/relational-representation/python_codeql/python-edb-queries/whitelist-queries/py_dict_items.ql (400ms).
[26/41] Compiled /home/aadityanaik/relational-representation/python_codeql/python-edb-queries/whitelist-queries/py_successors.ql (581ms).
Compiling query plan for /home/aadityanaik/relational-representation/python_codeql/python-edb-queries/whitelist-queries/py_operators.ql.
Compiling query plan for /home/aadityanaik/relational-representation/python_codeql/python-edb-queries/whitelist-queries/py_Modules.ql.
[27/41] Compiled /home/aadityanaik/relational-representation/python_codeql/python-edb-queries/whitelist-queries/py_ints.ql (572ms).
Compiling query plan for /home/aadityanaik/relational-representation/python_codeql/python-edb-queries/whitelist-queries/py_str_lists.ql.
[28/41] Compiled /home/aadityanaik/relational-representation/python_codeql/python-edb-queries/whitelist-queries/py_unaryops.ql (815ms).
Compiling query plan for /home/aadityanaik/relational-representation/python_codeql/python-edb-queries/whitelist-queries/py_bytes.ql.
[29/41] Compiled /home/aadityanaik/relational-representation/python_codeql/python-edb-queries/whitelist-queries/py_ssa_var.ql (1s).
[30/41] Compiled /home/aadityanaik/relational-representation/python_codeql/python-edb-queries/whitelist-queries/py_cmpop_lists.ql (729ms).
[31/41] Compiled /home/aadityanaik/relational-representation/python_codeql/python-edb-queries/whitelist-queries/py_exprs.ql (963ms).
[32/41] Compiled /home/aadityanaik/relational-representation/python_codeql/python-edb-queries/whitelist-queries/py_dict_item_lists.ql (1s).
Compiling query plan for /home/aadityanaik/relational-representation/python_codeql/python-edb-queries/whitelist-queries/py_strs.ql.
Compiling query plan for /home/aadityanaik/relational-representation/python_codeql/python-edb-queries/whitelist-queries/py_variables.ql.
Compiling query plan for /home/aadityanaik/relational-representation/python_codeql/python-edb-queries/whitelist-queries/py_comprehension_lists.ql.
Compiling query plan for /home/aadityanaik/relational-representation/python_codeql/python-edb-queries/whitelist-queries/py_flow_bb_node.ql.
[33/41] Compiled /home/aadityanaik/relational-representation/python_codeql/python-edb-queries/whitelist-queries/py_operators.ql (772ms).
[34/41] Compiled /home/aadityanaik/relational-representation/python_codeql/python-edb-queries/whitelist-queries/py_Modules.ql (662ms).
Compiling query plan for /home/aadityanaik/relational-representation/python_codeql/python-edb-queries/whitelist-queries/py_scope_location.ql.
[35/41] Compiled /home/aadityanaik/relational-representation/python_codeql/python-edb-queries/whitelist-queries/py_bytes.ql (515ms).
[36/41] Compiled /home/aadityanaik/relational-representation/python_codeql/python-edb-queries/whitelist-queries/py_str_lists.ql (654ms).
[37/41] Compiled /home/aadityanaik/relational-representation/python_codeql/python-edb-queries/whitelist-queries/py_flow_bb_node.ql (613ms).
[38/41] Compiled /home/aadityanaik/relational-representation/python_codeql/python-edb-queries/whitelist-queries/py_comprehension_lists.ql (650ms).
[39/41] Compiled /home/aadityanaik/relational-representation/python_codeql/python-edb-queries/whitelist-queries/py_variables.ql (658ms).
[40/41] Compiled /home/aadityanaik/relational-representation/python_codeql/python-edb-queries/whitelist-queries/py_strs.ql (666ms).
[41/41] Compiled /home/aadityanaik/relational-representation/python_codeql/python-edb-queries/whitelist-queries/py_scope_location.ql (603ms).
Starting evaluation of python-edb-queries/local_variable.ql.
Starting evaluation of python-edb-queries/py_cmpops.ql.
Starting evaluation of python-edb-queries/py_Classes.ql.
Starting evaluation of python-edb-queries/py_expr_contexts.ql.
Starting evaluation of python-edb-queries/py_ssa_defn.ql.
Starting evaluation of python-edb-queries/py_stmt_lists.ql.
Starting evaluation of python-edb-queries/py_comprehensions.ql.
Starting evaluation of python-edb-queries/py_true_successors.ql.
[1/41] Evaluation done (2.4s); writing results to python-edb-queries/py_Classes.bqrs.
[2/41] Evaluation done (2.4s); writing results to python-edb-queries/py_cmpops.bqrs.
[3/41] Evaluation done (2.4s); writing results to python-edb-queries/py_comprehensions.bqrs.
[4/41] Evaluation done (2.7s); writing results to python-edb-queries/py_stmt_lists.bqrs.
[5/41] Evaluation done (2.9s); writing results to python-edb-queries/py_expr_contexts.bqrs.
Starting evaluation of python-edb-queries/locations_ast.ql.
Starting evaluation of python-edb-queries/py_idoms.ql.
Starting evaluation of python-edb-queries/py_boolops.ql.
Starting evaluation of python-edb-queries/py_false_successors.ql.
[6/41] Evaluation done (152ms); writing results to python-edb-queries/py_boolops.bqrs.
Starting evaluation of python-edb-queries/py_locations.ql.
Starting evaluation of python-edb-queries/py_parameter_lists.ql.
[7/41] Evaluation done (3.4s); writing results to python-edb-queries/local_variable.bqrs.
[8/41] Evaluation done (408ms); writing results to python-edb-queries/py_locations.bqrs.
Starting evaluation of python-edb-queries/py_expr_lists.ql.
Starting evaluation of python-edb-queries/py_scopes.ql.
[9/41] Evaluation done (568ms); writing results to python-edb-queries/py_parameter_lists.bqrs.
Starting evaluation of python-edb-queries/py_ssa_use.ql.
[10/41] Evaluation done (1s); writing results to python-edb-queries/locations_ast.bqrs.
Starting evaluation of python-edb-queries/variable.ql.
[11/41] Evaluation done (431ms); writing results to python-edb-queries/py_expr_lists.bqrs.
Starting evaluation of python-edb-queries/py_scope_flow.ql.
[12/41] Evaluation done (373ms); writing results to python-edb-queries/py_scopes.bqrs.
Starting evaluation of python-edb-queries/py_numbers.ql.
[13/41] Evaluation done (383ms); writing results to python-edb-queries/variable.bqrs.
Starting evaluation of python-edb-queries/py_exception_successors.ql.
[14/41] Evaluation done (713ms); writing results to python-edb-queries/py_numbers.bqrs.
Starting evaluation of python-edb-queries/py_Functions.ql.
[15/41] Evaluation done (564ms); writing results to python-edb-queries/py_Functions.bqrs.
Starting evaluation of python-edb-queries/py_ssa_phi.ql.
[16/41] Evaluation done (403ms); writing results to python-edb-queries/py_ssa_phi.bqrs.
Starting evaluation of python-edb-queries/py_stmts.ql.
[17/41] Evaluation done (533ms); writing results to python-edb-queries/py_stmts.bqrs.
Starting evaluation of python-edb-queries/py_dict_items.ql.
[18/41] Evaluation done (390ms); writing results to python-edb-queries/py_dict_items.bqrs.
Starting evaluation of python-edb-queries/py_successors.ql.
[19/41] Evaluation done (8.5s); writing results to python-edb-queries/py_true_successors.bqrs.
Starting evaluation of python-edb-queries/py_ints.ql.
[20/41] Evaluation done (16ms); writing results to python-edb-queries/py_ints.bqrs.
Starting evaluation of python-edb-queries/py_unaryops.ql.
[21/41] Evaluation done (48ms); writing results to python-edb-queries/py_unaryops.bqrs.
[22/41] Evaluation done (6.9s); writing results to python-edb-queries/py_false_successors.bqrs.
Starting evaluation of python-edb-queries/py_ssa_var.ql.
Starting evaluation of python-edb-queries/py_cmpop_lists.ql.
[23/41] Evaluation done (62ms); writing results to python-edb-queries/py_cmpop_lists.bqrs.
Starting evaluation of python-edb-queries/py_exprs.ql.
Starting evaluation of python-edb-queries/py_dict_item_lists.ql.
[24/41] Evaluation done (174ms); writing results to python-edb-queries/py_ssa_var.bqrs.
Starting evaluation of python-edb-queries/py_operators.ql.
[25/41] Evaluation done (260ms); writing results to python-edb-queries/py_dict_item_lists.bqrs.
Starting evaluation of python-edb-queries/py_Modules.ql.
[26/41] Evaluation done (235ms); writing results to python-edb-queries/py_operators.bqrs.
[27/41] Evaluation done (397ms); writing results to python-edb-queries/py_exprs.bqrs.
Starting evaluation of python-edb-queries/py_bytes.ql.
[28/41] Evaluation done (45ms); writing results to python-edb-queries/py_bytes.bqrs.
[29/41] Evaluation done (251ms); writing results to python-edb-queries/py_Modules.bqrs.
Starting evaluation of python-edb-queries/py_str_lists.ql.
Starting evaluation of python-edb-queries/py_flow_bb_node.ql.
[30/41] Evaluation done (7s); writing results to python-edb-queries/py_exception_successors.bqrs.
Starting evaluation of python-edb-queries/py_comprehension_lists.ql.
[31/41] Evaluation done (172ms); writing results to python-edb-queries/py_str_lists.bqrs.
[32/41] Evaluation done (153ms); writing results to python-edb-queries/py_comprehension_lists.bqrs.
[33/41] Evaluation done (11.5s); writing results to python-edb-queries/py_ssa_defn.bqrs.
Starting evaluation of python-edb-queries/py_variables.ql.
Starting evaluation of python-edb-queries/py_strs.ql.
Starting evaluation of python-edb-queries/py_scope_location.ql.
[34/41] Evaluation done (7.9s); writing results to python-edb-queries/py_ssa_use.bqrs.
[35/41] Evaluation done (164ms); writing results to python-edb-queries/py_variables.bqrs.
[36/41] Evaluation done (187ms); writing results to python-edb-queries/py_strs.bqrs.
[37/41] Evaluation done (272ms); writing results to python-edb-queries/py_scope_location.bqrs.
[38/41] Evaluation done (9s); writing results to python-edb-queries/py_idoms.bqrs.
[39/41] Evaluation done (8s); writing results to python-edb-queries/py_scope_flow.bqrs.
[40/41] Evaluation done (6.3s); writing results to python-edb-queries/py_successors.bqrs.
[41/41] Evaluation done (4.8s); writing results to python-edb-queries/py_flow_bb_node.bqrs.
Shutting down query evaluator.
