Compiling query plan for /home/aadityanaik/relational-representation/python_codeql/python-edb-queries/edb-queries/py_expr_contexts.ql.
[1/40] Compiled /home/aadityanaik/relational-representation/python_codeql/python-edb-queries/edb-queries/py_expr_contexts.ql (1.3s).
Compiling query plan for /home/aadityanaik/relational-representation/python_codeql/python-edb-queries/edb-queries/py_Classes.ql.
Compiling query plan for /home/aadityanaik/relational-representation/python_codeql/python-edb-queries/edb-queries/py_cmpops.ql.
[2/40] Compiled /home/aadityanaik/relational-representation/python_codeql/python-edb-queries/edb-queries/py_Classes.ql (619ms).
[3/40] Compiled /home/aadityanaik/relational-representation/python_codeql/python-edb-queries/edb-queries/py_cmpops.ql (652ms).
Compiling query plan for /home/aadityanaik/relational-representation/python_codeql/python-edb-queries/edb-queries/py_ssa_defn.ql.
Compiling query plan for /home/aadityanaik/relational-representation/python_codeql/python-edb-queries/edb-queries/py_stmt_lists.ql.
Compiling query plan for /home/aadityanaik/relational-representation/python_codeql/python-edb-queries/edb-queries/py_true_successors.ql.
Compiling query plan for /home/aadityanaik/relational-representation/python_codeql/python-edb-queries/edb-queries/py_comprehensions.ql.
[4/40] Compiled /home/aadityanaik/relational-representation/python_codeql/python-edb-queries/edb-queries/py_ssa_defn.ql (366ms).
Compiling query plan for /home/aadityanaik/relational-representation/python_codeql/python-edb-queries/edb-queries/locations_ast.ql.
[5/40] Compiled /home/aadityanaik/relational-representation/python_codeql/python-edb-queries/edb-queries/py_stmt_lists.ql (458ms).
Compiling query plan for /home/aadityanaik/relational-representation/python_codeql/python-edb-queries/edb-queries/py_idoms.ql.
Compiling query plan for /home/aadityanaik/relational-representation/python_codeql/python-edb-queries/edb-queries/py_locations.ql.
Compiling query plan for /home/aadityanaik/relational-representation/python_codeql/python-edb-queries/edb-queries/py_false_successors.ql.
[6/40] Compiled /home/aadityanaik/relational-representation/python_codeql/python-edb-queries/edb-queries/py_true_successors.ql (577ms).
Compiling query plan for /home/aadityanaik/relational-representation/python_codeql/python-edb-queries/edb-queries/py_expr_lists.ql.
[7/40] Compiled /home/aadityanaik/relational-representation/python_codeql/python-edb-queries/edb-queries/py_comprehensions.ql (788ms).
Compiling query plan for /home/aadityanaik/relational-representation/python_codeql/python-edb-queries/edb-queries/py_scopes.ql.
Compiling query plan for /home/aadityanaik/relational-representation/python_codeql/python-edb-queries/edb-queries/py_parameter_lists.ql.
Compiling query plan for /home/aadityanaik/relational-representation/python_codeql/python-edb-queries/edb-queries/py_boolops.ql.
[8/40] Compiled /home/aadityanaik/relational-representation/python_codeql/python-edb-queries/edb-queries/locations_ast.ql (668ms).
[9/40] Compiled /home/aadityanaik/relational-representation/python_codeql/python-edb-queries/edb-queries/py_locations.ql (611ms).
Compiling query plan for /home/aadityanaik/relational-representation/python_codeql/python-edb-queries/edb-queries/py_ssa_use.ql.
[10/40] Compiled /home/aadityanaik/relational-representation/python_codeql/python-edb-queries/edb-queries/py_idoms.ql (697ms).
Compiling query plan for /home/aadityanaik/relational-representation/python_codeql/python-edb-queries/edb-queries/py_scope_flow.ql.
Compiling query plan for /home/aadityanaik/relational-representation/python_codeql/python-edb-queries/edb-queries/variable.ql.
[11/40] Compiled /home/aadityanaik/relational-representation/python_codeql/python-edb-queries/edb-queries/py_false_successors.ql (771ms).
[12/40] Compiled /home/aadityanaik/relational-representation/python_codeql/python-edb-queries/edb-queries/py_parameter_lists.ql (477ms).
Compiling query plan for /home/aadityanaik/relational-representation/python_codeql/python-edb-queries/edb-queries/py_numbers.ql.
Compiling query plan for /home/aadityanaik/relational-representation/python_codeql/python-edb-queries/edb-queries/py_exception_successors.ql.
[13/40] Compiled /home/aadityanaik/relational-representation/python_codeql/python-edb-queries/edb-queries/py_expr_lists.ql (527ms).
[14/40] Compiled /home/aadityanaik/relational-representation/python_codeql/python-edb-queries/edb-queries/py_boolops.ql (464ms).
[15/40] Compiled /home/aadityanaik/relational-representation/python_codeql/python-edb-queries/edb-queries/py_scopes.ql (531ms).
Compiling query plan for /home/aadityanaik/relational-representation/python_codeql/python-edb-queries/edb-queries/py_Functions.ql.
Compiling query plan for /home/aadityanaik/relational-representation/python_codeql/python-edb-queries/edb-queries/py_successors.ql.
Compiling query plan for /home/aadityanaik/relational-representation/python_codeql/python-edb-queries/edb-queries/py_ssa_phi.ql.
[16/40] Compiled /home/aadityanaik/relational-representation/python_codeql/python-edb-queries/edb-queries/variable.ql (339ms).
Compiling query plan for /home/aadityanaik/relational-representation/python_codeql/python-edb-queries/edb-queries/py_unaryops.ql.
[17/40] Compiled /home/aadityanaik/relational-representation/python_codeql/python-edb-queries/edb-queries/py_scope_flow.ql (439ms).
[18/40] Compiled /home/aadityanaik/relational-representation/python_codeql/python-edb-queries/edb-queries/py_ssa_use.ql (481ms).
Compiling query plan for /home/aadityanaik/relational-representation/python_codeql/python-edb-queries/edb-queries/py_stmts.ql.
[19/40] Compiled /home/aadityanaik/relational-representation/python_codeql/python-edb-queries/edb-queries/py_Functions.ql (274ms).
Compiling query plan for /home/aadityanaik/relational-representation/python_codeql/python-edb-queries/edb-queries/py_dict_items.ql.
[20/40] Compiled /home/aadityanaik/relational-representation/python_codeql/python-edb-queries/edb-queries/py_numbers.ql (386ms).
Compiling query plan for /home/aadityanaik/relational-representation/python_codeql/python-edb-queries/edb-queries/py_ints.ql.
Compiling query plan for /home/aadityanaik/relational-representation/python_codeql/python-edb-queries/edb-queries/py_ssa_var.ql.
[21/40] Compiled /home/aadityanaik/relational-representation/python_codeql/python-edb-queries/edb-queries/py_ssa_phi.ql (372ms).
Compiling query plan for /home/aadityanaik/relational-representation/python_codeql/python-edb-queries/edb-queries/py_dict_item_lists.ql.
[22/40] Compiled /home/aadityanaik/relational-representation/python_codeql/python-edb-queries/edb-queries/py_exception_successors.ql (489ms).
Compiling query plan for /home/aadityanaik/relational-representation/python_codeql/python-edb-queries/edb-queries/py_exprs.ql.
[23/40] Compiled /home/aadityanaik/relational-representation/python_codeql/python-edb-queries/edb-queries/py_successors.ql (498ms).
Compiling query plan for /home/aadityanaik/relational-representation/python_codeql/python-edb-queries/edb-queries/py_cmpop_lists.ql.
[24/40] Compiled /home/aadityanaik/relational-representation/python_codeql/python-edb-queries/edb-queries/py_stmts.ql (390ms).
Compiling query plan for /home/aadityanaik/relational-representation/python_codeql/python-edb-queries/edb-queries/py_operators.ql.
[25/40] Compiled /home/aadityanaik/relational-representation/python_codeql/python-edb-queries/edb-queries/py_unaryops.ql (599ms).
Compiling query plan for /home/aadityanaik/relational-representation/python_codeql/python-edb-queries/edb-queries/py_Modules.ql.
[26/40] Compiled /home/aadityanaik/relational-representation/python_codeql/python-edb-queries/edb-queries/py_dict_item_lists.ql (513ms).
[27/40] Compiled /home/aadityanaik/relational-representation/python_codeql/python-edb-queries/edb-queries/py_ints.ql (588ms).
Compiling query plan for /home/aadityanaik/relational-representation/python_codeql/python-edb-queries/edb-queries/py_str_lists.ql.
[28/40] Compiled /home/aadityanaik/relational-representation/python_codeql/python-edb-queries/edb-queries/py_ssa_var.ql (595ms).
Compiling query plan for /home/aadityanaik/relational-representation/python_codeql/python-edb-queries/edb-queries/py_bytes.ql.
[29/40] Compiled /home/aadityanaik/relational-representation/python_codeql/python-edb-queries/edb-queries/py_dict_items.ql (680ms).
Compiling query plan for /home/aadityanaik/relational-representation/python_codeql/python-edb-queries/edb-queries/py_variables.ql.
Compiling query plan for /home/aadityanaik/relational-representation/python_codeql/python-edb-queries/edb-queries/py_comprehension_lists.ql.
[30/40] Compiled /home/aadityanaik/relational-representation/python_codeql/python-edb-queries/edb-queries/py_exprs.ql (580ms).
Compiling query plan for /home/aadityanaik/relational-representation/python_codeql/python-edb-queries/edb-queries/py_flow_bb_node.ql.
[31/40] Compiled /home/aadityanaik/relational-representation/python_codeql/python-edb-queries/edb-queries/py_cmpop_lists.ql (569ms).
[32/40] Compiled /home/aadityanaik/relational-representation/python_codeql/python-edb-queries/edb-queries/py_operators.ql (471ms).
Compiling query plan for /home/aadityanaik/relational-representation/python_codeql/python-edb-queries/edb-queries/py_strs.ql.
Compiling query plan for /home/aadityanaik/relational-representation/python_codeql/python-edb-queries/edb-queries/py_scope_location.ql.
[33/40] Compiled /home/aadityanaik/relational-representation/python_codeql/python-edb-queries/edb-queries/py_Modules.ql (600ms).
[34/40] Compiled /home/aadityanaik/relational-representation/python_codeql/python-edb-queries/edb-queries/py_bytes.ql (591ms).
[35/40] Compiled /home/aadityanaik/relational-representation/python_codeql/python-edb-queries/edb-queries/py_variables.ql (655ms).
[36/40] Compiled /home/aadityanaik/relational-representation/python_codeql/python-edb-queries/edb-queries/py_str_lists.ql (726ms).
[37/40] Compiled /home/aadityanaik/relational-representation/python_codeql/python-edb-queries/edb-queries/py_strs.ql (556ms).
[38/40] Compiled /home/aadityanaik/relational-representation/python_codeql/python-edb-queries/edb-queries/py_comprehension_lists.ql (719ms).
[39/40] Compiled /home/aadityanaik/relational-representation/python_codeql/python-edb-queries/edb-queries/py_flow_bb_node.ql (675ms).
[40/40] Compiled /home/aadityanaik/relational-representation/python_codeql/python-edb-queries/edb-queries/py_scope_location.ql (614ms).
Starting evaluation of python-edb-queries/py_Classes.ql.
Starting evaluation of python-edb-queries/py_stmt_lists.ql.
Starting evaluation of python-edb-queries/py_comprehensions.ql.
Starting evaluation of python-edb-queries/py_ssa_defn.ql.
Starting evaluation of python-edb-queries/py_cmpops.ql.
Starting evaluation of python-edb-queries/py_expr_contexts.ql.
Starting evaluation of python-edb-queries/locations_ast.ql.
Starting evaluation of python-edb-queries/py_true_successors.ql.
[1/40] Evaluation done (2.1s); writing results to python-edb-queries/py_stmt_lists.bqrs.
[2/40] Evaluation done (2.4s); writing results to python-edb-queries/py_comprehensions.bqrs.
Starting evaluation of python-edb-queries/py_locations.ql.
[3/40] Evaluation done (2.6s); writing results to python-edb-queries/py_Classes.bqrs.
Starting evaluation of python-edb-queries/py_idoms.ql.
[4/40] Evaluation done (2.6s); writing results to python-edb-queries/py_cmpops.bqrs.
Starting evaluation of python-edb-queries/py_false_successors.ql.
[5/40] Evaluation done (2.7s); writing results to python-edb-queries/py_expr_contexts.bqrs.
Starting evaluation of python-edb-queries/py_parameter_lists.ql.
Starting evaluation of python-edb-queries/py_expr_lists.ql.
[6/40] Evaluation done (176ms); writing results to python-edb-queries/py_expr_lists.bqrs.
Starting evaluation of python-edb-queries/py_boolops.ql.
[7/40] Evaluation done (425ms); writing results to python-edb-queries/py_locations.bqrs.
Starting evaluation of python-edb-queries/py_scopes.ql.
[8/40] Evaluation done (339ms); writing results to python-edb-queries/py_parameter_lists.bqrs.
Starting evaluation of python-edb-queries/variable.ql.
[9/40] Evaluation done (263ms); writing results to python-edb-queries/py_boolops.bqrs.
Starting evaluation of python-edb-queries/py_scope_flow.ql.
[10/40] Evaluation done (3.4s); writing results to python-edb-queries/locations_ast.bqrs.
Starting evaluation of python-edb-queries/py_ssa_use.ql.
[11/40] Evaluation done (842ms); writing results to python-edb-queries/variable.bqrs.
Starting evaluation of python-edb-queries/py_Functions.ql.
[12/40] Evaluation done (1.1s); writing results to python-edb-queries/py_scopes.bqrs.
Starting evaluation of python-edb-queries/py_numbers.ql.
[13/40] Evaluation done (338ms); writing results to python-edb-queries/py_Functions.bqrs.
Starting evaluation of python-edb-queries/py_ssa_phi.ql.
[14/40] Evaluation done (305ms); writing results to python-edb-queries/py_ssa_phi.bqrs.
Starting evaluation of python-edb-queries/py_exception_successors.ql.
[15/40] Evaluation done (473ms); writing results to python-edb-queries/py_numbers.bqrs.
Starting evaluation of python-edb-queries/py_successors.ql.
[16/40] Evaluation done (5.8s); writing results to python-edb-queries/py_false_successors.bqrs.
Starting evaluation of python-edb-queries/py_stmts.ql.
[17/40] Evaluation done (9.6s); writing results to python-edb-queries/py_true_successors.bqrs.
Starting evaluation of python-edb-queries/py_unaryops.ql.
Starting evaluation of python-edb-queries/py_dict_item_lists.ql.
Starting evaluation of python-edb-queries/py_ints.ql.
Starting evaluation of python-edb-queries/py_ssa_var.ql.
[18/40] Evaluation done (162ms); writing results to python-edb-queries/py_unaryops.bqrs.
Starting evaluation of python-edb-queries/py_dict_items.ql.
Starting evaluation of python-edb-queries/py_exprs.ql.
[19/40] Evaluation done (236ms); writing results to python-edb-queries/py_dict_item_lists.bqrs.
[20/40] Evaluation done (322ms); writing results to python-edb-queries/py_stmts.bqrs.
[21/40] Evaluation done (249ms); writing results to python-edb-queries/py_ints.bqrs.
Starting evaluation of python-edb-queries/py_cmpop_lists.ql.
Starting evaluation of python-edb-queries/py_operators.ql.
[22/40] Evaluation done (243ms); writing results to python-edb-queries/py_dict_items.bqrs.
Starting evaluation of python-edb-queries/py_Modules.ql.
[23/40] Evaluation done (338ms); writing results to python-edb-queries/py_ssa_var.bqrs.
Starting evaluation of python-edb-queries/py_bytes.ql.
[24/40] Evaluation done (215ms); writing results to python-edb-queries/py_cmpop_lists.bqrs.
Starting evaluation of python-edb-queries/py_variables.ql.
[25/40] Evaluation done (31ms); writing results to python-edb-queries/py_bytes.bqrs.
Starting evaluation of python-edb-queries/py_str_lists.ql.
Starting evaluation of python-edb-queries/py_strs.ql.
[26/40] Evaluation done (110ms); writing results to python-edb-queries/py_strs.bqrs.
[27/40] Evaluation done (118ms); writing results to python-edb-queries/py_str_lists.bqrs.
Starting evaluation of python-edb-queries/py_comprehension_lists.ql.
Starting evaluation of python-edb-queries/py_flow_bb_node.ql.
[28/40] Evaluation done (233ms); writing results to python-edb-queries/py_variables.bqrs.
[29/40] Evaluation done (106ms); writing results to python-edb-queries/py_comprehension_lists.bqrs.
[30/40] Evaluation done (469ms); writing results to python-edb-queries/py_operators.bqrs.
[31/40] Evaluation done (499ms); writing results to python-edb-queries/py_exprs.bqrs.
[32/40] Evaluation done (5.9s); writing results to python-edb-queries/py_exception_successors.bqrs.
Starting evaluation of python-edb-queries/py_scope_location.ql.
[33/40] Evaluation done (7.2s); writing results to python-edb-queries/py_scope_flow.bqrs.
[34/40] Evaluation done (10.5s); writing results to python-edb-queries/py_ssa_defn.bqrs.
[35/40] Evaluation done (502ms); writing results to python-edb-queries/py_Modules.bqrs.
[36/40] Evaluation done (6.9s); writing results to python-edb-queries/py_ssa_use.bqrs.
[37/40] Evaluation done (191ms); writing results to python-edb-queries/py_scope_location.bqrs.
[38/40] Evaluation done (8.1s); writing results to python-edb-queries/py_idoms.bqrs.
[39/40] Evaluation done (6.1s); writing results to python-edb-queries/py_successors.bqrs.
[40/40] Evaluation done (4.9s); writing results to python-edb-queries/py_flow_bb_node.bqrs.
Shutting down query evaluator.
