Compiling query plan for /home/aadityanaik/relational-representation/python_codeql/python-edb-queries/whitelist-queries/py_expr_contexts.ql.
[1/41] Compiled /home/aadityanaik/relational-representation/python_codeql/python-edb-queries/whitelist-queries/py_expr_contexts.ql (1.4s).
Compiling query plan for /home/aadityanaik/relational-representation/python_codeql/python-edb-queries/whitelist-queries/py_Classes.ql.
Compiling query plan for /home/aadityanaik/relational-representation/python_codeql/python-edb-queries/whitelist-queries/local_variable.ql.
[2/41] Compiled /home/aadityanaik/relational-representation/python_codeql/python-edb-queries/whitelist-queries/local_variable.ql (997ms).
[3/41] Compiled /home/aadityanaik/relational-representation/python_codeql/python-edb-queries/whitelist-queries/py_Classes.ql (1s).
Compiling query plan for /home/aadityanaik/relational-representation/python_codeql/python-edb-queries/whitelist-queries/py_stmt_lists.ql.
Compiling query plan for /home/aadityanaik/relational-representation/python_codeql/python-edb-queries/whitelist-queries/py_ssa_defn.ql.
Compiling query plan for /home/aadityanaik/relational-representation/python_codeql/python-edb-queries/whitelist-queries/py_comprehensions.ql.
Compiling query plan for /home/aadityanaik/relational-representation/python_codeql/python-edb-queries/whitelist-queries/py_cmpops.ql.
[4/41] Compiled /home/aadityanaik/relational-representation/python_codeql/python-edb-queries/whitelist-queries/py_cmpops.ql (573ms).
Compiling query plan for /home/aadityanaik/relational-representation/python_codeql/python-edb-queries/whitelist-queries/py_true_successors.ql.
Compiling query plan for /home/aadityanaik/relational-representation/python_codeql/python-edb-queries/whitelist-queries/py_false_successors.ql.
[5/41] Compiled /home/aadityanaik/relational-representation/python_codeql/python-edb-queries/whitelist-queries/py_comprehensions.ql (815ms).
Compiling query plan for /home/aadityanaik/relational-representation/python_codeql/python-edb-queries/whitelist-queries/py_idoms.ql.
[6/41] Compiled /home/aadityanaik/relational-representation/python_codeql/python-edb-queries/whitelist-queries/py_ssa_defn.ql (918ms).
Compiling query plan for /home/aadityanaik/relational-representation/python_codeql/python-edb-queries/whitelist-queries/locations_ast.ql.
[7/41] Compiled /home/aadityanaik/relational-representation/python_codeql/python-edb-queries/whitelist-queries/py_stmt_lists.ql (1s).
Compiling query plan for /home/aadityanaik/relational-representation/python_codeql/python-edb-queries/whitelist-queries/py_locations.ql.
Compiling query plan for /home/aadityanaik/relational-representation/python_codeql/python-edb-queries/whitelist-queries/py_boolops.ql.
Compiling query plan for /home/aadityanaik/relational-representation/python_codeql/python-edb-queries/whitelist-queries/py_parameter_lists.ql.
Compiling query plan for /home/aadityanaik/relational-representation/python_codeql/python-edb-queries/whitelist-queries/py_expr_lists.ql.
[8/41] Compiled /home/aadityanaik/relational-representation/python_codeql/python-edb-queries/whitelist-queries/py_idoms.ql (1.3s).
[9/41] Compiled /home/aadityanaik/relational-representation/python_codeql/python-edb-queries/whitelist-queries/py_false_successors.ql (1.7s).
[10/41] Compiled /home/aadityanaik/relational-representation/python_codeql/python-edb-queries/whitelist-queries/locations_ast.ql (1.6s).
Compiling query plan for /home/aadityanaik/relational-representation/python_codeql/python-edb-queries/whitelist-queries/py_scopes.ql.
Compiling query plan for /home/aadityanaik/relational-representation/python_codeql/python-edb-queries/whitelist-queries/py_ssa_use.ql.
Compiling query plan for /home/aadityanaik/relational-representation/python_codeql/python-edb-queries/whitelist-queries/py_scope_flow.ql.
[11/41] Compiled /home/aadityanaik/relational-representation/python_codeql/python-edb-queries/whitelist-queries/py_true_successors.ql (2s).
[12/41] Compiled /home/aadityanaik/relational-representation/python_codeql/python-edb-queries/whitelist-queries/py_locations.ql (1.6s).
[13/41] Compiled /home/aadityanaik/relational-representation/python_codeql/python-edb-queries/whitelist-queries/py_boolops.ql (1.7s).
[14/41] Compiled /home/aadityanaik/relational-representation/python_codeql/python-edb-queries/whitelist-queries/py_expr_lists.ql (1.5s).
Compiling query plan for /home/aadityanaik/relational-representation/python_codeql/python-edb-queries/whitelist-queries/py_numbers.ql.
Compiling query plan for /home/aadityanaik/relational-representation/python_codeql/python-edb-queries/whitelist-queries/py_exception_successors.ql.
Compiling query plan for /home/aadityanaik/relational-representation/python_codeql/python-edb-queries/whitelist-queries/py_Functions.ql.
Compiling query plan for /home/aadityanaik/relational-representation/python_codeql/python-edb-queries/whitelist-queries/variable.ql.
[15/41] Compiled /home/aadityanaik/relational-representation/python_codeql/python-edb-queries/whitelist-queries/py_parameter_lists.ql (1.7s).
Compiling query plan for /home/aadityanaik/relational-representation/python_codeql/python-edb-queries/whitelist-queries/py_ssa_phi.ql.
[16/41] Compiled /home/aadityanaik/relational-representation/python_codeql/python-edb-queries/whitelist-queries/py_Functions.ql (825ms).
[17/41] Compiled /home/aadityanaik/relational-representation/python_codeql/python-edb-queries/whitelist-queries/py_scope_flow.ql (942ms).
Compiling query plan for /home/aadityanaik/relational-representation/python_codeql/python-edb-queries/whitelist-queries/py_successors.ql.
[18/41] Compiled /home/aadityanaik/relational-representation/python_codeql/python-edb-queries/whitelist-queries/py_numbers.ql (919ms).
[19/41] Compiled /home/aadityanaik/relational-representation/python_codeql/python-edb-queries/whitelist-queries/py_ssa_phi.ql (844ms).
[20/41] Compiled /home/aadityanaik/relational-representation/python_codeql/python-edb-queries/whitelist-queries/py_scopes.ql (1.1s).
[21/41] Compiled /home/aadityanaik/relational-representation/python_codeql/python-edb-queries/whitelist-queries/variable.ql (885ms).
[22/41] Compiled /home/aadityanaik/relational-representation/python_codeql/python-edb-queries/whitelist-queries/py_ssa_use.ql (1.1s).
[23/41] Compiled /home/aadityanaik/relational-representation/python_codeql/python-edb-queries/whitelist-queries/py_exception_successors.ql (968ms).
Compiling query plan for /home/aadityanaik/relational-representation/python_codeql/python-edb-queries/whitelist-queries/py_ints.ql.
Compiling query plan for /home/aadityanaik/relational-representation/python_codeql/python-edb-queries/whitelist-queries/py_stmts.ql.
Compiling query plan for /home/aadityanaik/relational-representation/python_codeql/python-edb-queries/whitelist-queries/py_ssa_var.ql.
Compiling query plan for /home/aadityanaik/relational-representation/python_codeql/python-edb-queries/whitelist-queries/py_dict_items.ql.
Compiling query plan for /home/aadityanaik/relational-representation/python_codeql/python-edb-queries/whitelist-queries/py_unaryops.ql.
Compiling query plan for /home/aadityanaik/relational-representation/python_codeql/python-edb-queries/whitelist-queries/py_exprs.ql.
Compiling query plan for /home/aadityanaik/relational-representation/python_codeql/python-edb-queries/whitelist-queries/py_dict_item_lists.ql.
[24/41] Compiled /home/aadityanaik/relational-representation/python_codeql/python-edb-queries/whitelist-queries/py_successors.ql (671ms).
[25/41] Compiled /home/aadityanaik/relational-representation/python_codeql/python-edb-queries/whitelist-queries/py_ints.ql (577ms).
[26/41] Compiled /home/aadityanaik/relational-representation/python_codeql/python-edb-queries/whitelist-queries/py_stmts.ql (581ms).
[27/41] Compiled /home/aadityanaik/relational-representation/python_codeql/python-edb-queries/whitelist-queries/py_unaryops.ql (587ms).
[28/41] Compiled /home/aadityanaik/relational-representation/python_codeql/python-edb-queries/whitelist-queries/py_ssa_var.ql (589ms).
[29/41] Compiled /home/aadityanaik/relational-representation/python_codeql/python-edb-queries/whitelist-queries/py_dict_item_lists.ql (540ms).
[30/41] Compiled /home/aadityanaik/relational-representation/python_codeql/python-edb-queries/whitelist-queries/py_dict_items.ql (651ms).
[31/41] Compiled /home/aadityanaik/relational-representation/python_codeql/python-edb-queries/whitelist-queries/py_exprs.ql (599ms).
Compiling query plan for /home/aadityanaik/relational-representation/python_codeql/python-edb-queries/whitelist-queries/py_Modules.ql.
Compiling query plan for /home/aadityanaik/relational-representation/python_codeql/python-edb-queries/whitelist-queries/py_comprehension_lists.ql.
Compiling query plan for /home/aadityanaik/relational-representation/python_codeql/python-edb-queries/whitelist-queries/py_cmpop_lists.ql.
Compiling query plan for /home/aadityanaik/relational-representation/python_codeql/python-edb-queries/whitelist-queries/py_str_lists.ql.
Compiling query plan for /home/aadityanaik/relational-representation/python_codeql/python-edb-queries/whitelist-queries/py_flow_bb_node.ql.
Compiling query plan for /home/aadityanaik/relational-representation/python_codeql/python-edb-queries/whitelist-queries/py_variables.ql.
Compiling query plan for /home/aadityanaik/relational-representation/python_codeql/python-edb-queries/whitelist-queries/py_operators.ql.
Compiling query plan for /home/aadityanaik/relational-representation/python_codeql/python-edb-queries/whitelist-queries/py_bytes.ql.
[32/41] Compiled /home/aadityanaik/relational-representation/python_codeql/python-edb-queries/whitelist-queries/py_flow_bb_node.ql (728ms).
[33/41] Compiled /home/aadityanaik/relational-representation/python_codeql/python-edb-queries/whitelist-queries/py_cmpop_lists.ql (735ms).
[34/41] Compiled /home/aadityanaik/relational-representation/python_codeql/python-edb-queries/whitelist-queries/py_Modules.ql (744ms).
[35/41] Compiled /home/aadityanaik/relational-representation/python_codeql/python-edb-queries/whitelist-queries/py_comprehension_lists.ql (748ms).
[36/41] Compiled /home/aadityanaik/relational-representation/python_codeql/python-edb-queries/whitelist-queries/py_operators.ql (735ms).
Compiling query plan for /home/aadityanaik/relational-representation/python_codeql/python-edb-queries/whitelist-queries/py_scope_location.ql.
[37/41] Compiled /home/aadityanaik/relational-representation/python_codeql/python-edb-queries/whitelist-queries/py_bytes.ql (757ms).
[38/41] Compiled /home/aadityanaik/relational-representation/python_codeql/python-edb-queries/whitelist-queries/py_str_lists.ql (791ms).
Compiling query plan for /home/aadityanaik/relational-representation/python_codeql/python-edb-queries/whitelist-queries/py_strs.ql.
[39/41] Compiled /home/aadityanaik/relational-representation/python_codeql/python-edb-queries/whitelist-queries/py_variables.ql (899ms).
[40/41] Compiled /home/aadityanaik/relational-representation/python_codeql/python-edb-queries/whitelist-queries/py_scope_location.ql (610ms).
[41/41] Compiled /home/aadityanaik/relational-representation/python_codeql/python-edb-queries/whitelist-queries/py_strs.ql (701ms).
Starting evaluation of python-edb-queries/py_expr_contexts.ql.
Starting evaluation of python-edb-queries/local_variable.ql.
Starting evaluation of python-edb-queries/py_Classes.ql.
Starting evaluation of python-edb-queries/py_cmpops.ql.
Starting evaluation of python-edb-queries/py_ssa_defn.ql.
Starting evaluation of python-edb-queries/py_stmt_lists.ql.
Starting evaluation of python-edb-queries/py_comprehensions.ql.
Starting evaluation of python-edb-queries/py_idoms.ql.
[1/41] Evaluation done (3.5s); writing results to python-edb-queries/py_cmpops.bqrs.
[2/41] Evaluation done (4.8s); writing results to python-edb-queries/py_stmt_lists.bqrs.
[3/41] Evaluation done (5.1s); writing results to python-edb-queries/py_Classes.bqrs.
Starting evaluation of python-edb-queries/py_false_successors.ql.
[4/41] Evaluation done (5.1s); writing results to python-edb-queries/py_expr_contexts.bqrs.
Starting evaluation of python-edb-queries/locations_ast.ql.
Starting evaluation of python-edb-queries/py_true_successors.ql.
Starting evaluation of python-edb-queries/py_locations.ql.
[5/41] Evaluation done (5.2s); writing results to python-edb-queries/py_comprehensions.bqrs.
Starting evaluation of python-edb-queries/py_boolops.ql.
[6/41] Evaluation done (5.8s); writing results to python-edb-queries/local_variable.bqrs.
Starting evaluation of python-edb-queries/py_expr_lists.ql.
[7/41] Evaluation done (350ms); writing results to python-edb-queries/py_boolops.bqrs.
Starting evaluation of python-edb-queries/py_parameter_lists.ql.
[8/41] Evaluation done (398ms); writing results to python-edb-queries/py_expr_lists.bqrs.
[9/41] Evaluation done (957ms); writing results to python-edb-queries/py_locations.bqrs.
[10/41] Evaluation done (610ms); writing results to python-edb-queries/py_parameter_lists.bqrs.
Starting evaluation of python-edb-queries/py_Functions.ql.
Starting evaluation of python-edb-queries/py_scope_flow.ql.
Starting evaluation of python-edb-queries/py_numbers.ql.
[11/41] Evaluation done (1.7s); writing results to python-edb-queries/locations_ast.bqrs.
Starting evaluation of python-edb-queries/py_ssa_phi.ql.
[12/41] Evaluation done (386ms); writing results to python-edb-queries/py_Functions.bqrs.
Starting evaluation of python-edb-queries/py_scopes.ql.
[13/41] Evaluation done (599ms); writing results to python-edb-queries/py_numbers.bqrs.
Starting evaluation of python-edb-queries/variable.ql.
[14/41] Evaluation done (785ms); writing results to python-edb-queries/py_ssa_phi.bqrs.
Starting evaluation of python-edb-queries/py_ssa_use.ql.
[15/41] Evaluation done (640ms); writing results to python-edb-queries/py_scopes.bqrs.
Starting evaluation of python-edb-queries/py_exception_successors.ql.
[16/41] Evaluation done (711ms); writing results to python-edb-queries/variable.bqrs.
Starting evaluation of python-edb-queries/py_successors.ql.
[17/41] Evaluation done (10.8s); writing results to python-edb-queries/py_false_successors.bqrs.
Starting evaluation of python-edb-queries/py_ints.ql.
[18/41] Evaluation done (10.6s); writing results to python-edb-queries/py_true_successors.bqrs.
[19/41] Evaluation done (390ms); writing results to python-edb-queries/py_ints.bqrs.
Starting evaluation of python-edb-queries/py_stmts.ql.
Starting evaluation of python-edb-queries/py_unaryops.ql.
[20/41] Evaluation done (10.6s); writing results to python-edb-queries/py_exception_successors.bqrs.
Starting evaluation of python-edb-queries/py_ssa_var.ql.
Starting evaluation of python-edb-queries/py_dict_item_lists.ql.
Starting evaluation of python-edb-queries/py_dict_items.ql.
Starting evaluation of python-edb-queries/py_exprs.ql.
[21/41] Evaluation done (77ms); writing results to python-edb-queries/py_ssa_var.bqrs.
Starting evaluation of python-edb-queries/py_flow_bb_node.ql.
[22/41] Evaluation done (996ms); writing results to python-edb-queries/py_stmts.bqrs.
[23/41] Evaluation done (616ms); writing results to python-edb-queries/py_dict_item_lists.bqrs.
Starting evaluation of python-edb-queries/py_cmpop_lists.ql.
[24/41] Evaluation done (627ms); writing results to python-edb-queries/py_dict_items.bqrs.
Starting evaluation of python-edb-queries/py_Modules.ql.
Starting evaluation of python-edb-queries/py_comprehension_lists.ql.
[25/41] Evaluation done (859ms); writing results to python-edb-queries/py_exprs.bqrs.
[26/41] Evaluation done (249ms); writing results to python-edb-queries/py_cmpop_lists.bqrs.
Starting evaluation of python-edb-queries/py_operators.ql.
Starting evaluation of python-edb-queries/py_bytes.ql.
[27/41] Evaluation done (119ms); writing results to python-edb-queries/py_comprehension_lists.bqrs.
Starting evaluation of python-edb-queries/py_str_lists.ql.
[28/41] Evaluation done (186ms); writing results to python-edb-queries/py_str_lists.bqrs.
[29/41] Evaluation done (1.3s); writing results to python-edb-queries/py_unaryops.bqrs.
[30/41] Evaluation done (19.5s); writing results to python-edb-queries/py_ssa_defn.bqrs.
Starting evaluation of python-edb-queries/py_variables.ql.
[31/41] Evaluation done (11.9s); writing results to python-edb-queries/py_ssa_use.bqrs.
Starting evaluation of python-edb-queries/py_scope_location.ql.
[32/41] Evaluation done (665ms); writing results to python-edb-queries/py_bytes.bqrs.
[33/41] Evaluation done (726ms); writing results to python-edb-queries/py_Modules.bqrs.
[34/41] Evaluation done (671ms); writing results to python-edb-queries/py_operators.bqrs.
[35/41] Evaluation done (13.2s); writing results to python-edb-queries/py_scope_flow.bqrs.
Starting evaluation of python-edb-queries/py_strs.ql.
[36/41] Evaluation done (373ms); writing results to python-edb-queries/py_scope_location.bqrs.
[37/41] Evaluation done (690ms); writing results to python-edb-queries/py_variables.bqrs.
[38/41] Evaluation done (508ms); writing results to python-edb-queries/py_strs.bqrs.
[39/41] Evaluation done (12.4s); writing results to python-edb-queries/py_successors.bqrs.
[40/41] Evaluation done (20.4s); writing results to python-edb-queries/py_idoms.bqrs.
[41/41] Evaluation done (9.6s); writing results to python-edb-queries/py_flow_bb_node.bqrs.
Shutting down query evaluator.
