Compiling query plan for /home/aadityanaik/relational-representation/python_codeql/python-edb-queries/edb-queries/py_expr_contexts.ql.
[1/40] Compiled /home/aadityanaik/relational-representation/python_codeql/python-edb-queries/edb-queries/py_expr_contexts.ql (1.8s).
Compiling query plan for /home/aadityanaik/relational-representation/python_codeql/python-edb-queries/edb-queries/py_cmpops.ql.
Compiling query plan for /home/aadityanaik/relational-representation/python_codeql/python-edb-queries/edb-queries/py_Classes.ql.
[2/40] Compiled /home/aadityanaik/relational-representation/python_codeql/python-edb-queries/edb-queries/py_Classes.ql (732ms).
Compiling query plan for /home/aadityanaik/relational-representation/python_codeql/python-edb-queries/edb-queries/py_ssa_defn.ql.
[3/40] Compiled /home/aadityanaik/relational-representation/python_codeql/python-edb-queries/edb-queries/py_cmpops.ql (873ms).
Compiling query plan for /home/aadityanaik/relational-representation/python_codeql/python-edb-queries/edb-queries/py_stmt_lists.ql.
Compiling query plan for /home/aadityanaik/relational-representation/python_codeql/python-edb-queries/edb-queries/py_comprehensions.ql.
Compiling query plan for /home/aadityanaik/relational-representation/python_codeql/python-edb-queries/edb-queries/py_true_successors.ql.
[4/40] Compiled /home/aadityanaik/relational-representation/python_codeql/python-edb-queries/edb-queries/py_stmt_lists.ql (572ms).
Compiling query plan for /home/aadityanaik/relational-representation/python_codeql/python-edb-queries/edb-queries/locations_ast.ql.
Compiling query plan for /home/aadityanaik/relational-representation/python_codeql/python-edb-queries/edb-queries/py_false_successors.ql.
[5/40] Compiled /home/aadityanaik/relational-representation/python_codeql/python-edb-queries/edb-queries/py_ssa_defn.ql (881ms).
[6/40] Compiled /home/aadityanaik/relational-representation/python_codeql/python-edb-queries/edb-queries/py_comprehensions.ql (727ms).
[7/40] Compiled /home/aadityanaik/relational-representation/python_codeql/python-edb-queries/edb-queries/py_true_successors.ql (725ms).
Compiling query plan for /home/aadityanaik/relational-representation/python_codeql/python-edb-queries/edb-queries/py_idoms.ql.
Compiling query plan for /home/aadityanaik/relational-representation/python_codeql/python-edb-queries/edb-queries/py_parameter_lists.ql.
Compiling query plan for /home/aadityanaik/relational-representation/python_codeql/python-edb-queries/edb-queries/py_expr_lists.ql.
Compiling query plan for /home/aadityanaik/relational-representation/python_codeql/python-edb-queries/edb-queries/py_boolops.ql.
Compiling query plan for /home/aadityanaik/relational-representation/python_codeql/python-edb-queries/edb-queries/py_locations.ql.
Compiling query plan for /home/aadityanaik/relational-representation/python_codeql/python-edb-queries/edb-queries/py_scopes.ql.
[8/40] Compiled /home/aadityanaik/relational-representation/python_codeql/python-edb-queries/edb-queries/locations_ast.ql (690ms).
Compiling query plan for /home/aadityanaik/relational-representation/python_codeql/python-edb-queries/edb-queries/py_ssa_use.ql.
[9/40] Compiled /home/aadityanaik/relational-representation/python_codeql/python-edb-queries/edb-queries/py_expr_lists.ql (667ms).
[10/40] Compiled /home/aadityanaik/relational-representation/python_codeql/python-edb-queries/edb-queries/py_boolops.ql (619ms).
Compiling query plan for /home/aadityanaik/relational-representation/python_codeql/python-edb-queries/edb-queries/py_scope_flow.ql.
[11/40] Compiled /home/aadityanaik/relational-representation/python_codeql/python-edb-queries/edb-queries/py_parameter_lists.ql (723ms).
Compiling query plan for /home/aadityanaik/relational-representation/python_codeql/python-edb-queries/edb-queries/variable.ql.
[12/40] Compiled /home/aadityanaik/relational-representation/python_codeql/python-edb-queries/edb-queries/py_false_successors.ql (864ms).
Compiling query plan for /home/aadityanaik/relational-representation/python_codeql/python-edb-queries/edb-queries/py_exception_successors.ql.
Compiling query plan for /home/aadityanaik/relational-representation/python_codeql/python-edb-queries/edb-queries/py_numbers.ql.
[13/40] Compiled /home/aadityanaik/relational-representation/python_codeql/python-edb-queries/edb-queries/py_idoms.ql (861ms).
[14/40] Compiled /home/aadityanaik/relational-representation/python_codeql/python-edb-queries/edb-queries/py_locations.ql (752ms).
[15/40] Compiled /home/aadityanaik/relational-representation/python_codeql/python-edb-queries/edb-queries/py_scopes.ql (681ms).
Compiling query plan for /home/aadityanaik/relational-representation/python_codeql/python-edb-queries/edb-queries/py_ssa_phi.ql.
Compiling query plan for /home/aadityanaik/relational-representation/python_codeql/python-edb-queries/edb-queries/py_successors.ql.
Compiling query plan for /home/aadityanaik/relational-representation/python_codeql/python-edb-queries/edb-queries/py_Functions.ql.
[16/40] Compiled /home/aadityanaik/relational-representation/python_codeql/python-edb-queries/edb-queries/py_ssa_use.ql (527ms).
Compiling query plan for /home/aadityanaik/relational-representation/python_codeql/python-edb-queries/edb-queries/py_unaryops.ql.
[17/40] Compiled /home/aadityanaik/relational-representation/python_codeql/python-edb-queries/edb-queries/py_scope_flow.ql (482ms).
[18/40] Compiled /home/aadityanaik/relational-representation/python_codeql/python-edb-queries/edb-queries/variable.ql (434ms).
Compiling query plan for /home/aadityanaik/relational-representation/python_codeql/python-edb-queries/edb-queries/py_dict_items.ql.
Compiling query plan for /home/aadityanaik/relational-representation/python_codeql/python-edb-queries/edb-queries/py_stmts.ql.
[19/40] Compiled /home/aadityanaik/relational-representation/python_codeql/python-edb-queries/edb-queries/py_exception_successors.ql (516ms).
[20/40] Compiled /home/aadityanaik/relational-representation/python_codeql/python-edb-queries/edb-queries/py_numbers.ql (515ms).
[21/40] Compiled /home/aadityanaik/relational-representation/python_codeql/python-edb-queries/edb-queries/py_successors.ql (287ms).
Compiling query plan for /home/aadityanaik/relational-representation/python_codeql/python-edb-queries/edb-queries/py_ints.ql.
Compiling query plan for /home/aadityanaik/relational-representation/python_codeql/python-edb-queries/edb-queries/py_ssa_var.ql.
Compiling query plan for /home/aadityanaik/relational-representation/python_codeql/python-edb-queries/edb-queries/py_dict_item_lists.ql.
[22/40] Compiled /home/aadityanaik/relational-representation/python_codeql/python-edb-queries/edb-queries/py_ssa_phi.ql (442ms).
Compiling query plan for /home/aadityanaik/relational-representation/python_codeql/python-edb-queries/edb-queries/py_exprs.ql.
[23/40] Compiled /home/aadityanaik/relational-representation/python_codeql/python-edb-queries/edb-queries/py_Functions.ql (533ms).
[24/40] Compiled /home/aadityanaik/relational-representation/python_codeql/python-edb-queries/edb-queries/py_stmts.ql (408ms).
Compiling query plan for /home/aadityanaik/relational-representation/python_codeql/python-edb-queries/edb-queries/py_operators.ql.
[25/40] Compiled /home/aadityanaik/relational-representation/python_codeql/python-edb-queries/edb-queries/py_dict_items.ql (459ms).
Compiling query plan for /home/aadityanaik/relational-representation/python_codeql/python-edb-queries/edb-queries/py_cmpop_lists.ql.
[26/40] Compiled /home/aadityanaik/relational-representation/python_codeql/python-edb-queries/edb-queries/py_unaryops.ql (575ms).
Compiling query plan for /home/aadityanaik/relational-representation/python_codeql/python-edb-queries/edb-queries/py_Modules.ql.
Compiling query plan for /home/aadityanaik/relational-representation/python_codeql/python-edb-queries/edb-queries/py_str_lists.ql.
[27/40] Compiled /home/aadityanaik/relational-representation/python_codeql/python-edb-queries/edb-queries/py_ints.ql (553ms).
Compiling query plan for /home/aadityanaik/relational-representation/python_codeql/python-edb-queries/edb-queries/py_bytes.ql.
[28/40] Compiled /home/aadityanaik/relational-representation/python_codeql/python-edb-queries/edb-queries/py_dict_item_lists.ql (652ms).
[29/40] Compiled /home/aadityanaik/relational-representation/python_codeql/python-edb-queries/edb-queries/py_ssa_var.ql (692ms).
[30/40] Compiled /home/aadityanaik/relational-representation/python_codeql/python-edb-queries/edb-queries/py_exprs.ql (590ms).
Compiling query plan for /home/aadityanaik/relational-representation/python_codeql/python-edb-queries/edb-queries/py_variables.ql.
Compiling query plan for /home/aadityanaik/relational-representation/python_codeql/python-edb-queries/edb-queries/py_comprehension_lists.ql.
Compiling query plan for /home/aadityanaik/relational-representation/python_codeql/python-edb-queries/edb-queries/py_flow_bb_node.ql.
[31/40] Compiled /home/aadityanaik/relational-representation/python_codeql/python-edb-queries/edb-queries/py_operators.ql (554ms).
Compiling query plan for /home/aadityanaik/relational-representation/python_codeql/python-edb-queries/edb-queries/py_strs.ql.
[32/40] Compiled /home/aadityanaik/relational-representation/python_codeql/python-edb-queries/edb-queries/py_cmpop_lists.ql (647ms).
Compiling query plan for /home/aadityanaik/relational-representation/python_codeql/python-edb-queries/edb-queries/py_scope_location.ql.
[33/40] Compiled /home/aadityanaik/relational-representation/python_codeql/python-edb-queries/edb-queries/py_Modules.ql (643ms).
[34/40] Compiled /home/aadityanaik/relational-representation/python_codeql/python-edb-queries/edb-queries/py_str_lists.ql (617ms).
[35/40] Compiled /home/aadityanaik/relational-representation/python_codeql/python-edb-queries/edb-queries/py_bytes.ql (1s).
[36/40] Compiled /home/aadityanaik/relational-representation/python_codeql/python-edb-queries/edb-queries/py_flow_bb_node.ql (909ms).
[37/40] Compiled /home/aadityanaik/relational-representation/python_codeql/python-edb-queries/edb-queries/py_comprehension_lists.ql (921ms).
[38/40] Compiled /home/aadityanaik/relational-representation/python_codeql/python-edb-queries/edb-queries/py_strs.ql (823ms).
[39/40] Compiled /home/aadityanaik/relational-representation/python_codeql/python-edb-queries/edb-queries/py_variables.ql (950ms).
[40/40] Compiled /home/aadityanaik/relational-representation/python_codeql/python-edb-queries/edb-queries/py_scope_location.ql (701ms).
Starting evaluation of python-edb-queries/py_expr_contexts.ql.
Starting evaluation of python-edb-queries/py_stmt_lists.ql.
Starting evaluation of python-edb-queries/py_comprehensions.ql.
Starting evaluation of python-edb-queries/py_cmpops.ql.
Starting evaluation of python-edb-queries/py_Classes.ql.
Starting evaluation of python-edb-queries/py_true_successors.ql.
Starting evaluation of python-edb-queries/py_ssa_defn.ql.
Starting evaluation of python-edb-queries/locations_ast.ql.
[1/40] Evaluation done (1.5s); writing results to python-edb-queries/py_comprehensions.bqrs.
[2/40] Evaluation done (1.7s); writing results to python-edb-queries/py_expr_contexts.bqrs.
[3/40] Evaluation done (2.1s); writing results to python-edb-queries/py_stmt_lists.bqrs.
Starting evaluation of python-edb-queries/py_expr_lists.ql.
[4/40] Evaluation done (2.1s); writing results to python-edb-queries/py_Classes.bqrs.
Starting evaluation of python-edb-queries/py_boolops.ql.
[5/40] Evaluation done (2.1s); writing results to python-edb-queries/py_cmpops.bqrs.
Starting evaluation of python-edb-queries/py_parameter_lists.ql.
Starting evaluation of python-edb-queries/py_false_successors.ql.
Starting evaluation of python-edb-queries/py_idoms.ql.
[6/40] Evaluation done (278ms); writing results to python-edb-queries/py_boolops.bqrs.
Starting evaluation of python-edb-queries/py_locations.ql.
[7/40] Evaluation done (331ms); writing results to python-edb-queries/py_parameter_lists.bqrs.
[8/40] Evaluation done (414ms); writing results to python-edb-queries/py_expr_lists.bqrs.
Starting evaluation of python-edb-queries/py_scopes.ql.
Starting evaluation of python-edb-queries/py_ssa_use.ql.
[9/40] Evaluation done (185ms); writing results to python-edb-queries/py_locations.bqrs.
[10/40] Evaluation done (2.7s); writing results to python-edb-queries/locations_ast.bqrs.
Starting evaluation of python-edb-queries/py_scope_flow.ql.
Starting evaluation of python-edb-queries/variable.ql.
[11/40] Evaluation done (505ms); writing results to python-edb-queries/py_scopes.bqrs.
Starting evaluation of python-edb-queries/py_exception_successors.ql.
[12/40] Evaluation done (669ms); writing results to python-edb-queries/variable.bqrs.
Starting evaluation of python-edb-queries/py_numbers.ql.
[13/40] Evaluation done (307ms); writing results to python-edb-queries/py_numbers.bqrs.
Starting evaluation of python-edb-queries/py_successors.ql.
[14/40] Evaluation done (6s); writing results to python-edb-queries/py_true_successors.bqrs.
[15/40] Evaluation done (4.5s); writing results to python-edb-queries/py_false_successors.bqrs.
Starting evaluation of python-edb-queries/py_ssa_phi.ql.
Starting evaluation of python-edb-queries/py_Functions.ql.
[16/40] Evaluation done (39ms); writing results to python-edb-queries/py_ssa_phi.bqrs.
Starting evaluation of python-edb-queries/py_stmts.ql.
Starting evaluation of python-edb-queries/py_dict_items.ql.
[17/40] Evaluation done (165ms); writing results to python-edb-queries/py_Functions.bqrs.
Starting evaluation of python-edb-queries/py_unaryops.ql.
[18/40] Evaluation done (148ms); writing results to python-edb-queries/py_stmts.bqrs.
Starting evaluation of python-edb-queries/py_ints.ql.
[19/40] Evaluation done (4.3s); writing results to python-edb-queries/py_exception_successors.bqrs.
[20/40] Evaluation done (141ms); writing results to python-edb-queries/py_unaryops.bqrs.
Starting evaluation of python-edb-queries/py_dict_item_lists.ql.
Starting evaluation of python-edb-queries/py_ssa_var.ql.
[21/40] Evaluation done (187ms); writing results to python-edb-queries/py_dict_items.bqrs.
Starting evaluation of python-edb-queries/py_exprs.ql.
[22/40] Evaluation done (17ms); writing results to python-edb-queries/py_dict_item_lists.bqrs.
Starting evaluation of python-edb-queries/py_operators.ql.
[23/40] Evaluation done (214ms); writing results to python-edb-queries/py_ints.bqrs.
Starting evaluation of python-edb-queries/py_cmpop_lists.ql.
Starting evaluation of python-edb-queries/py_Modules.ql.
[24/40] Evaluation done (314ms); writing results to python-edb-queries/py_ssa_var.bqrs.
Starting evaluation of python-edb-queries/py_str_lists.ql.
[25/40] Evaluation done (315ms); writing results to python-edb-queries/py_operators.bqrs.
Starting evaluation of python-edb-queries/py_bytes.ql.
Starting evaluation of python-edb-queries/py_flow_bb_node.ql.
[26/40] Evaluation done (75ms); writing results to python-edb-queries/py_cmpop_lists.bqrs.
Starting evaluation of python-edb-queries/py_comprehension_lists.ql.
Starting evaluation of python-edb-queries/py_strs.ql.
[27/40] Evaluation done (587ms); writing results to python-edb-queries/py_exprs.bqrs.
Starting evaluation of python-edb-queries/py_variables.ql.
[28/40] Evaluation done (105ms); writing results to python-edb-queries/py_variables.bqrs.
[29/40] Evaluation done (405ms); writing results to python-edb-queries/py_Modules.bqrs.
[30/40] Evaluation done (419ms); writing results to python-edb-queries/py_bytes.bqrs.
[31/40] Evaluation done (388ms); writing results to python-edb-queries/py_strs.bqrs.
[32/40] Evaluation done (8.2s); writing results to python-edb-queries/py_ssa_defn.bqrs.
[33/40] Evaluation done (518ms); writing results to python-edb-queries/py_str_lists.bqrs.
Starting evaluation of python-edb-queries/py_scope_location.ql.
[34/40] Evaluation done (5.5s); writing results to python-edb-queries/py_scope_flow.bqrs.
[35/40] Evaluation done (481ms); writing results to python-edb-queries/py_comprehension_lists.bqrs.
[36/40] Evaluation done (5.8s); writing results to python-edb-queries/py_ssa_use.bqrs.
[37/40] Evaluation done (181ms); writing results to python-edb-queries/py_scope_location.bqrs.
[38/40] Evaluation done (6.1s); writing results to python-edb-queries/py_idoms.bqrs.
[39/40] Evaluation done (4.8s); writing results to python-edb-queries/py_successors.bqrs.
[40/40] Evaluation done (5.9s); writing results to python-edb-queries/py_flow_bb_node.bqrs.
Shutting down query evaluator.
