Compiling query plan for /home/aadityanaik/relational-representation/python_codeql/python-edb-queries/whitelist-queries/py_expr_contexts.ql.
[1/41] Compiled /home/aadityanaik/relational-representation/python_codeql/python-edb-queries/whitelist-queries/py_expr_contexts.ql (5.8s).
Compiling query plan for /home/aadityanaik/relational-representation/python_codeql/python-edb-queries/whitelist-queries/local_variable.ql.
Compiling query plan for /home/aadityanaik/relational-representation/python_codeql/python-edb-queries/whitelist-queries/py_Classes.ql.
[2/41] Compiled /home/aadityanaik/relational-representation/python_codeql/python-edb-queries/whitelist-queries/local_variable.ql (2.9s).
[3/41] Compiled /home/aadityanaik/relational-representation/python_codeql/python-edb-queries/whitelist-queries/py_Classes.ql (2.8s).
Compiling query plan for /home/aadityanaik/relational-representation/python_codeql/python-edb-queries/whitelist-queries/py_cmpops.ql.
Compiling query plan for /home/aadityanaik/relational-representation/python_codeql/python-edb-queries/whitelist-queries/py_ssa_defn.ql.
Compiling query plan for /home/aadityanaik/relational-representation/python_codeql/python-edb-queries/whitelist-queries/py_stmt_lists.ql.
Compiling query plan for /home/aadityanaik/relational-representation/python_codeql/python-edb-queries/whitelist-queries/py_comprehensions.ql.
[4/41] Compiled /home/aadityanaik/relational-representation/python_codeql/python-edb-queries/whitelist-queries/py_stmt_lists.ql (2s).
Compiling query plan for /home/aadityanaik/relational-representation/python_codeql/python-edb-queries/whitelist-queries/py_false_successors.ql.
Compiling query plan for /home/aadityanaik/relational-representation/python_codeql/python-edb-queries/whitelist-queries/py_true_successors.ql.
[5/41] Compiled /home/aadityanaik/relational-representation/python_codeql/python-edb-queries/whitelist-queries/py_cmpops.ql (2.3s).
[6/41] Compiled /home/aadityanaik/relational-representation/python_codeql/python-edb-queries/whitelist-queries/py_ssa_defn.ql (2.3s).
Compiling query plan for /home/aadityanaik/relational-representation/python_codeql/python-edb-queries/whitelist-queries/py_idoms.ql.
[7/41] Compiled /home/aadityanaik/relational-representation/python_codeql/python-edb-queries/whitelist-queries/py_comprehensions.ql (2.3s).
Compiling query plan for /home/aadityanaik/relational-representation/python_codeql/python-edb-queries/whitelist-queries/locations_ast.ql.
Compiling query plan for /home/aadityanaik/relational-representation/python_codeql/python-edb-queries/whitelist-queries/py_locations.ql.
Compiling query plan for /home/aadityanaik/relational-representation/python_codeql/python-edb-queries/whitelist-queries/py_expr_lists.ql.
Compiling query plan for /home/aadityanaik/relational-representation/python_codeql/python-edb-queries/whitelist-queries/py_boolops.ql.
Compiling query plan for /home/aadityanaik/relational-representation/python_codeql/python-edb-queries/whitelist-queries/py_parameter_lists.ql.
[8/41] Compiled /home/aadityanaik/relational-representation/python_codeql/python-edb-queries/whitelist-queries/py_false_successors.ql (2.1s).
[9/41] Compiled /home/aadityanaik/relational-representation/python_codeql/python-edb-queries/whitelist-queries/py_locations.ql (1.9s).
[10/41] Compiled /home/aadityanaik/relational-representation/python_codeql/python-edb-queries/whitelist-queries/locations_ast.ql (1.9s).
Compiling query plan for /home/aadityanaik/relational-representation/python_codeql/python-edb-queries/whitelist-queries/py_scope_flow.ql.
Compiling query plan for /home/aadityanaik/relational-representation/python_codeql/python-edb-queries/whitelist-queries/py_ssa_use.ql.
Compiling query plan for /home/aadityanaik/relational-representation/python_codeql/python-edb-queries/whitelist-queries/py_scopes.ql.
[11/41] Compiled /home/aadityanaik/relational-representation/python_codeql/python-edb-queries/whitelist-queries/py_true_successors.ql (2.3s).
[12/41] Compiled /home/aadityanaik/relational-representation/python_codeql/python-edb-queries/whitelist-queries/py_expr_lists.ql (1.8s).
[13/41] Compiled /home/aadityanaik/relational-representation/python_codeql/python-edb-queries/whitelist-queries/py_boolops.ql (1.8s).
Compiling query plan for /home/aadityanaik/relational-representation/python_codeql/python-edb-queries/whitelist-queries/py_numbers.ql.
Compiling query plan for /home/aadityanaik/relational-representation/python_codeql/python-edb-queries/whitelist-queries/variable.ql.
Compiling query plan for /home/aadityanaik/relational-representation/python_codeql/python-edb-queries/whitelist-queries/py_exception_successors.ql.
[14/41] Compiled /home/aadityanaik/relational-representation/python_codeql/python-edb-queries/whitelist-queries/py_idoms.ql (2.6s).
[15/41] Compiled /home/aadityanaik/relational-representation/python_codeql/python-edb-queries/whitelist-queries/py_parameter_lists.ql (2.2s).
Compiling query plan for /home/aadityanaik/relational-representation/python_codeql/python-edb-queries/whitelist-queries/py_Functions.ql.
Compiling query plan for /home/aadityanaik/relational-representation/python_codeql/python-edb-queries/whitelist-queries/py_ssa_phi.ql.
[16/41] Compiled /home/aadityanaik/relational-representation/python_codeql/python-edb-queries/whitelist-queries/py_scopes.ql (1.8s).
[17/41] Compiled /home/aadityanaik/relational-representation/python_codeql/python-edb-queries/whitelist-queries/py_numbers.ql (1.7s).
[18/41] Compiled /home/aadityanaik/relational-representation/python_codeql/python-edb-queries/whitelist-queries/py_ssa_use.ql (1.8s).
[19/41] Compiled /home/aadityanaik/relational-representation/python_codeql/python-edb-queries/whitelist-queries/py_scope_flow.ql (2.1s).
[20/41] Compiled /home/aadityanaik/relational-representation/python_codeql/python-edb-queries/whitelist-queries/variable.ql (1.8s).
Compiling query plan for /home/aadityanaik/relational-representation/python_codeql/python-edb-queries/whitelist-queries/py_successors.ql.
Compiling query plan for /home/aadityanaik/relational-representation/python_codeql/python-edb-queries/whitelist-queries/py_stmts.ql.
Compiling query plan for /home/aadityanaik/relational-representation/python_codeql/python-edb-queries/whitelist-queries/py_ints.ql.
Compiling query plan for /home/aadityanaik/relational-representation/python_codeql/python-edb-queries/whitelist-queries/py_dict_items.ql.
Compiling query plan for /home/aadityanaik/relational-representation/python_codeql/python-edb-queries/whitelist-queries/py_unaryops.ql.
[21/41] Compiled /home/aadityanaik/relational-representation/python_codeql/python-edb-queries/whitelist-queries/py_exception_successors.ql (1.7s).
Compiling query plan for /home/aadityanaik/relational-representation/python_codeql/python-edb-queries/whitelist-queries/py_ssa_var.ql.
[22/41] Compiled /home/aadityanaik/relational-representation/python_codeql/python-edb-queries/whitelist-queries/py_ssa_phi.ql (1.6s).
Compiling query plan for /home/aadityanaik/relational-representation/python_codeql/python-edb-queries/whitelist-queries/py_dict_item_lists.ql.
[23/41] Compiled /home/aadityanaik/relational-representation/python_codeql/python-edb-queries/whitelist-queries/py_Functions.ql (1.9s).
Compiling query plan for /home/aadityanaik/relational-representation/python_codeql/python-edb-queries/whitelist-queries/py_exprs.ql.
[24/41] Compiled /home/aadityanaik/relational-representation/python_codeql/python-edb-queries/whitelist-queries/py_dict_items.ql (1.5s).
Compiling query plan for /home/aadityanaik/relational-representation/python_codeql/python-edb-queries/whitelist-queries/py_cmpop_lists.ql.
[25/41] Compiled /home/aadityanaik/relational-representation/python_codeql/python-edb-queries/whitelist-queries/py_stmts.ql (1.7s).
[26/41] Compiled /home/aadityanaik/relational-representation/python_codeql/python-edb-queries/whitelist-queries/py_unaryops.ql (1.7s).
Compiling query plan for /home/aadityanaik/relational-representation/python_codeql/python-edb-queries/whitelist-queries/py_Modules.ql.
[27/41] Compiled /home/aadityanaik/relational-representation/python_codeql/python-edb-queries/whitelist-queries/py_successors.ql (2s).
[28/41] Compiled /home/aadityanaik/relational-representation/python_codeql/python-edb-queries/whitelist-queries/py_ints.ql (1.9s).
Compiling query plan for /home/aadityanaik/relational-representation/python_codeql/python-edb-queries/whitelist-queries/py_operators.ql.
Compiling query plan for /home/aadityanaik/relational-representation/python_codeql/python-edb-queries/whitelist-queries/py_str_lists.ql.
Compiling query plan for /home/aadityanaik/relational-representation/python_codeql/python-edb-queries/whitelist-queries/py_bytes.ql.
[29/41] Compiled /home/aadityanaik/relational-representation/python_codeql/python-edb-queries/whitelist-queries/py_ssa_var.ql (1.9s).
Compiling query plan for /home/aadityanaik/relational-representation/python_codeql/python-edb-queries/whitelist-queries/py_comprehension_lists.ql.
[30/41] Compiled /home/aadityanaik/relational-representation/python_codeql/python-edb-queries/whitelist-queries/py_dict_item_lists.ql (2s).
[31/41] Compiled /home/aadityanaik/relational-representation/python_codeql/python-edb-queries/whitelist-queries/py_exprs.ql (2s).
Compiling query plan for /home/aadityanaik/relational-representation/python_codeql/python-edb-queries/whitelist-queries/py_variables.ql.
Compiling query plan for /home/aadityanaik/relational-representation/python_codeql/python-edb-queries/whitelist-queries/py_flow_bb_node.ql.
[32/41] Compiled /home/aadityanaik/relational-representation/python_codeql/python-edb-queries/whitelist-queries/py_Modules.ql (2.6s).
[33/41] Compiled /home/aadityanaik/relational-representation/python_codeql/python-edb-queries/whitelist-queries/py_cmpop_lists.ql (2.7s).
Compiling query plan for /home/aadityanaik/relational-representation/python_codeql/python-edb-queries/whitelist-queries/py_strs.ql.
[34/41] Compiled /home/aadityanaik/relational-representation/python_codeql/python-edb-queries/whitelist-queries/py_comprehension_lists.ql (2.4s).
[35/41] Compiled /home/aadityanaik/relational-representation/python_codeql/python-edb-queries/whitelist-queries/py_operators.ql (2.6s).
Compiling query plan for /home/aadityanaik/relational-representation/python_codeql/python-edb-queries/whitelist-queries/py_scope_location.ql.
[36/41] Compiled /home/aadityanaik/relational-representation/python_codeql/python-edb-queries/whitelist-queries/py_bytes.ql (2.6s).
[37/41] Compiled /home/aadityanaik/relational-representation/python_codeql/python-edb-queries/whitelist-queries/py_str_lists.ql (2.8s).
[38/41] Compiled /home/aadityanaik/relational-representation/python_codeql/python-edb-queries/whitelist-queries/py_variables.ql (2.9s).
[39/41] Compiled /home/aadityanaik/relational-representation/python_codeql/python-edb-queries/whitelist-queries/py_flow_bb_node.ql (3s).
[40/41] Compiled /home/aadityanaik/relational-representation/python_codeql/python-edb-queries/whitelist-queries/py_strs.ql (1.9s).
[41/41] Compiled /home/aadityanaik/relational-representation/python_codeql/python-edb-queries/whitelist-queries/py_scope_location.ql (2.2s).
Starting evaluation of python-edb-queries/py_expr_contexts.ql.
Starting evaluation of python-edb-queries/local_variable.ql.
Starting evaluation of python-edb-queries/py_Classes.ql.
Starting evaluation of python-edb-queries/py_stmt_lists.ql.
Starting evaluation of python-edb-queries/py_cmpops.ql.
Starting evaluation of python-edb-queries/py_ssa_defn.ql.
Starting evaluation of python-edb-queries/py_comprehensions.ql.
Starting evaluation of python-edb-queries/py_false_successors.ql.
[1/41] Evaluation done (3.4s); writing results to python-edb-queries/py_cmpops.bqrs.
[2/41] Evaluation done (4.1s); writing results to python-edb-queries/py_Classes.bqrs.
Starting evaluation of python-edb-queries/py_locations.ql.
[3/41] Evaluation done (4.7s); writing results to python-edb-queries/py_comprehensions.bqrs.
Starting evaluation of python-edb-queries/locations_ast.ql.
Starting evaluation of python-edb-queries/py_true_successors.ql.
[4/41] Evaluation done (5.2s); writing results to python-edb-queries/py_stmt_lists.bqrs.
[5/41] Evaluation done (5.2s); writing results to python-edb-queries/py_expr_contexts.bqrs.
[6/41] Evaluation done (5.4s); writing results to python-edb-queries/local_variable.bqrs.
Starting evaluation of python-edb-queries/py_expr_lists.ql.
Starting evaluation of python-edb-queries/py_boolops.ql.
Starting evaluation of python-edb-queries/py_idoms.ql.
[7/41] Evaluation done (951ms); writing results to python-edb-queries/py_locations.bqrs.
Starting evaluation of python-edb-queries/py_parameter_lists.ql.
[8/41] Evaluation done (363ms); writing results to python-edb-queries/py_boolops.bqrs.
[9/41] Evaluation done (493ms); writing results to python-edb-queries/py_expr_lists.bqrs.
Starting evaluation of python-edb-queries/py_scopes.ql.
Starting evaluation of python-edb-queries/py_numbers.ql.
[10/41] Evaluation done (1.5s); writing results to python-edb-queries/locations_ast.bqrs.
[11/41] Evaluation done (961ms); writing results to python-edb-queries/py_parameter_lists.bqrs.
Starting evaluation of python-edb-queries/py_ssa_use.ql.
Starting evaluation of python-edb-queries/py_scope_flow.ql.
[12/41] Evaluation done (735ms); writing results to python-edb-queries/py_scopes.bqrs.
Starting evaluation of python-edb-queries/variable.ql.
[13/41] Evaluation done (756ms); writing results to python-edb-queries/py_numbers.bqrs.
Starting evaluation of python-edb-queries/py_exception_successors.ql.
[14/41] Evaluation done (614ms); writing results to python-edb-queries/variable.bqrs.
Starting evaluation of python-edb-queries/py_ssa_phi.ql.
[15/41] Evaluation done (598ms); writing results to python-edb-queries/py_ssa_phi.bqrs.
Starting evaluation of python-edb-queries/py_Functions.ql.
[16/41] Evaluation done (540ms); writing results to python-edb-queries/py_Functions.bqrs.
Starting evaluation of python-edb-queries/py_dict_items.ql.
[17/41] Evaluation done (135ms); writing results to python-edb-queries/py_dict_items.bqrs.
Starting evaluation of python-edb-queries/py_stmts.ql.
[18/41] Evaluation done (1s); writing results to python-edb-queries/py_stmts.bqrs.
Starting evaluation of python-edb-queries/py_unaryops.ql.
[19/41] Evaluation done (589ms); writing results to python-edb-queries/py_unaryops.bqrs.
Starting evaluation of python-edb-queries/py_successors.ql.
[20/41] Evaluation done (17.9s); writing results to python-edb-queries/py_false_successors.bqrs.
Starting evaluation of python-edb-queries/py_ints.ql.
[21/41] Evaluation done (316ms); writing results to python-edb-queries/py_ints.bqrs.
[22/41] Evaluation done (13.6s); writing results to python-edb-queries/py_true_successors.bqrs.
Starting evaluation of python-edb-queries/py_ssa_var.ql.
Starting evaluation of python-edb-queries/py_dict_item_lists.ql.
[23/41] Evaluation done (294ms); writing results to python-edb-queries/py_dict_item_lists.bqrs.
Starting evaluation of python-edb-queries/py_exprs.ql.
[24/41] Evaluation done (473ms); writing results to python-edb-queries/py_ssa_var.bqrs.
Starting evaluation of python-edb-queries/py_Modules.ql.
[25/41] Evaluation done (1s); writing results to python-edb-queries/py_exprs.bqrs.
Starting evaluation of python-edb-queries/py_cmpop_lists.ql.
Starting evaluation of python-edb-queries/py_comprehension_lists.ql.
[26/41] Evaluation done (1.2s); writing results to python-edb-queries/py_Modules.bqrs.
Starting evaluation of python-edb-queries/py_operators.ql.
Starting evaluation of python-edb-queries/py_bytes.ql.
[27/41] Evaluation done (36ms); writing results to python-edb-queries/py_bytes.bqrs.
Starting evaluation of python-edb-queries/py_str_lists.ql.
[28/41] Evaluation done (259ms); writing results to python-edb-queries/py_cmpop_lists.bqrs.
[29/41] Evaluation done (97ms); writing results to python-edb-queries/py_str_lists.bqrs.
[30/41] Evaluation done (207ms); writing results to python-edb-queries/py_operators.bqrs.
[31/41] Evaluation done (472ms); writing results to python-edb-queries/py_comprehension_lists.bqrs.
[32/41] Evaluation done (14.5s); writing results to python-edb-queries/py_exception_successors.bqrs.
Starting evaluation of python-edb-queries/py_variables.ql.
[33/41] Evaluation done (14.8s); writing results to python-edb-queries/py_ssa_use.bqrs.
Starting evaluation of python-edb-queries/py_flow_bb_node.ql.
Starting evaluation of python-edb-queries/py_strs.ql.
[34/41] Evaluation done (21.4s); writing results to python-edb-queries/py_ssa_defn.bqrs.
Starting evaluation of python-edb-queries/py_scope_location.ql.
[35/41] Evaluation done (14.9s); writing results to python-edb-queries/py_scope_flow.bqrs.
[36/41] Evaluation done (149ms); writing results to python-edb-queries/py_variables.bqrs.
[37/41] Evaluation done (16s); writing results to python-edb-queries/py_idoms.bqrs.
[38/41] Evaluation done (176ms); writing results to python-edb-queries/py_strs.bqrs.
[39/41] Evaluation done (191ms); writing results to python-edb-queries/py_scope_location.bqrs.
[40/41] Evaluation done (12.9s); writing results to python-edb-queries/py_successors.bqrs.
[41/41] Evaluation done (9.4s); writing results to python-edb-queries/py_flow_bb_node.bqrs.
Shutting down query evaluator.
